ARM GAS  C:\Users\allu9\AppData\Local\Temp\ccXaUxlj.s 			page 1


   1              		.syntax unified
   2              		.cpu cortex-m3
   3              		.fpu softvfp
   4              		.eabi_attribute 20, 1
   5              		.eabi_attribute 21, 1
   6              		.eabi_attribute 23, 3
   7              		.eabi_attribute 24, 1
   8              		.eabi_attribute 25, 1
   9              		.eabi_attribute 26, 1
  10              		.eabi_attribute 30, 1
  11              		.eabi_attribute 34, 1
  12              		.eabi_attribute 18, 4
  13              		.thumb
  14              		.file	"Motor.c"
  15              		.text
  16              	.Ltext0:
  17              		.cfi_sections	.debug_frame
  18              		.section	.text.motor_start,"ax",%progbits
  19              		.align	2
  20              		.global	motor_start
  21              		.thumb
  22              		.thumb_func
  23              		.type	motor_start, %function
  24              	motor_start:
  25              	.LFB63:
  26              		.file 1 "ZumoLibrary\\Motor.c"
   1:ZumoLibrary/Motor.c **** /**
   2:ZumoLibrary/Motor.c ****  * @file    Motor.c
   3:ZumoLibrary/Motor.c ****  * @brief   Basic methods for operating motor sensor. For more details, please refer to Motor.h fil
   4:ZumoLibrary/Motor.c ****  * @details included in Zumo shield
   5:ZumoLibrary/Motor.c **** */
   6:ZumoLibrary/Motor.c **** #include "Motor.h"
   7:ZumoLibrary/Motor.c **** 
   8:ZumoLibrary/Motor.c **** 
   9:ZumoLibrary/Motor.c **** /**
  10:ZumoLibrary/Motor.c **** * @brief    Starting motor sensors
  11:ZumoLibrary/Motor.c **** * @details  
  12:ZumoLibrary/Motor.c **** */
  13:ZumoLibrary/Motor.c **** void motor_start()
  14:ZumoLibrary/Motor.c **** {
  27              		.loc 1 14 0
  28              		.cfi_startproc
  29              		@ args = 0, pretend = 0, frame = 0
  30              		@ frame_needed = 0, uses_anonymous_args = 0
  31 0000 08B5     		push	{r3, lr}
  32              		.cfi_def_cfa_offset 8
  33              		.cfi_offset 3, -8
  34              		.cfi_offset 14, -4
  15:ZumoLibrary/Motor.c ****     PWM_Start();
  35              		.loc 1 15 0
  36 0002 FFF7FEFF 		bl	PWM_Start
  37              	.LVL0:
  38 0006 08BD     		pop	{r3, pc}
  39              		.cfi_endproc
  40              	.LFE63:
  41              		.size	motor_start, .-motor_start
  42              		.section	.text.motor_stop,"ax",%progbits
ARM GAS  C:\Users\allu9\AppData\Local\Temp\ccXaUxlj.s 			page 2


  43              		.align	2
  44              		.global	motor_stop
  45              		.thumb
  46              		.thumb_func
  47              		.type	motor_stop, %function
  48              	motor_stop:
  49              	.LFB64:
  16:ZumoLibrary/Motor.c **** }
  17:ZumoLibrary/Motor.c **** 
  18:ZumoLibrary/Motor.c **** 
  19:ZumoLibrary/Motor.c **** /**
  20:ZumoLibrary/Motor.c **** * @brief    Stopping motor sensors
  21:ZumoLibrary/Motor.c **** * @details
  22:ZumoLibrary/Motor.c **** */
  23:ZumoLibrary/Motor.c **** void motor_stop()
  24:ZumoLibrary/Motor.c **** {
  50              		.loc 1 24 0
  51              		.cfi_startproc
  52              		@ args = 0, pretend = 0, frame = 0
  53              		@ frame_needed = 0, uses_anonymous_args = 0
  54 0000 08B5     		push	{r3, lr}
  55              		.cfi_def_cfa_offset 8
  56              		.cfi_offset 3, -8
  57              		.cfi_offset 14, -4
  25:ZumoLibrary/Motor.c ****     PWM_Stop();
  58              		.loc 1 25 0
  59 0002 FFF7FEFF 		bl	PWM_Stop
  60              	.LVL1:
  61 0006 08BD     		pop	{r3, pc}
  62              		.cfi_endproc
  63              	.LFE64:
  64              		.size	motor_stop, .-motor_stop
  65              		.section	.text.motor_forward,"ax",%progbits
  66              		.align	2
  67              		.global	motor_forward
  68              		.thumb
  69              		.thumb_func
  70              		.type	motor_forward, %function
  71              	motor_forward:
  72              	.LFB65:
  26:ZumoLibrary/Motor.c **** }
  27:ZumoLibrary/Motor.c **** 
  28:ZumoLibrary/Motor.c **** 
  29:ZumoLibrary/Motor.c **** /**
  30:ZumoLibrary/Motor.c **** * @brief    Moving motors forward
  31:ZumoLibrary/Motor.c **** * @details  giveing same speed to each side of PWM to make motors go forward
  32:ZumoLibrary/Motor.c **** * @param    uint8 speed : speed value
  33:ZumoLibrary/Motor.c **** * @param    uint32 delay : delay time
  34:ZumoLibrary/Motor.c **** */
  35:ZumoLibrary/Motor.c **** void motor_forward(uint8 speed,uint32 delay)
  36:ZumoLibrary/Motor.c **** {
  73              		.loc 1 36 0
  74              		.cfi_startproc
  75              		@ args = 0, pretend = 0, frame = 0
  76              		@ frame_needed = 0, uses_anonymous_args = 0
  77              	.LVL2:
  78 0000 38B5     		push	{r3, r4, r5, lr}
ARM GAS  C:\Users\allu9\AppData\Local\Temp\ccXaUxlj.s 			page 3


  79              		.cfi_def_cfa_offset 16
  80              		.cfi_offset 3, -16
  81              		.cfi_offset 4, -12
  82              		.cfi_offset 5, -8
  83              		.cfi_offset 14, -4
  84 0002 0446     		mov	r4, r0
  85 0004 0D46     		mov	r5, r1
  37:ZumoLibrary/Motor.c ****     MotorDirLeft_Write(0);      // set LeftMotor forward mode
  86              		.loc 1 37 0
  87 0006 0020     		movs	r0, #0
  88              	.LVL3:
  89 0008 FFF7FEFF 		bl	MotorDirLeft_Write
  90              	.LVL4:
  38:ZumoLibrary/Motor.c ****     MotorDirRight_Write(0);     // set RightMotor forward mode
  91              		.loc 1 38 0
  92 000c 0020     		movs	r0, #0
  93 000e FFF7FEFF 		bl	MotorDirRight_Write
  94              	.LVL5:
  39:ZumoLibrary/Motor.c ****     PWM_WriteCompare1(speed); 
  95              		.loc 1 39 0
  96 0012 2046     		mov	r0, r4
  97 0014 FFF7FEFF 		bl	PWM_WriteCompare1
  98              	.LVL6:
  40:ZumoLibrary/Motor.c ****     PWM_WriteCompare2(speed); 
  99              		.loc 1 40 0
 100 0018 2046     		mov	r0, r4
 101 001a FFF7FEFF 		bl	PWM_WriteCompare2
 102              	.LVL7:
  41:ZumoLibrary/Motor.c ****     CyDelay(delay);
 103              		.loc 1 41 0
 104 001e 2846     		mov	r0, r5
 105 0020 FFF7FEFF 		bl	CyDelay
 106              	.LVL8:
 107 0024 38BD     		pop	{r3, r4, r5, pc}
 108              		.cfi_endproc
 109              	.LFE65:
 110              		.size	motor_forward, .-motor_forward
 111 0026 00BF     		.section	.text.motor_turn,"ax",%progbits
 112              		.align	2
 113              		.global	motor_turn
 114              		.thumb
 115              		.thumb_func
 116              		.type	motor_turn, %function
 117              	motor_turn:
 118              	.LFB66:
  42:ZumoLibrary/Motor.c **** }
  43:ZumoLibrary/Motor.c **** 
  44:ZumoLibrary/Motor.c **** 
  45:ZumoLibrary/Motor.c **** /**
  46:ZumoLibrary/Motor.c **** * @brief    Moving motors to make a turn 
  47:ZumoLibrary/Motor.c **** * @details  moving left when l_speed < r_speed or moving right when l_speed > r_speed
  48:ZumoLibrary/Motor.c **** * @param    uint8 l_speed : left motor speed value
  49:ZumoLibrary/Motor.c **** * @param    uint8 r_speed : right motor speed value
  50:ZumoLibrary/Motor.c **** * @param    uint32 delay : delay time
  51:ZumoLibrary/Motor.c **** */
  52:ZumoLibrary/Motor.c **** void motor_turn(uint8 l_speed, uint8 r_speed, uint32 delay)
  53:ZumoLibrary/Motor.c **** {
ARM GAS  C:\Users\allu9\AppData\Local\Temp\ccXaUxlj.s 			page 4


 119              		.loc 1 53 0
 120              		.cfi_startproc
 121              		@ args = 0, pretend = 0, frame = 0
 122              		@ frame_needed = 0, uses_anonymous_args = 0
 123              	.LVL9:
 124 0000 70B5     		push	{r4, r5, r6, lr}
 125              		.cfi_def_cfa_offset 16
 126              		.cfi_offset 4, -16
 127              		.cfi_offset 5, -12
 128              		.cfi_offset 6, -8
 129              		.cfi_offset 14, -4
 130 0002 0646     		mov	r6, r0
 131 0004 0D46     		mov	r5, r1
 132 0006 1446     		mov	r4, r2
  54:ZumoLibrary/Motor.c ****     MotorDirLeft_Write(0);      // set LeftMotor forward mode
 133              		.loc 1 54 0
 134 0008 0020     		movs	r0, #0
 135              	.LVL10:
 136 000a FFF7FEFF 		bl	MotorDirLeft_Write
 137              	.LVL11:
  55:ZumoLibrary/Motor.c ****     MotorDirRight_Write(0);     // set RightMotor forward mode
 138              		.loc 1 55 0
 139 000e 0020     		movs	r0, #0
 140 0010 FFF7FEFF 		bl	MotorDirRight_Write
 141              	.LVL12:
  56:ZumoLibrary/Motor.c ****     PWM_WriteCompare1(l_speed); 
 142              		.loc 1 56 0
 143 0014 3046     		mov	r0, r6
 144 0016 FFF7FEFF 		bl	PWM_WriteCompare1
 145              	.LVL13:
  57:ZumoLibrary/Motor.c ****     PWM_WriteCompare2(r_speed); 
 146              		.loc 1 57 0
 147 001a 2846     		mov	r0, r5
 148 001c FFF7FEFF 		bl	PWM_WriteCompare2
 149              	.LVL14:
  58:ZumoLibrary/Motor.c ****     CyDelay(delay);
 150              		.loc 1 58 0
 151 0020 2046     		mov	r0, r4
 152 0022 FFF7FEFF 		bl	CyDelay
 153              	.LVL15:
 154 0026 70BD     		pop	{r4, r5, r6, pc}
 155              		.cfi_endproc
 156              	.LFE66:
 157              		.size	motor_turn, .-motor_turn
 158              		.section	.text.motor_turnb,"ax",%progbits
 159              		.align	2
 160              		.global	motor_turnb
 161              		.thumb
 162              		.thumb_func
 163              		.type	motor_turnb, %function
 164              	motor_turnb:
 165              	.LFB67:
  59:ZumoLibrary/Motor.c **** }
  60:ZumoLibrary/Motor.c **** 
  61:ZumoLibrary/Motor.c **** void motor_turnb(uint8 l_speed, uint8 r_speed, uint32 delay)
  62:ZumoLibrary/Motor.c **** {
 166              		.loc 1 62 0
ARM GAS  C:\Users\allu9\AppData\Local\Temp\ccXaUxlj.s 			page 5


 167              		.cfi_startproc
 168              		@ args = 0, pretend = 0, frame = 0
 169              		@ frame_needed = 0, uses_anonymous_args = 0
 170              	.LVL16:
 171 0000 70B5     		push	{r4, r5, r6, lr}
 172              		.cfi_def_cfa_offset 16
 173              		.cfi_offset 4, -16
 174              		.cfi_offset 5, -12
 175              		.cfi_offset 6, -8
 176              		.cfi_offset 14, -4
 177 0002 0646     		mov	r6, r0
 178 0004 0D46     		mov	r5, r1
 179 0006 1446     		mov	r4, r2
  63:ZumoLibrary/Motor.c ****     MotorDirLeft_Write(1);      // set LeftMotor forward mode
 180              		.loc 1 63 0
 181 0008 0120     		movs	r0, #1
 182              	.LVL17:
 183 000a FFF7FEFF 		bl	MotorDirLeft_Write
 184              	.LVL18:
  64:ZumoLibrary/Motor.c ****     MotorDirRight_Write(1);     // set RightMotor forward mode
 185              		.loc 1 64 0
 186 000e 0120     		movs	r0, #1
 187 0010 FFF7FEFF 		bl	MotorDirRight_Write
 188              	.LVL19:
  65:ZumoLibrary/Motor.c ****     PWM_WriteCompare1(l_speed); 
 189              		.loc 1 65 0
 190 0014 3046     		mov	r0, r6
 191 0016 FFF7FEFF 		bl	PWM_WriteCompare1
 192              	.LVL20:
  66:ZumoLibrary/Motor.c ****     PWM_WriteCompare2(r_speed); 
 193              		.loc 1 66 0
 194 001a 2846     		mov	r0, r5
 195 001c FFF7FEFF 		bl	PWM_WriteCompare2
 196              	.LVL21:
  67:ZumoLibrary/Motor.c ****     CyDelay(delay);
 197              		.loc 1 67 0
 198 0020 2046     		mov	r0, r4
 199 0022 FFF7FEFF 		bl	CyDelay
 200              	.LVL22:
 201 0026 70BD     		pop	{r4, r5, r6, pc}
 202              		.cfi_endproc
 203              	.LFE67:
 204              		.size	motor_turnb, .-motor_turnb
 205              		.section	.text.motor_backward,"ax",%progbits
 206              		.align	2
 207              		.global	motor_backward
 208              		.thumb
 209              		.thumb_func
 210              		.type	motor_backward, %function
 211              	motor_backward:
 212              	.LFB68:
  68:ZumoLibrary/Motor.c **** }
  69:ZumoLibrary/Motor.c **** 
  70:ZumoLibrary/Motor.c **** /**
  71:ZumoLibrary/Motor.c **** * @brief    Moving motors backward
  72:ZumoLibrary/Motor.c **** * @details  setting backward mode to each motors and gives same speed to each side of PWM
  73:ZumoLibrary/Motor.c **** * @param    uint8 speed : speed value
ARM GAS  C:\Users\allu9\AppData\Local\Temp\ccXaUxlj.s 			page 6


  74:ZumoLibrary/Motor.c **** * @param    uint32 delay : delay time
  75:ZumoLibrary/Motor.c **** */
  76:ZumoLibrary/Motor.c **** void motor_backward(uint8 speed,uint32 delay)
  77:ZumoLibrary/Motor.c **** {
 213              		.loc 1 77 0
 214              		.cfi_startproc
 215              		@ args = 0, pretend = 0, frame = 0
 216              		@ frame_needed = 0, uses_anonymous_args = 0
 217              	.LVL23:
 218 0000 38B5     		push	{r3, r4, r5, lr}
 219              		.cfi_def_cfa_offset 16
 220              		.cfi_offset 3, -16
 221              		.cfi_offset 4, -12
 222              		.cfi_offset 5, -8
 223              		.cfi_offset 14, -4
 224 0002 0446     		mov	r4, r0
 225 0004 0D46     		mov	r5, r1
  78:ZumoLibrary/Motor.c ****     MotorDirLeft_Write(1);      // set LeftMotor backward mode
 226              		.loc 1 78 0
 227 0006 0120     		movs	r0, #1
 228              	.LVL24:
 229 0008 FFF7FEFF 		bl	MotorDirLeft_Write
 230              	.LVL25:
  79:ZumoLibrary/Motor.c ****     MotorDirRight_Write(1);     // set RightMotor backward mode
 231              		.loc 1 79 0
 232 000c 0120     		movs	r0, #1
 233 000e FFF7FEFF 		bl	MotorDirRight_Write
 234              	.LVL26:
  80:ZumoLibrary/Motor.c ****     PWM_WriteCompare1(speed); 
 235              		.loc 1 80 0
 236 0012 2046     		mov	r0, r4
 237 0014 FFF7FEFF 		bl	PWM_WriteCompare1
 238              	.LVL27:
  81:ZumoLibrary/Motor.c ****     PWM_WriteCompare2(speed); 
 239              		.loc 1 81 0
 240 0018 2046     		mov	r0, r4
 241 001a FFF7FEFF 		bl	PWM_WriteCompare2
 242              	.LVL28:
  82:ZumoLibrary/Motor.c ****     CyDelay(delay);
 243              		.loc 1 82 0
 244 001e 2846     		mov	r0, r5
 245 0020 FFF7FEFF 		bl	CyDelay
 246              	.LVL29:
 247 0024 38BD     		pop	{r3, r4, r5, pc}
 248              		.cfi_endproc
 249              	.LFE68:
 250              		.size	motor_backward, .-motor_backward
 251 0026 00BF     		.section	.text.motor_sharp_turn,"ax",%progbits
 252              		.align	2
 253              		.global	motor_sharp_turn
 254              		.thumb
 255              		.thumb_func
 256              		.type	motor_sharp_turn, %function
 257              	motor_sharp_turn:
 258              	.LFB69:
  83:ZumoLibrary/Motor.c **** }
  84:ZumoLibrary/Motor.c **** void motor_sharp_turn(int l_dir, int r_dir, uint8 l_speed, uint8 r_speed, uint32 delay)
ARM GAS  C:\Users\allu9\AppData\Local\Temp\ccXaUxlj.s 			page 7


  85:ZumoLibrary/Motor.c **** {
 259              		.loc 1 85 0
 260              		.cfi_startproc
 261              		@ args = 4, pretend = 0, frame = 0
 262              		@ frame_needed = 0, uses_anonymous_args = 0
 263              	.LVL30:
 264 0000 70B5     		push	{r4, r5, r6, lr}
 265              		.cfi_def_cfa_offset 16
 266              		.cfi_offset 4, -16
 267              		.cfi_offset 5, -12
 268              		.cfi_offset 6, -8
 269              		.cfi_offset 14, -4
 270 0002 0E46     		mov	r6, r1
 271 0004 1546     		mov	r5, r2
 272 0006 1C46     		mov	r4, r3
  86:ZumoLibrary/Motor.c ****     MotorDirLeft_Write(l_dir);
 273              		.loc 1 86 0
 274 0008 C0B2     		uxtb	r0, r0
 275              	.LVL31:
 276 000a FFF7FEFF 		bl	MotorDirLeft_Write
 277              	.LVL32:
  87:ZumoLibrary/Motor.c ****     MotorDirRight_Write(r_dir);
 278              		.loc 1 87 0
 279 000e F0B2     		uxtb	r0, r6
 280 0010 FFF7FEFF 		bl	MotorDirRight_Write
 281              	.LVL33:
  88:ZumoLibrary/Motor.c ****     PWM_WriteCompare1(l_speed);
 282              		.loc 1 88 0
 283 0014 2846     		mov	r0, r5
 284 0016 FFF7FEFF 		bl	PWM_WriteCompare1
 285              	.LVL34:
  89:ZumoLibrary/Motor.c ****     PWM_WriteCompare2(r_speed);
 286              		.loc 1 89 0
 287 001a 2046     		mov	r0, r4
 288 001c FFF7FEFF 		bl	PWM_WriteCompare2
 289              	.LVL35:
  90:ZumoLibrary/Motor.c ****     CyDelay(delay);
 290              		.loc 1 90 0
 291 0020 0498     		ldr	r0, [sp, #16]
 292 0022 FFF7FEFF 		bl	CyDelay
 293              	.LVL36:
 294 0026 70BD     		pop	{r4, r5, r6, pc}
 295              		.cfi_endproc
 296              	.LFE69:
 297              		.size	motor_sharp_turn, .-motor_sharp_turn
 298              		.text
 299              	.Letext0:
 300              		.file 2 "c:\\program files (x86)\\cypress\\psoc creator\\4.0\\psoc creator\\import\\gnu\\arm\\4.9.
 301              		.file 3 "c:\\program files (x86)\\cypress\\psoc creator\\4.0\\psoc creator\\import\\gnu\\arm\\4.9.
 302              		.file 4 "Generated_Source\\PSoC5/cytypes.h"
 303              		.file 5 "Generated_Source\\PSoC5/PWM.h"
 304              		.file 6 "Generated_Source\\PSoC5/MotorDirLeft.h"
 305              		.file 7 "Generated_Source\\PSoC5/MotorDirRight.h"
 306              		.file 8 "Generated_Source\\PSoC5/core_cm3.h"
 307              		.file 9 "Generated_Source\\PSoC5/CyLib.h"
 308              		.section	.debug_info,"",%progbits
 309              	.Ldebug_info0:
ARM GAS  C:\Users\allu9\AppData\Local\Temp\ccXaUxlj.s 			page 8


 310 0000 88040000 		.4byte	0x488
 311 0004 0400     		.2byte	0x4
 312 0006 00000000 		.4byte	.Ldebug_abbrev0
 313 000a 04       		.byte	0x4
 314 000b 01       		.uleb128 0x1
 315 000c DC000000 		.4byte	.LASF36
 316 0010 01       		.byte	0x1
 317 0011 C1000000 		.4byte	.LASF37
 318 0015 4F020000 		.4byte	.LASF38
 319 0019 00000000 		.4byte	.Ldebug_ranges0+0
 320 001d 00000000 		.4byte	0
 321 0021 00000000 		.4byte	.Ldebug_line0
 322 0025 02       		.uleb128 0x2
 323 0026 01       		.byte	0x1
 324 0027 06       		.byte	0x6
 325 0028 49000000 		.4byte	.LASF0
 326 002c 02       		.uleb128 0x2
 327 002d 01       		.byte	0x1
 328 002e 08       		.byte	0x8
 329 002f 5B000000 		.4byte	.LASF1
 330 0033 02       		.uleb128 0x2
 331 0034 02       		.byte	0x2
 332 0035 05       		.byte	0x5
 333 0036 1E020000 		.4byte	.LASF2
 334 003a 02       		.uleb128 0x2
 335 003b 02       		.byte	0x2
 336 003c 07       		.byte	0x7
 337 003d F8010000 		.4byte	.LASF3
 338 0041 03       		.uleb128 0x3
 339 0042 00000000 		.4byte	.LASF9
 340 0046 02       		.byte	0x2
 341 0047 3F       		.byte	0x3f
 342 0048 4C000000 		.4byte	0x4c
 343 004c 02       		.uleb128 0x2
 344 004d 04       		.byte	0x4
 345 004e 05       		.byte	0x5
 346 004f 3B020000 		.4byte	.LASF4
 347 0053 02       		.uleb128 0x2
 348 0054 04       		.byte	0x4
 349 0055 07       		.byte	0x7
 350 0056 69000000 		.4byte	.LASF5
 351 005a 02       		.uleb128 0x2
 352 005b 08       		.byte	0x8
 353 005c 05       		.byte	0x5
 354 005d 0B020000 		.4byte	.LASF6
 355 0061 02       		.uleb128 0x2
 356 0062 08       		.byte	0x8
 357 0063 07       		.byte	0x7
 358 0064 90010000 		.4byte	.LASF7
 359 0068 04       		.uleb128 0x4
 360 0069 04       		.byte	0x4
 361 006a 05       		.byte	0x5
 362 006b 696E7400 		.ascii	"int\000"
 363 006f 02       		.uleb128 0x2
 364 0070 04       		.byte	0x4
 365 0071 07       		.byte	0x7
 366 0072 7B010000 		.4byte	.LASF8
ARM GAS  C:\Users\allu9\AppData\Local\Temp\ccXaUxlj.s 			page 9


 367 0076 03       		.uleb128 0x3
 368 0077 3B000000 		.4byte	.LASF10
 369 007b 03       		.byte	0x3
 370 007c 2C       		.byte	0x2c
 371 007d 41000000 		.4byte	0x41
 372 0081 05       		.uleb128 0x5
 373 0082 35000000 		.4byte	.LASF11
 374 0086 04       		.byte	0x4
 375 0087 9201     		.2byte	0x192
 376 0089 2C000000 		.4byte	0x2c
 377 008d 05       		.uleb128 0x5
 378 008e D5000000 		.4byte	.LASF12
 379 0092 04       		.byte	0x4
 380 0093 9401     		.2byte	0x194
 381 0095 53000000 		.4byte	0x53
 382 0099 02       		.uleb128 0x2
 383 009a 04       		.byte	0x4
 384 009b 04       		.byte	0x4
 385 009c 43000000 		.4byte	.LASF13
 386 00a0 02       		.uleb128 0x2
 387 00a1 08       		.byte	0x8
 388 00a2 04       		.byte	0x4
 389 00a3 AF000000 		.4byte	.LASF14
 390 00a7 02       		.uleb128 0x2
 391 00a8 01       		.byte	0x1
 392 00a9 08       		.byte	0x8
 393 00aa 19020000 		.4byte	.LASF15
 394 00ae 02       		.uleb128 0x2
 395 00af 04       		.byte	0x4
 396 00b0 07       		.byte	0x7
 397 00b1 E3010000 		.4byte	.LASF16
 398 00b5 06       		.uleb128 0x6
 399 00b6 A7010000 		.4byte	.LASF17
 400 00ba 01       		.byte	0x1
 401 00bb 0D       		.byte	0xd
 402 00bc 00000000 		.4byte	.LFB63
 403 00c0 08000000 		.4byte	.LFE63-.LFB63
 404 00c4 01       		.uleb128 0x1
 405 00c5 9C       		.byte	0x9c
 406 00c6 D4000000 		.4byte	0xd4
 407 00ca 07       		.uleb128 0x7
 408 00cb 06000000 		.4byte	.LVL0
 409 00cf 2C040000 		.4byte	0x42c
 410 00d3 00       		.byte	0
 411 00d4 06       		.uleb128 0x6
 412 00d5 B6000000 		.4byte	.LASF18
 413 00d9 01       		.byte	0x1
 414 00da 17       		.byte	0x17
 415 00db 00000000 		.4byte	.LFB64
 416 00df 08000000 		.4byte	.LFE64-.LFB64
 417 00e3 01       		.uleb128 0x1
 418 00e4 9C       		.byte	0x9c
 419 00e5 F3000000 		.4byte	0xf3
 420 00e9 07       		.uleb128 0x7
 421 00ea 06000000 		.4byte	.LVL1
 422 00ee 33040000 		.4byte	0x433
 423 00f2 00       		.byte	0
ARM GAS  C:\Users\allu9\AppData\Local\Temp\ccXaUxlj.s 			page 10


 424 00f3 08       		.uleb128 0x8
 425 00f4 A1000000 		.4byte	.LASF21
 426 00f8 01       		.byte	0x1
 427 00f9 23       		.byte	0x23
 428 00fa 00000000 		.4byte	.LFB65
 429 00fe 26000000 		.4byte	.LFE65-.LFB65
 430 0102 01       		.uleb128 0x1
 431 0103 9C       		.byte	0x9c
 432 0104 85010000 		.4byte	0x185
 433 0108 09       		.uleb128 0x9
 434 0109 DD010000 		.4byte	.LASF19
 435 010d 01       		.byte	0x1
 436 010e 23       		.byte	0x23
 437 010f 81000000 		.4byte	0x81
 438 0113 00000000 		.4byte	.LLST0
 439 0117 09       		.uleb128 0x9
 440 0118 55000000 		.4byte	.LASF20
 441 011c 01       		.byte	0x1
 442 011d 23       		.byte	0x23
 443 011e 8D000000 		.4byte	0x8d
 444 0122 21000000 		.4byte	.LLST1
 445 0126 0A       		.uleb128 0xa
 446 0127 0C000000 		.4byte	.LVL4
 447 012b 3A040000 		.4byte	0x43a
 448 012f 39010000 		.4byte	0x139
 449 0133 0B       		.uleb128 0xb
 450 0134 01       		.uleb128 0x1
 451 0135 50       		.byte	0x50
 452 0136 01       		.uleb128 0x1
 453 0137 30       		.byte	0x30
 454 0138 00       		.byte	0
 455 0139 0A       		.uleb128 0xa
 456 013a 12000000 		.4byte	.LVL5
 457 013e 4B040000 		.4byte	0x44b
 458 0142 4C010000 		.4byte	0x14c
 459 0146 0B       		.uleb128 0xb
 460 0147 01       		.uleb128 0x1
 461 0148 50       		.byte	0x50
 462 0149 01       		.uleb128 0x1
 463 014a 30       		.byte	0x30
 464 014b 00       		.byte	0
 465 014c 0A       		.uleb128 0xa
 466 014d 18000000 		.4byte	.LVL6
 467 0151 5C040000 		.4byte	0x45c
 468 0155 60010000 		.4byte	0x160
 469 0159 0B       		.uleb128 0xb
 470 015a 01       		.uleb128 0x1
 471 015b 50       		.byte	0x50
 472 015c 02       		.uleb128 0x2
 473 015d 74       		.byte	0x74
 474 015e 00       		.sleb128 0
 475 015f 00       		.byte	0
 476 0160 0A       		.uleb128 0xa
 477 0161 1E000000 		.4byte	.LVL7
 478 0165 6D040000 		.4byte	0x46d
 479 0169 74010000 		.4byte	0x174
 480 016d 0B       		.uleb128 0xb
ARM GAS  C:\Users\allu9\AppData\Local\Temp\ccXaUxlj.s 			page 11


 481 016e 01       		.uleb128 0x1
 482 016f 50       		.byte	0x50
 483 0170 02       		.uleb128 0x2
 484 0171 74       		.byte	0x74
 485 0172 00       		.sleb128 0
 486 0173 00       		.byte	0
 487 0174 0C       		.uleb128 0xc
 488 0175 24000000 		.4byte	.LVL8
 489 0179 7E040000 		.4byte	0x47e
 490 017d 0B       		.uleb128 0xb
 491 017e 01       		.uleb128 0x1
 492 017f 50       		.byte	0x50
 493 0180 02       		.uleb128 0x2
 494 0181 75       		.byte	0x75
 495 0182 00       		.sleb128 0
 496 0183 00       		.byte	0
 497 0184 00       		.byte	0
 498 0185 08       		.uleb128 0x8
 499 0186 44020000 		.4byte	.LASF22
 500 018a 01       		.byte	0x1
 501 018b 34       		.byte	0x34
 502 018c 00000000 		.4byte	.LFB66
 503 0190 28000000 		.4byte	.LFE66-.LFB66
 504 0194 01       		.uleb128 0x1
 505 0195 9C       		.byte	0x9c
 506 0196 26020000 		.4byte	0x226
 507 019a 09       		.uleb128 0x9
 508 019b 88010000 		.4byte	.LASF23
 509 019f 01       		.byte	0x1
 510 01a0 34       		.byte	0x34
 511 01a1 81000000 		.4byte	0x81
 512 01a5 3F000000 		.4byte	.LLST2
 513 01a9 09       		.uleb128 0x9
 514 01aa 19000000 		.4byte	.LASF24
 515 01ae 01       		.byte	0x1
 516 01af 34       		.byte	0x34
 517 01b0 81000000 		.4byte	0x81
 518 01b4 60000000 		.4byte	.LLST3
 519 01b8 09       		.uleb128 0x9
 520 01b9 55000000 		.4byte	.LASF20
 521 01bd 01       		.byte	0x1
 522 01be 34       		.byte	0x34
 523 01bf 8D000000 		.4byte	0x8d
 524 01c3 81000000 		.4byte	.LLST4
 525 01c7 0A       		.uleb128 0xa
 526 01c8 0E000000 		.4byte	.LVL11
 527 01cc 3A040000 		.4byte	0x43a
 528 01d0 DA010000 		.4byte	0x1da
 529 01d4 0B       		.uleb128 0xb
 530 01d5 01       		.uleb128 0x1
 531 01d6 50       		.byte	0x50
 532 01d7 01       		.uleb128 0x1
 533 01d8 30       		.byte	0x30
 534 01d9 00       		.byte	0
 535 01da 0A       		.uleb128 0xa
 536 01db 14000000 		.4byte	.LVL12
 537 01df 4B040000 		.4byte	0x44b
ARM GAS  C:\Users\allu9\AppData\Local\Temp\ccXaUxlj.s 			page 12


 538 01e3 ED010000 		.4byte	0x1ed
 539 01e7 0B       		.uleb128 0xb
 540 01e8 01       		.uleb128 0x1
 541 01e9 50       		.byte	0x50
 542 01ea 01       		.uleb128 0x1
 543 01eb 30       		.byte	0x30
 544 01ec 00       		.byte	0
 545 01ed 0A       		.uleb128 0xa
 546 01ee 1A000000 		.4byte	.LVL13
 547 01f2 5C040000 		.4byte	0x45c
 548 01f6 01020000 		.4byte	0x201
 549 01fa 0B       		.uleb128 0xb
 550 01fb 01       		.uleb128 0x1
 551 01fc 50       		.byte	0x50
 552 01fd 02       		.uleb128 0x2
 553 01fe 76       		.byte	0x76
 554 01ff 00       		.sleb128 0
 555 0200 00       		.byte	0
 556 0201 0A       		.uleb128 0xa
 557 0202 20000000 		.4byte	.LVL14
 558 0206 6D040000 		.4byte	0x46d
 559 020a 15020000 		.4byte	0x215
 560 020e 0B       		.uleb128 0xb
 561 020f 01       		.uleb128 0x1
 562 0210 50       		.byte	0x50
 563 0211 02       		.uleb128 0x2
 564 0212 75       		.byte	0x75
 565 0213 00       		.sleb128 0
 566 0214 00       		.byte	0
 567 0215 0C       		.uleb128 0xc
 568 0216 26000000 		.4byte	.LVL15
 569 021a 7E040000 		.4byte	0x47e
 570 021e 0B       		.uleb128 0xb
 571 021f 01       		.uleb128 0x1
 572 0220 50       		.byte	0x50
 573 0221 02       		.uleb128 0x2
 574 0222 74       		.byte	0x74
 575 0223 00       		.sleb128 0
 576 0224 00       		.byte	0
 577 0225 00       		.byte	0
 578 0226 08       		.uleb128 0x8
 579 0227 EC010000 		.4byte	.LASF25
 580 022b 01       		.byte	0x1
 581 022c 3D       		.byte	0x3d
 582 022d 00000000 		.4byte	.LFB67
 583 0231 28000000 		.4byte	.LFE67-.LFB67
 584 0235 01       		.uleb128 0x1
 585 0236 9C       		.byte	0x9c
 586 0237 C7020000 		.4byte	0x2c7
 587 023b 09       		.uleb128 0x9
 588 023c 88010000 		.4byte	.LASF23
 589 0240 01       		.byte	0x1
 590 0241 3D       		.byte	0x3d
 591 0242 81000000 		.4byte	0x81
 592 0246 9F000000 		.4byte	.LLST5
 593 024a 09       		.uleb128 0x9
 594 024b 19000000 		.4byte	.LASF24
ARM GAS  C:\Users\allu9\AppData\Local\Temp\ccXaUxlj.s 			page 13


 595 024f 01       		.byte	0x1
 596 0250 3D       		.byte	0x3d
 597 0251 81000000 		.4byte	0x81
 598 0255 C0000000 		.4byte	.LLST6
 599 0259 09       		.uleb128 0x9
 600 025a 55000000 		.4byte	.LASF20
 601 025e 01       		.byte	0x1
 602 025f 3D       		.byte	0x3d
 603 0260 8D000000 		.4byte	0x8d
 604 0264 E1000000 		.4byte	.LLST7
 605 0268 0A       		.uleb128 0xa
 606 0269 0E000000 		.4byte	.LVL18
 607 026d 3A040000 		.4byte	0x43a
 608 0271 7B020000 		.4byte	0x27b
 609 0275 0B       		.uleb128 0xb
 610 0276 01       		.uleb128 0x1
 611 0277 50       		.byte	0x50
 612 0278 01       		.uleb128 0x1
 613 0279 31       		.byte	0x31
 614 027a 00       		.byte	0
 615 027b 0A       		.uleb128 0xa
 616 027c 14000000 		.4byte	.LVL19
 617 0280 4B040000 		.4byte	0x44b
 618 0284 8E020000 		.4byte	0x28e
 619 0288 0B       		.uleb128 0xb
 620 0289 01       		.uleb128 0x1
 621 028a 50       		.byte	0x50
 622 028b 01       		.uleb128 0x1
 623 028c 31       		.byte	0x31
 624 028d 00       		.byte	0
 625 028e 0A       		.uleb128 0xa
 626 028f 1A000000 		.4byte	.LVL20
 627 0293 5C040000 		.4byte	0x45c
 628 0297 A2020000 		.4byte	0x2a2
 629 029b 0B       		.uleb128 0xb
 630 029c 01       		.uleb128 0x1
 631 029d 50       		.byte	0x50
 632 029e 02       		.uleb128 0x2
 633 029f 76       		.byte	0x76
 634 02a0 00       		.sleb128 0
 635 02a1 00       		.byte	0
 636 02a2 0A       		.uleb128 0xa
 637 02a3 20000000 		.4byte	.LVL21
 638 02a7 6D040000 		.4byte	0x46d
 639 02ab B6020000 		.4byte	0x2b6
 640 02af 0B       		.uleb128 0xb
 641 02b0 01       		.uleb128 0x1
 642 02b1 50       		.byte	0x50
 643 02b2 02       		.uleb128 0x2
 644 02b3 75       		.byte	0x75
 645 02b4 00       		.sleb128 0
 646 02b5 00       		.byte	0
 647 02b6 0C       		.uleb128 0xc
 648 02b7 26000000 		.4byte	.LVL22
 649 02bb 7E040000 		.4byte	0x47e
 650 02bf 0B       		.uleb128 0xb
 651 02c0 01       		.uleb128 0x1
ARM GAS  C:\Users\allu9\AppData\Local\Temp\ccXaUxlj.s 			page 14


 652 02c1 50       		.byte	0x50
 653 02c2 02       		.uleb128 0x2
 654 02c3 74       		.byte	0x74
 655 02c4 00       		.sleb128 0
 656 02c5 00       		.byte	0
 657 02c6 00       		.byte	0
 658 02c7 08       		.uleb128 0x8
 659 02c8 0A000000 		.4byte	.LASF26
 660 02cc 01       		.byte	0x1
 661 02cd 4C       		.byte	0x4c
 662 02ce 00000000 		.4byte	.LFB68
 663 02d2 26000000 		.4byte	.LFE68-.LFB68
 664 02d6 01       		.uleb128 0x1
 665 02d7 9C       		.byte	0x9c
 666 02d8 59030000 		.4byte	0x359
 667 02dc 09       		.uleb128 0x9
 668 02dd DD010000 		.4byte	.LASF19
 669 02e1 01       		.byte	0x1
 670 02e2 4C       		.byte	0x4c
 671 02e3 81000000 		.4byte	0x81
 672 02e7 FF000000 		.4byte	.LLST8
 673 02eb 09       		.uleb128 0x9
 674 02ec 55000000 		.4byte	.LASF20
 675 02f0 01       		.byte	0x1
 676 02f1 4C       		.byte	0x4c
 677 02f2 8D000000 		.4byte	0x8d
 678 02f6 20010000 		.4byte	.LLST9
 679 02fa 0A       		.uleb128 0xa
 680 02fb 0C000000 		.4byte	.LVL25
 681 02ff 3A040000 		.4byte	0x43a
 682 0303 0D030000 		.4byte	0x30d
 683 0307 0B       		.uleb128 0xb
 684 0308 01       		.uleb128 0x1
 685 0309 50       		.byte	0x50
 686 030a 01       		.uleb128 0x1
 687 030b 31       		.byte	0x31
 688 030c 00       		.byte	0
 689 030d 0A       		.uleb128 0xa
 690 030e 12000000 		.4byte	.LVL26
 691 0312 4B040000 		.4byte	0x44b
 692 0316 20030000 		.4byte	0x320
 693 031a 0B       		.uleb128 0xb
 694 031b 01       		.uleb128 0x1
 695 031c 50       		.byte	0x50
 696 031d 01       		.uleb128 0x1
 697 031e 31       		.byte	0x31
 698 031f 00       		.byte	0
 699 0320 0A       		.uleb128 0xa
 700 0321 18000000 		.4byte	.LVL27
 701 0325 5C040000 		.4byte	0x45c
 702 0329 34030000 		.4byte	0x334
 703 032d 0B       		.uleb128 0xb
 704 032e 01       		.uleb128 0x1
 705 032f 50       		.byte	0x50
 706 0330 02       		.uleb128 0x2
 707 0331 74       		.byte	0x74
 708 0332 00       		.sleb128 0
ARM GAS  C:\Users\allu9\AppData\Local\Temp\ccXaUxlj.s 			page 15


 709 0333 00       		.byte	0
 710 0334 0A       		.uleb128 0xa
 711 0335 1E000000 		.4byte	.LVL28
 712 0339 6D040000 		.4byte	0x46d
 713 033d 48030000 		.4byte	0x348
 714 0341 0B       		.uleb128 0xb
 715 0342 01       		.uleb128 0x1
 716 0343 50       		.byte	0x50
 717 0344 02       		.uleb128 0x2
 718 0345 74       		.byte	0x74
 719 0346 00       		.sleb128 0
 720 0347 00       		.byte	0
 721 0348 0C       		.uleb128 0xc
 722 0349 24000000 		.4byte	.LVL29
 723 034d 7E040000 		.4byte	0x47e
 724 0351 0B       		.uleb128 0xb
 725 0352 01       		.uleb128 0x1
 726 0353 50       		.byte	0x50
 727 0354 02       		.uleb128 0x2
 728 0355 75       		.byte	0x75
 729 0356 00       		.sleb128 0
 730 0357 00       		.byte	0
 731 0358 00       		.byte	0
 732 0359 08       		.uleb128 0x8
 733 035a 6A010000 		.4byte	.LASF27
 734 035e 01       		.byte	0x1
 735 035f 54       		.byte	0x54
 736 0360 00000000 		.4byte	.LFB69
 737 0364 28000000 		.4byte	.LFE69-.LFB69
 738 0368 01       		.uleb128 0x1
 739 0369 9C       		.byte	0x9c
 740 036a 1B040000 		.4byte	0x41b
 741 036e 09       		.uleb128 0x9
 742 036f 7B000000 		.4byte	.LASF28
 743 0373 01       		.byte	0x1
 744 0374 54       		.byte	0x54
 745 0375 68000000 		.4byte	0x68
 746 0379 3E010000 		.4byte	.LLST10
 747 037d 09       		.uleb128 0x9
 748 037e D7010000 		.4byte	.LASF29
 749 0382 01       		.byte	0x1
 750 0383 54       		.byte	0x54
 751 0384 68000000 		.4byte	0x68
 752 0388 5F010000 		.4byte	.LLST11
 753 038c 09       		.uleb128 0x9
 754 038d 88010000 		.4byte	.LASF23
 755 0391 01       		.byte	0x1
 756 0392 54       		.byte	0x54
 757 0393 81000000 		.4byte	0x81
 758 0397 7D010000 		.4byte	.LLST12
 759 039b 09       		.uleb128 0x9
 760 039c 19000000 		.4byte	.LASF24
 761 03a0 01       		.byte	0x1
 762 03a1 54       		.byte	0x54
 763 03a2 81000000 		.4byte	0x81
 764 03a6 9E010000 		.4byte	.LLST13
 765 03aa 0D       		.uleb128 0xd
ARM GAS  C:\Users\allu9\AppData\Local\Temp\ccXaUxlj.s 			page 16


 766 03ab 55000000 		.4byte	.LASF20
 767 03af 01       		.byte	0x1
 768 03b0 54       		.byte	0x54
 769 03b1 8D000000 		.4byte	0x8d
 770 03b5 02       		.uleb128 0x2
 771 03b6 91       		.byte	0x91
 772 03b7 00       		.sleb128 0
 773 03b8 0A       		.uleb128 0xa
 774 03b9 0E000000 		.4byte	.LVL32
 775 03bd 3A040000 		.4byte	0x43a
 776 03c1 CD030000 		.4byte	0x3cd
 777 03c5 0B       		.uleb128 0xb
 778 03c6 01       		.uleb128 0x1
 779 03c7 50       		.byte	0x50
 780 03c8 03       		.uleb128 0x3
 781 03c9 F3       		.byte	0xf3
 782 03ca 01       		.uleb128 0x1
 783 03cb 50       		.byte	0x50
 784 03cc 00       		.byte	0
 785 03cd 0A       		.uleb128 0xa
 786 03ce 14000000 		.4byte	.LVL33
 787 03d2 4B040000 		.4byte	0x44b
 788 03d6 E1030000 		.4byte	0x3e1
 789 03da 0B       		.uleb128 0xb
 790 03db 01       		.uleb128 0x1
 791 03dc 50       		.byte	0x50
 792 03dd 02       		.uleb128 0x2
 793 03de 76       		.byte	0x76
 794 03df 00       		.sleb128 0
 795 03e0 00       		.byte	0
 796 03e1 0A       		.uleb128 0xa
 797 03e2 1A000000 		.4byte	.LVL34
 798 03e6 5C040000 		.4byte	0x45c
 799 03ea F5030000 		.4byte	0x3f5
 800 03ee 0B       		.uleb128 0xb
 801 03ef 01       		.uleb128 0x1
 802 03f0 50       		.byte	0x50
 803 03f1 02       		.uleb128 0x2
 804 03f2 75       		.byte	0x75
 805 03f3 00       		.sleb128 0
 806 03f4 00       		.byte	0
 807 03f5 0A       		.uleb128 0xa
 808 03f6 20000000 		.4byte	.LVL35
 809 03fa 6D040000 		.4byte	0x46d
 810 03fe 09040000 		.4byte	0x409
 811 0402 0B       		.uleb128 0xb
 812 0403 01       		.uleb128 0x1
 813 0404 50       		.byte	0x50
 814 0405 02       		.uleb128 0x2
 815 0406 74       		.byte	0x74
 816 0407 00       		.sleb128 0
 817 0408 00       		.byte	0
 818 0409 0C       		.uleb128 0xc
 819 040a 26000000 		.4byte	.LVL36
 820 040e 7E040000 		.4byte	0x47e
 821 0412 0B       		.uleb128 0xb
 822 0413 01       		.uleb128 0x1
ARM GAS  C:\Users\allu9\AppData\Local\Temp\ccXaUxlj.s 			page 17


 823 0414 50       		.byte	0x50
 824 0415 03       		.uleb128 0x3
 825 0416 91       		.byte	0x91
 826 0417 00       		.sleb128 0
 827 0418 06       		.byte	0x6
 828 0419 00       		.byte	0
 829 041a 00       		.byte	0
 830 041b 0E       		.uleb128 0xe
 831 041c 94000000 		.4byte	.LASF39
 832 0420 08       		.byte	0x8
 833 0421 9606     		.2byte	0x696
 834 0423 27040000 		.4byte	0x427
 835 0427 0F       		.uleb128 0xf
 836 0428 76000000 		.4byte	0x76
 837 042c 10       		.uleb128 0x10
 838 042d 28020000 		.4byte	.LASF30
 839 0431 05       		.byte	0x5
 840 0432 92       		.byte	0x92
 841 0433 10       		.uleb128 0x10
 842 0434 32020000 		.4byte	.LASF31
 843 0438 05       		.byte	0x5
 844 0439 93       		.byte	0x93
 845 043a 11       		.uleb128 0x11
 846 043b 81000000 		.4byte	.LASF32
 847 043f 06       		.byte	0x6
 848 0440 26       		.byte	0x26
 849 0441 4B040000 		.4byte	0x44b
 850 0445 12       		.uleb128 0x12
 851 0446 81000000 		.4byte	0x81
 852 044a 00       		.byte	0
 853 044b 11       		.uleb128 0x11
 854 044c 21000000 		.4byte	.LASF33
 855 0450 07       		.byte	0x7
 856 0451 26       		.byte	0x26
 857 0452 5C040000 		.4byte	0x45c
 858 0456 12       		.uleb128 0x12
 859 0457 81000000 		.4byte	0x81
 860 045b 00       		.byte	0
 861 045c 11       		.uleb128 0x11
 862 045d B3010000 		.4byte	.LASF34
 863 0461 05       		.byte	0x5
 864 0462 C7       		.byte	0xc7
 865 0463 6D040000 		.4byte	0x46d
 866 0467 12       		.uleb128 0x12
 867 0468 81000000 		.4byte	0x81
 868 046c 00       		.byte	0
 869 046d 11       		.uleb128 0x11
 870 046e C5010000 		.4byte	.LASF35
 871 0472 05       		.byte	0x5
 872 0473 CA       		.byte	0xca
 873 0474 7E040000 		.4byte	0x47e
 874 0478 12       		.uleb128 0x12
 875 0479 81000000 		.4byte	0x81
 876 047d 00       		.byte	0
 877 047e 13       		.uleb128 0x13
 878 047f 7C020000 		.4byte	.LASF40
 879 0483 09       		.byte	0x9
ARM GAS  C:\Users\allu9\AppData\Local\Temp\ccXaUxlj.s 			page 18


 880 0484 76       		.byte	0x76
 881 0485 12       		.uleb128 0x12
 882 0486 8D000000 		.4byte	0x8d
 883 048a 00       		.byte	0
 884 048b 00       		.byte	0
 885              		.section	.debug_abbrev,"",%progbits
 886              	.Ldebug_abbrev0:
 887 0000 01       		.uleb128 0x1
 888 0001 11       		.uleb128 0x11
 889 0002 01       		.byte	0x1
 890 0003 25       		.uleb128 0x25
 891 0004 0E       		.uleb128 0xe
 892 0005 13       		.uleb128 0x13
 893 0006 0B       		.uleb128 0xb
 894 0007 03       		.uleb128 0x3
 895 0008 0E       		.uleb128 0xe
 896 0009 1B       		.uleb128 0x1b
 897 000a 0E       		.uleb128 0xe
 898 000b 55       		.uleb128 0x55
 899 000c 17       		.uleb128 0x17
 900 000d 11       		.uleb128 0x11
 901 000e 01       		.uleb128 0x1
 902 000f 10       		.uleb128 0x10
 903 0010 17       		.uleb128 0x17
 904 0011 00       		.byte	0
 905 0012 00       		.byte	0
 906 0013 02       		.uleb128 0x2
 907 0014 24       		.uleb128 0x24
 908 0015 00       		.byte	0
 909 0016 0B       		.uleb128 0xb
 910 0017 0B       		.uleb128 0xb
 911 0018 3E       		.uleb128 0x3e
 912 0019 0B       		.uleb128 0xb
 913 001a 03       		.uleb128 0x3
 914 001b 0E       		.uleb128 0xe
 915 001c 00       		.byte	0
 916 001d 00       		.byte	0
 917 001e 03       		.uleb128 0x3
 918 001f 16       		.uleb128 0x16
 919 0020 00       		.byte	0
 920 0021 03       		.uleb128 0x3
 921 0022 0E       		.uleb128 0xe
 922 0023 3A       		.uleb128 0x3a
 923 0024 0B       		.uleb128 0xb
 924 0025 3B       		.uleb128 0x3b
 925 0026 0B       		.uleb128 0xb
 926 0027 49       		.uleb128 0x49
 927 0028 13       		.uleb128 0x13
 928 0029 00       		.byte	0
 929 002a 00       		.byte	0
 930 002b 04       		.uleb128 0x4
 931 002c 24       		.uleb128 0x24
 932 002d 00       		.byte	0
 933 002e 0B       		.uleb128 0xb
 934 002f 0B       		.uleb128 0xb
 935 0030 3E       		.uleb128 0x3e
 936 0031 0B       		.uleb128 0xb
ARM GAS  C:\Users\allu9\AppData\Local\Temp\ccXaUxlj.s 			page 19


 937 0032 03       		.uleb128 0x3
 938 0033 08       		.uleb128 0x8
 939 0034 00       		.byte	0
 940 0035 00       		.byte	0
 941 0036 05       		.uleb128 0x5
 942 0037 16       		.uleb128 0x16
 943 0038 00       		.byte	0
 944 0039 03       		.uleb128 0x3
 945 003a 0E       		.uleb128 0xe
 946 003b 3A       		.uleb128 0x3a
 947 003c 0B       		.uleb128 0xb
 948 003d 3B       		.uleb128 0x3b
 949 003e 05       		.uleb128 0x5
 950 003f 49       		.uleb128 0x49
 951 0040 13       		.uleb128 0x13
 952 0041 00       		.byte	0
 953 0042 00       		.byte	0
 954 0043 06       		.uleb128 0x6
 955 0044 2E       		.uleb128 0x2e
 956 0045 01       		.byte	0x1
 957 0046 3F       		.uleb128 0x3f
 958 0047 19       		.uleb128 0x19
 959 0048 03       		.uleb128 0x3
 960 0049 0E       		.uleb128 0xe
 961 004a 3A       		.uleb128 0x3a
 962 004b 0B       		.uleb128 0xb
 963 004c 3B       		.uleb128 0x3b
 964 004d 0B       		.uleb128 0xb
 965 004e 11       		.uleb128 0x11
 966 004f 01       		.uleb128 0x1
 967 0050 12       		.uleb128 0x12
 968 0051 06       		.uleb128 0x6
 969 0052 40       		.uleb128 0x40
 970 0053 18       		.uleb128 0x18
 971 0054 9742     		.uleb128 0x2117
 972 0056 19       		.uleb128 0x19
 973 0057 01       		.uleb128 0x1
 974 0058 13       		.uleb128 0x13
 975 0059 00       		.byte	0
 976 005a 00       		.byte	0
 977 005b 07       		.uleb128 0x7
 978 005c 898201   		.uleb128 0x4109
 979 005f 00       		.byte	0
 980 0060 11       		.uleb128 0x11
 981 0061 01       		.uleb128 0x1
 982 0062 31       		.uleb128 0x31
 983 0063 13       		.uleb128 0x13
 984 0064 00       		.byte	0
 985 0065 00       		.byte	0
 986 0066 08       		.uleb128 0x8
 987 0067 2E       		.uleb128 0x2e
 988 0068 01       		.byte	0x1
 989 0069 3F       		.uleb128 0x3f
 990 006a 19       		.uleb128 0x19
 991 006b 03       		.uleb128 0x3
 992 006c 0E       		.uleb128 0xe
 993 006d 3A       		.uleb128 0x3a
ARM GAS  C:\Users\allu9\AppData\Local\Temp\ccXaUxlj.s 			page 20


 994 006e 0B       		.uleb128 0xb
 995 006f 3B       		.uleb128 0x3b
 996 0070 0B       		.uleb128 0xb
 997 0071 27       		.uleb128 0x27
 998 0072 19       		.uleb128 0x19
 999 0073 11       		.uleb128 0x11
 1000 0074 01       		.uleb128 0x1
 1001 0075 12       		.uleb128 0x12
 1002 0076 06       		.uleb128 0x6
 1003 0077 40       		.uleb128 0x40
 1004 0078 18       		.uleb128 0x18
 1005 0079 9742     		.uleb128 0x2117
 1006 007b 19       		.uleb128 0x19
 1007 007c 01       		.uleb128 0x1
 1008 007d 13       		.uleb128 0x13
 1009 007e 00       		.byte	0
 1010 007f 00       		.byte	0
 1011 0080 09       		.uleb128 0x9
 1012 0081 05       		.uleb128 0x5
 1013 0082 00       		.byte	0
 1014 0083 03       		.uleb128 0x3
 1015 0084 0E       		.uleb128 0xe
 1016 0085 3A       		.uleb128 0x3a
 1017 0086 0B       		.uleb128 0xb
 1018 0087 3B       		.uleb128 0x3b
 1019 0088 0B       		.uleb128 0xb
 1020 0089 49       		.uleb128 0x49
 1021 008a 13       		.uleb128 0x13
 1022 008b 02       		.uleb128 0x2
 1023 008c 17       		.uleb128 0x17
 1024 008d 00       		.byte	0
 1025 008e 00       		.byte	0
 1026 008f 0A       		.uleb128 0xa
 1027 0090 898201   		.uleb128 0x4109
 1028 0093 01       		.byte	0x1
 1029 0094 11       		.uleb128 0x11
 1030 0095 01       		.uleb128 0x1
 1031 0096 31       		.uleb128 0x31
 1032 0097 13       		.uleb128 0x13
 1033 0098 01       		.uleb128 0x1
 1034 0099 13       		.uleb128 0x13
 1035 009a 00       		.byte	0
 1036 009b 00       		.byte	0
 1037 009c 0B       		.uleb128 0xb
 1038 009d 8A8201   		.uleb128 0x410a
 1039 00a0 00       		.byte	0
 1040 00a1 02       		.uleb128 0x2
 1041 00a2 18       		.uleb128 0x18
 1042 00a3 9142     		.uleb128 0x2111
 1043 00a5 18       		.uleb128 0x18
 1044 00a6 00       		.byte	0
 1045 00a7 00       		.byte	0
 1046 00a8 0C       		.uleb128 0xc
 1047 00a9 898201   		.uleb128 0x4109
 1048 00ac 01       		.byte	0x1
 1049 00ad 11       		.uleb128 0x11
 1050 00ae 01       		.uleb128 0x1
ARM GAS  C:\Users\allu9\AppData\Local\Temp\ccXaUxlj.s 			page 21


 1051 00af 31       		.uleb128 0x31
 1052 00b0 13       		.uleb128 0x13
 1053 00b1 00       		.byte	0
 1054 00b2 00       		.byte	0
 1055 00b3 0D       		.uleb128 0xd
 1056 00b4 05       		.uleb128 0x5
 1057 00b5 00       		.byte	0
 1058 00b6 03       		.uleb128 0x3
 1059 00b7 0E       		.uleb128 0xe
 1060 00b8 3A       		.uleb128 0x3a
 1061 00b9 0B       		.uleb128 0xb
 1062 00ba 3B       		.uleb128 0x3b
 1063 00bb 0B       		.uleb128 0xb
 1064 00bc 49       		.uleb128 0x49
 1065 00bd 13       		.uleb128 0x13
 1066 00be 02       		.uleb128 0x2
 1067 00bf 18       		.uleb128 0x18
 1068 00c0 00       		.byte	0
 1069 00c1 00       		.byte	0
 1070 00c2 0E       		.uleb128 0xe
 1071 00c3 34       		.uleb128 0x34
 1072 00c4 00       		.byte	0
 1073 00c5 03       		.uleb128 0x3
 1074 00c6 0E       		.uleb128 0xe
 1075 00c7 3A       		.uleb128 0x3a
 1076 00c8 0B       		.uleb128 0xb
 1077 00c9 3B       		.uleb128 0x3b
 1078 00ca 05       		.uleb128 0x5
 1079 00cb 49       		.uleb128 0x49
 1080 00cc 13       		.uleb128 0x13
 1081 00cd 3F       		.uleb128 0x3f
 1082 00ce 19       		.uleb128 0x19
 1083 00cf 3C       		.uleb128 0x3c
 1084 00d0 19       		.uleb128 0x19
 1085 00d1 00       		.byte	0
 1086 00d2 00       		.byte	0
 1087 00d3 0F       		.uleb128 0xf
 1088 00d4 35       		.uleb128 0x35
 1089 00d5 00       		.byte	0
 1090 00d6 49       		.uleb128 0x49
 1091 00d7 13       		.uleb128 0x13
 1092 00d8 00       		.byte	0
 1093 00d9 00       		.byte	0
 1094 00da 10       		.uleb128 0x10
 1095 00db 2E       		.uleb128 0x2e
 1096 00dc 00       		.byte	0
 1097 00dd 3F       		.uleb128 0x3f
 1098 00de 19       		.uleb128 0x19
 1099 00df 03       		.uleb128 0x3
 1100 00e0 0E       		.uleb128 0xe
 1101 00e1 3A       		.uleb128 0x3a
 1102 00e2 0B       		.uleb128 0xb
 1103 00e3 3B       		.uleb128 0x3b
 1104 00e4 0B       		.uleb128 0xb
 1105 00e5 27       		.uleb128 0x27
 1106 00e6 19       		.uleb128 0x19
 1107 00e7 3C       		.uleb128 0x3c
ARM GAS  C:\Users\allu9\AppData\Local\Temp\ccXaUxlj.s 			page 22


 1108 00e8 19       		.uleb128 0x19
 1109 00e9 00       		.byte	0
 1110 00ea 00       		.byte	0
 1111 00eb 11       		.uleb128 0x11
 1112 00ec 2E       		.uleb128 0x2e
 1113 00ed 01       		.byte	0x1
 1114 00ee 3F       		.uleb128 0x3f
 1115 00ef 19       		.uleb128 0x19
 1116 00f0 03       		.uleb128 0x3
 1117 00f1 0E       		.uleb128 0xe
 1118 00f2 3A       		.uleb128 0x3a
 1119 00f3 0B       		.uleb128 0xb
 1120 00f4 3B       		.uleb128 0x3b
 1121 00f5 0B       		.uleb128 0xb
 1122 00f6 27       		.uleb128 0x27
 1123 00f7 19       		.uleb128 0x19
 1124 00f8 3C       		.uleb128 0x3c
 1125 00f9 19       		.uleb128 0x19
 1126 00fa 01       		.uleb128 0x1
 1127 00fb 13       		.uleb128 0x13
 1128 00fc 00       		.byte	0
 1129 00fd 00       		.byte	0
 1130 00fe 12       		.uleb128 0x12
 1131 00ff 05       		.uleb128 0x5
 1132 0100 00       		.byte	0
 1133 0101 49       		.uleb128 0x49
 1134 0102 13       		.uleb128 0x13
 1135 0103 00       		.byte	0
 1136 0104 00       		.byte	0
 1137 0105 13       		.uleb128 0x13
 1138 0106 2E       		.uleb128 0x2e
 1139 0107 01       		.byte	0x1
 1140 0108 3F       		.uleb128 0x3f
 1141 0109 19       		.uleb128 0x19
 1142 010a 03       		.uleb128 0x3
 1143 010b 0E       		.uleb128 0xe
 1144 010c 3A       		.uleb128 0x3a
 1145 010d 0B       		.uleb128 0xb
 1146 010e 3B       		.uleb128 0x3b
 1147 010f 0B       		.uleb128 0xb
 1148 0110 27       		.uleb128 0x27
 1149 0111 19       		.uleb128 0x19
 1150 0112 3C       		.uleb128 0x3c
 1151 0113 19       		.uleb128 0x19
 1152 0114 00       		.byte	0
 1153 0115 00       		.byte	0
 1154 0116 00       		.byte	0
 1155              		.section	.debug_loc,"",%progbits
 1156              	.Ldebug_loc0:
 1157              	.LLST0:
 1158 0000 00000000 		.4byte	.LVL2
 1159 0004 08000000 		.4byte	.LVL3
 1160 0008 0100     		.2byte	0x1
 1161 000a 50       		.byte	0x50
 1162 000b 08000000 		.4byte	.LVL3
 1163 000f 26000000 		.4byte	.LFE65
 1164 0013 0400     		.2byte	0x4
ARM GAS  C:\Users\allu9\AppData\Local\Temp\ccXaUxlj.s 			page 23


 1165 0015 F3       		.byte	0xf3
 1166 0016 01       		.uleb128 0x1
 1167 0017 50       		.byte	0x50
 1168 0018 9F       		.byte	0x9f
 1169 0019 00000000 		.4byte	0
 1170 001d 00000000 		.4byte	0
 1171              	.LLST1:
 1172 0021 00000000 		.4byte	.LVL2
 1173 0025 0B000000 		.4byte	.LVL4-1
 1174 0029 0100     		.2byte	0x1
 1175 002b 51       		.byte	0x51
 1176 002c 0B000000 		.4byte	.LVL4-1
 1177 0030 26000000 		.4byte	.LFE65
 1178 0034 0100     		.2byte	0x1
 1179 0036 55       		.byte	0x55
 1180 0037 00000000 		.4byte	0
 1181 003b 00000000 		.4byte	0
 1182              	.LLST2:
 1183 003f 00000000 		.4byte	.LVL9
 1184 0043 0A000000 		.4byte	.LVL10
 1185 0047 0100     		.2byte	0x1
 1186 0049 50       		.byte	0x50
 1187 004a 0A000000 		.4byte	.LVL10
 1188 004e 28000000 		.4byte	.LFE66
 1189 0052 0400     		.2byte	0x4
 1190 0054 F3       		.byte	0xf3
 1191 0055 01       		.uleb128 0x1
 1192 0056 50       		.byte	0x50
 1193 0057 9F       		.byte	0x9f
 1194 0058 00000000 		.4byte	0
 1195 005c 00000000 		.4byte	0
 1196              	.LLST3:
 1197 0060 00000000 		.4byte	.LVL9
 1198 0064 0D000000 		.4byte	.LVL11-1
 1199 0068 0100     		.2byte	0x1
 1200 006a 51       		.byte	0x51
 1201 006b 0D000000 		.4byte	.LVL11-1
 1202 006f 28000000 		.4byte	.LFE66
 1203 0073 0400     		.2byte	0x4
 1204 0075 F3       		.byte	0xf3
 1205 0076 01       		.uleb128 0x1
 1206 0077 51       		.byte	0x51
 1207 0078 9F       		.byte	0x9f
 1208 0079 00000000 		.4byte	0
 1209 007d 00000000 		.4byte	0
 1210              	.LLST4:
 1211 0081 00000000 		.4byte	.LVL9
 1212 0085 0D000000 		.4byte	.LVL11-1
 1213 0089 0100     		.2byte	0x1
 1214 008b 52       		.byte	0x52
 1215 008c 0D000000 		.4byte	.LVL11-1
 1216 0090 28000000 		.4byte	.LFE66
 1217 0094 0100     		.2byte	0x1
 1218 0096 54       		.byte	0x54
 1219 0097 00000000 		.4byte	0
 1220 009b 00000000 		.4byte	0
 1221              	.LLST5:
ARM GAS  C:\Users\allu9\AppData\Local\Temp\ccXaUxlj.s 			page 24


 1222 009f 00000000 		.4byte	.LVL16
 1223 00a3 0A000000 		.4byte	.LVL17
 1224 00a7 0100     		.2byte	0x1
 1225 00a9 50       		.byte	0x50
 1226 00aa 0A000000 		.4byte	.LVL17
 1227 00ae 28000000 		.4byte	.LFE67
 1228 00b2 0400     		.2byte	0x4
 1229 00b4 F3       		.byte	0xf3
 1230 00b5 01       		.uleb128 0x1
 1231 00b6 50       		.byte	0x50
 1232 00b7 9F       		.byte	0x9f
 1233 00b8 00000000 		.4byte	0
 1234 00bc 00000000 		.4byte	0
 1235              	.LLST6:
 1236 00c0 00000000 		.4byte	.LVL16
 1237 00c4 0D000000 		.4byte	.LVL18-1
 1238 00c8 0100     		.2byte	0x1
 1239 00ca 51       		.byte	0x51
 1240 00cb 0D000000 		.4byte	.LVL18-1
 1241 00cf 28000000 		.4byte	.LFE67
 1242 00d3 0400     		.2byte	0x4
 1243 00d5 F3       		.byte	0xf3
 1244 00d6 01       		.uleb128 0x1
 1245 00d7 51       		.byte	0x51
 1246 00d8 9F       		.byte	0x9f
 1247 00d9 00000000 		.4byte	0
 1248 00dd 00000000 		.4byte	0
 1249              	.LLST7:
 1250 00e1 00000000 		.4byte	.LVL16
 1251 00e5 0D000000 		.4byte	.LVL18-1
 1252 00e9 0100     		.2byte	0x1
 1253 00eb 52       		.byte	0x52
 1254 00ec 0D000000 		.4byte	.LVL18-1
 1255 00f0 28000000 		.4byte	.LFE67
 1256 00f4 0100     		.2byte	0x1
 1257 00f6 54       		.byte	0x54
 1258 00f7 00000000 		.4byte	0
 1259 00fb 00000000 		.4byte	0
 1260              	.LLST8:
 1261 00ff 00000000 		.4byte	.LVL23
 1262 0103 08000000 		.4byte	.LVL24
 1263 0107 0100     		.2byte	0x1
 1264 0109 50       		.byte	0x50
 1265 010a 08000000 		.4byte	.LVL24
 1266 010e 26000000 		.4byte	.LFE68
 1267 0112 0400     		.2byte	0x4
 1268 0114 F3       		.byte	0xf3
 1269 0115 01       		.uleb128 0x1
 1270 0116 50       		.byte	0x50
 1271 0117 9F       		.byte	0x9f
 1272 0118 00000000 		.4byte	0
 1273 011c 00000000 		.4byte	0
 1274              	.LLST9:
 1275 0120 00000000 		.4byte	.LVL23
 1276 0124 0B000000 		.4byte	.LVL25-1
 1277 0128 0100     		.2byte	0x1
 1278 012a 51       		.byte	0x51
ARM GAS  C:\Users\allu9\AppData\Local\Temp\ccXaUxlj.s 			page 25


 1279 012b 0B000000 		.4byte	.LVL25-1
 1280 012f 26000000 		.4byte	.LFE68
 1281 0133 0100     		.2byte	0x1
 1282 0135 55       		.byte	0x55
 1283 0136 00000000 		.4byte	0
 1284 013a 00000000 		.4byte	0
 1285              	.LLST10:
 1286 013e 00000000 		.4byte	.LVL30
 1287 0142 0A000000 		.4byte	.LVL31
 1288 0146 0100     		.2byte	0x1
 1289 0148 50       		.byte	0x50
 1290 0149 0A000000 		.4byte	.LVL31
 1291 014d 28000000 		.4byte	.LFE69
 1292 0151 0400     		.2byte	0x4
 1293 0153 F3       		.byte	0xf3
 1294 0154 01       		.uleb128 0x1
 1295 0155 50       		.byte	0x50
 1296 0156 9F       		.byte	0x9f
 1297 0157 00000000 		.4byte	0
 1298 015b 00000000 		.4byte	0
 1299              	.LLST11:
 1300 015f 00000000 		.4byte	.LVL30
 1301 0163 0D000000 		.4byte	.LVL32-1
 1302 0167 0100     		.2byte	0x1
 1303 0169 51       		.byte	0x51
 1304 016a 0D000000 		.4byte	.LVL32-1
 1305 016e 28000000 		.4byte	.LFE69
 1306 0172 0100     		.2byte	0x1
 1307 0174 56       		.byte	0x56
 1308 0175 00000000 		.4byte	0
 1309 0179 00000000 		.4byte	0
 1310              	.LLST12:
 1311 017d 00000000 		.4byte	.LVL30
 1312 0181 0D000000 		.4byte	.LVL32-1
 1313 0185 0100     		.2byte	0x1
 1314 0187 52       		.byte	0x52
 1315 0188 0D000000 		.4byte	.LVL32-1
 1316 018c 28000000 		.4byte	.LFE69
 1317 0190 0400     		.2byte	0x4
 1318 0192 F3       		.byte	0xf3
 1319 0193 01       		.uleb128 0x1
 1320 0194 52       		.byte	0x52
 1321 0195 9F       		.byte	0x9f
 1322 0196 00000000 		.4byte	0
 1323 019a 00000000 		.4byte	0
 1324              	.LLST13:
 1325 019e 00000000 		.4byte	.LVL30
 1326 01a2 0D000000 		.4byte	.LVL32-1
 1327 01a6 0100     		.2byte	0x1
 1328 01a8 53       		.byte	0x53
 1329 01a9 0D000000 		.4byte	.LVL32-1
 1330 01ad 28000000 		.4byte	.LFE69
 1331 01b1 0400     		.2byte	0x4
 1332 01b3 F3       		.byte	0xf3
 1333 01b4 01       		.uleb128 0x1
 1334 01b5 53       		.byte	0x53
 1335 01b6 9F       		.byte	0x9f
ARM GAS  C:\Users\allu9\AppData\Local\Temp\ccXaUxlj.s 			page 26


 1336 01b7 00000000 		.4byte	0
 1337 01bb 00000000 		.4byte	0
 1338              		.section	.debug_aranges,"",%progbits
 1339 0000 4C000000 		.4byte	0x4c
 1340 0004 0200     		.2byte	0x2
 1341 0006 00000000 		.4byte	.Ldebug_info0
 1342 000a 04       		.byte	0x4
 1343 000b 00       		.byte	0
 1344 000c 0000     		.2byte	0
 1345 000e 0000     		.2byte	0
 1346 0010 00000000 		.4byte	.LFB63
 1347 0014 08000000 		.4byte	.LFE63-.LFB63
 1348 0018 00000000 		.4byte	.LFB64
 1349 001c 08000000 		.4byte	.LFE64-.LFB64
 1350 0020 00000000 		.4byte	.LFB65
 1351 0024 26000000 		.4byte	.LFE65-.LFB65
 1352 0028 00000000 		.4byte	.LFB66
 1353 002c 28000000 		.4byte	.LFE66-.LFB66
 1354 0030 00000000 		.4byte	.LFB67
 1355 0034 28000000 		.4byte	.LFE67-.LFB67
 1356 0038 00000000 		.4byte	.LFB68
 1357 003c 26000000 		.4byte	.LFE68-.LFB68
 1358 0040 00000000 		.4byte	.LFB69
 1359 0044 28000000 		.4byte	.LFE69-.LFB69
 1360 0048 00000000 		.4byte	0
 1361 004c 00000000 		.4byte	0
 1362              		.section	.debug_ranges,"",%progbits
 1363              	.Ldebug_ranges0:
 1364 0000 00000000 		.4byte	.LFB63
 1365 0004 08000000 		.4byte	.LFE63
 1366 0008 00000000 		.4byte	.LFB64
 1367 000c 08000000 		.4byte	.LFE64
 1368 0010 00000000 		.4byte	.LFB65
 1369 0014 26000000 		.4byte	.LFE65
 1370 0018 00000000 		.4byte	.LFB66
 1371 001c 28000000 		.4byte	.LFE66
 1372 0020 00000000 		.4byte	.LFB67
 1373 0024 28000000 		.4byte	.LFE67
 1374 0028 00000000 		.4byte	.LFB68
 1375 002c 26000000 		.4byte	.LFE68
 1376 0030 00000000 		.4byte	.LFB69
 1377 0034 28000000 		.4byte	.LFE69
 1378 0038 00000000 		.4byte	0
 1379 003c 00000000 		.4byte	0
 1380              		.section	.debug_line,"",%progbits
 1381              	.Ldebug_line0:
 1382 0000 19020000 		.section	.debug_str,"MS",%progbits,1
 1382      02008D01 
 1382      00000201 
 1382      FB0E0D00 
 1382      01010101 
 1383              	.LASF9:
 1384 0000 5F5F696E 		.ascii	"__int32_t\000"
 1384      7433325F 
 1384      7400
 1385              	.LASF26:
 1386 000a 6D6F746F 		.ascii	"motor_backward\000"
ARM GAS  C:\Users\allu9\AppData\Local\Temp\ccXaUxlj.s 			page 27


 1386      725F6261 
 1386      636B7761 
 1386      726400
 1387              	.LASF24:
 1388 0019 725F7370 		.ascii	"r_speed\000"
 1388      65656400 
 1389              	.LASF33:
 1390 0021 4D6F746F 		.ascii	"MotorDirRight_Write\000"
 1390      72446972 
 1390      52696768 
 1390      745F5772 
 1390      69746500 
 1391              	.LASF11:
 1392 0035 75696E74 		.ascii	"uint8\000"
 1392      3800
 1393              	.LASF10:
 1394 003b 696E7433 		.ascii	"int32_t\000"
 1394      325F7400 
 1395              	.LASF13:
 1396 0043 666C6F61 		.ascii	"float\000"
 1396      7400
 1397              	.LASF0:
 1398 0049 7369676E 		.ascii	"signed char\000"
 1398      65642063 
 1398      68617200 
 1399              	.LASF20:
 1400 0055 64656C61 		.ascii	"delay\000"
 1400      7900
 1401              	.LASF1:
 1402 005b 756E7369 		.ascii	"unsigned char\000"
 1402      676E6564 
 1402      20636861 
 1402      7200
 1403              	.LASF5:
 1404 0069 6C6F6E67 		.ascii	"long unsigned int\000"
 1404      20756E73 
 1404      69676E65 
 1404      6420696E 
 1404      7400
 1405              	.LASF28:
 1406 007b 6C5F6469 		.ascii	"l_dir\000"
 1406      7200
 1407              	.LASF32:
 1408 0081 4D6F746F 		.ascii	"MotorDirLeft_Write\000"
 1408      72446972 
 1408      4C656674 
 1408      5F577269 
 1408      746500
 1409              	.LASF39:
 1410 0094 49544D5F 		.ascii	"ITM_RxBuffer\000"
 1410      52784275 
 1410      66666572 
 1410      00
 1411              	.LASF21:
 1412 00a1 6D6F746F 		.ascii	"motor_forward\000"
 1412      725F666F 
 1412      72776172 
ARM GAS  C:\Users\allu9\AppData\Local\Temp\ccXaUxlj.s 			page 28


 1412      6400
 1413              	.LASF14:
 1414 00af 646F7562 		.ascii	"double\000"
 1414      6C6500
 1415              	.LASF18:
 1416 00b6 6D6F746F 		.ascii	"motor_stop\000"
 1416      725F7374 
 1416      6F7000
 1417              	.LASF37:
 1418 00c1 5A756D6F 		.ascii	"ZumoLibrary\\Motor.c\000"
 1418      4C696272 
 1418      6172795C 
 1418      4D6F746F 
 1418      722E6300 
 1419              	.LASF12:
 1420 00d5 75696E74 		.ascii	"uint32\000"
 1420      333200
 1421              	.LASF36:
 1422 00dc 474E5520 		.ascii	"GNU C 4.9.3 20150303 (release) [ARM/embedded-4_9-br"
 1422      4320342E 
 1422      392E3320 
 1422      32303135 
 1422      30333033 
 1423 010f 616E6368 		.ascii	"anch revision 221220] -mcpu=cortex-m3 -mthumb -g -O"
 1423      20726576 
 1423      6973696F 
 1423      6E203232 
 1423      31323230 
 1424 0142 67202D66 		.ascii	"g -ffunction-sections -ffat-lto-objects\000"
 1424      66756E63 
 1424      74696F6E 
 1424      2D736563 
 1424      74696F6E 
 1425              	.LASF27:
 1426 016a 6D6F746F 		.ascii	"motor_sharp_turn\000"
 1426      725F7368 
 1426      6172705F 
 1426      7475726E 
 1426      00
 1427              	.LASF8:
 1428 017b 756E7369 		.ascii	"unsigned int\000"
 1428      676E6564 
 1428      20696E74 
 1428      00
 1429              	.LASF23:
 1430 0188 6C5F7370 		.ascii	"l_speed\000"
 1430      65656400 
 1431              	.LASF7:
 1432 0190 6C6F6E67 		.ascii	"long long unsigned int\000"
 1432      206C6F6E 
 1432      6720756E 
 1432      7369676E 
 1432      65642069 
 1433              	.LASF17:
 1434 01a7 6D6F746F 		.ascii	"motor_start\000"
 1434      725F7374 
 1434      61727400 
ARM GAS  C:\Users\allu9\AppData\Local\Temp\ccXaUxlj.s 			page 29


 1435              	.LASF34:
 1436 01b3 50574D5F 		.ascii	"PWM_WriteCompare1\000"
 1436      57726974 
 1436      65436F6D 
 1436      70617265 
 1436      3100
 1437              	.LASF35:
 1438 01c5 50574D5F 		.ascii	"PWM_WriteCompare2\000"
 1438      57726974 
 1438      65436F6D 
 1438      70617265 
 1438      3200
 1439              	.LASF29:
 1440 01d7 725F6469 		.ascii	"r_dir\000"
 1440      7200
 1441              	.LASF19:
 1442 01dd 73706565 		.ascii	"speed\000"
 1442      6400
 1443              	.LASF16:
 1444 01e3 73697A65 		.ascii	"sizetype\000"
 1444      74797065 
 1444      00
 1445              	.LASF25:
 1446 01ec 6D6F746F 		.ascii	"motor_turnb\000"
 1446      725F7475 
 1446      726E6200 
 1447              	.LASF3:
 1448 01f8 73686F72 		.ascii	"short unsigned int\000"
 1448      7420756E 
 1448      7369676E 
 1448      65642069 
 1448      6E7400
 1449              	.LASF6:
 1450 020b 6C6F6E67 		.ascii	"long long int\000"
 1450      206C6F6E 
 1450      6720696E 
 1450      7400
 1451              	.LASF15:
 1452 0219 63686172 		.ascii	"char\000"
 1452      00
 1453              	.LASF2:
 1454 021e 73686F72 		.ascii	"short int\000"
 1454      7420696E 
 1454      7400
 1455              	.LASF30:
 1456 0228 50574D5F 		.ascii	"PWM_Start\000"
 1456      53746172 
 1456      7400
 1457              	.LASF31:
 1458 0232 50574D5F 		.ascii	"PWM_Stop\000"
 1458      53746F70 
 1458      00
 1459              	.LASF4:
 1460 023b 6C6F6E67 		.ascii	"long int\000"
 1460      20696E74 
 1460      00
 1461              	.LASF22:
ARM GAS  C:\Users\allu9\AppData\Local\Temp\ccXaUxlj.s 			page 30


 1462 0244 6D6F746F 		.ascii	"motor_turn\000"
 1462      725F7475 
 1462      726E00
 1463              	.LASF38:
 1464 024f 433A5C55 		.ascii	"C:\\Users\\allu9\\Tuomo\\ZumoTUOMO\\ZumoBot.cydsn\000"
 1464      73657273 
 1464      5C616C6C 
 1464      75395C54 
 1464      756F6D6F 
 1465              	.LASF40:
 1466 027c 43794465 		.ascii	"CyDelay\000"
 1466      6C617900 
 1467              		.ident	"GCC: (GNU Tools for ARM Embedded Processors) 4.9.3 20150303 (release) [ARM/embedded-4_9-br
