ARM GAS  C:\Users\allu9\AppData\Local\Temp\ccA3WY7V.s 			page 1


   1              		.syntax unified
   2              		.cpu cortex-m3
   3              		.fpu softvfp
   4              		.eabi_attribute 20, 1
   5              		.eabi_attribute 21, 1
   6              		.eabi_attribute 23, 3
   7              		.eabi_attribute 24, 1
   8              		.eabi_attribute 25, 1
   9              		.eabi_attribute 26, 1
  10              		.eabi_attribute 30, 1
  11              		.eabi_attribute 34, 1
  12              		.eabi_attribute 18, 4
  13              		.thumb
  14              		.file	"Reflectance.c"
  15              		.text
  16              	.Ltext0:
  17              		.cfi_sections	.debug_frame
  18              		.section	.text.sensor_isr_handler,"ax",%progbits
  19              		.align	2
  20              		.global	sensor_isr_handler
  21              		.thumb
  22              		.thumb_func
  23              		.type	sensor_isr_handler, %function
  24              	sensor_isr_handler:
  25              	.LFB63:
  26              		.file 1 "ZumoLibrary\\Reflectance.c"
   1:ZumoLibrary/Reflectance.c **** /**
   2:ZumoLibrary/Reflectance.c ****  * @file    Reflectance.c
   3:ZumoLibrary/Reflectance.c ****  * @brief   Basic methods for operating reflectance sensor. For more details, please refer to Refle
   4:ZumoLibrary/Reflectance.c ****  * @details included in Zumo shield
   5:ZumoLibrary/Reflectance.c **** */
   6:ZumoLibrary/Reflectance.c **** #include <project.h>
   7:ZumoLibrary/Reflectance.c **** #include <stdio.h>
   8:ZumoLibrary/Reflectance.c **** 
   9:ZumoLibrary/Reflectance.c **** #include "Reflectance.h"
  10:ZumoLibrary/Reflectance.c **** 
  11:ZumoLibrary/Reflectance.c **** 
  12:ZumoLibrary/Reflectance.c **** 
  13:ZumoLibrary/Reflectance.c **** static volatile struct sensors_ sensors;
  14:ZumoLibrary/Reflectance.c **** static volatile struct sensors_  digital_sensor_value;
  15:ZumoLibrary/Reflectance.c **** static struct sensors_ threshold = { 10000, 10000, 10000, 10000};
  16:ZumoLibrary/Reflectance.c **** 
  17:ZumoLibrary/Reflectance.c **** /**
  18:ZumoLibrary/Reflectance.c **** * @brief    Reflectance Sensor Interrupt Handler
  19:ZumoLibrary/Reflectance.c **** * @details  Measuring each sensors' time to recognition of white or black
  20:ZumoLibrary/Reflectance.c **** */
  21:ZumoLibrary/Reflectance.c **** CY_ISR(sensor_isr_handler)
  22:ZumoLibrary/Reflectance.c **** {
  27              		.loc 1 22 0
  28              		.cfi_startproc
  29              		@ args = 0, pretend = 0, frame = 0
  30              		@ frame_needed = 0, uses_anonymous_args = 0
  31 0000 F8B5     		push	{r3, r4, r5, r6, r7, lr}
  32              		.cfi_def_cfa_offset 24
  33              		.cfi_offset 3, -24
  34              		.cfi_offset 4, -20
  35              		.cfi_offset 5, -16
ARM GAS  C:\Users\allu9\AppData\Local\Temp\ccA3WY7V.s 			page 2


  36              		.cfi_offset 6, -12
  37              		.cfi_offset 7, -8
  38              		.cfi_offset 14, -4
  23:ZumoLibrary/Reflectance.c ****     uint32_t statusR1 = Timer_R1_ReadStatusRegister();
  39              		.loc 1 23 0
  40 0002 FFF7FEFF 		bl	Timer_R1_ReadStatusRegister
  41              	.LVL0:
  42 0006 0446     		mov	r4, r0
  43              	.LVL1:
  24:ZumoLibrary/Reflectance.c ****     uint32_t statusR3 = Timer_R3_ReadStatusRegister();
  44              		.loc 1 24 0
  45 0008 FFF7FEFF 		bl	Timer_R3_ReadStatusRegister
  46              	.LVL2:
  47 000c 0746     		mov	r7, r0
  48              	.LVL3:
  25:ZumoLibrary/Reflectance.c ****     uint32_t statusL3 = Timer_L3_ReadStatusRegister();
  49              		.loc 1 25 0
  50 000e FFF7FEFF 		bl	Timer_L3_ReadStatusRegister
  51              	.LVL4:
  52 0012 0646     		mov	r6, r0
  53              	.LVL5:
  26:ZumoLibrary/Reflectance.c ****     uint32_t statusL1 = Timer_L1_ReadStatusRegister();
  54              		.loc 1 26 0
  55 0014 FFF7FEFF 		bl	Timer_L1_ReadStatusRegister
  56              	.LVL6:
  57 0018 0546     		mov	r5, r0
  58              	.LVL7:
  27:ZumoLibrary/Reflectance.c **** 
  28:ZumoLibrary/Reflectance.c ****     if(statusR1 & Timer_R1_STATUS_CAPTURE) {
  59              		.loc 1 28 0
  60 001a 14F0400F 		tst	r4, #64
  61 001e 09D0     		beq	.L2
  29:ZumoLibrary/Reflectance.c ****         sensors.r1 = Timer_R1_ReadPeriod() - Timer_R1_ReadCapture();
  62              		.loc 1 29 0
  63 0020 FFF7FEFF 		bl	Timer_R1_ReadPeriod
  64              	.LVL8:
  65 0024 0446     		mov	r4, r0
  66              	.LVL9:
  67 0026 FFF7FEFF 		bl	Timer_R1_ReadCapture
  68              	.LVL10:
  69 002a 201A     		subs	r0, r4, r0
  70 002c 80B2     		uxth	r0, r0
  71 002e 354B     		ldr	r3, .L11
  72 0030 9880     		strh	r0, [r3, #4]	@ movhi
  73 0032 03E0     		b	.L3
  74              	.LVL11:
  75              	.L2:
  30:ZumoLibrary/Reflectance.c ****     }
  31:ZumoLibrary/Reflectance.c ****     else {
  32:ZumoLibrary/Reflectance.c ****         sensors.r1 = Timer_R1_ReadPeriod();
  76              		.loc 1 32 0
  77 0034 FFF7FEFF 		bl	Timer_R1_ReadPeriod
  78              	.LVL12:
  79 0038 324B     		ldr	r3, .L11
  80 003a 9880     		strh	r0, [r3, #4]	@ movhi
  81              	.LVL13:
  82              	.L3:
ARM GAS  C:\Users\allu9\AppData\Local\Temp\ccA3WY7V.s 			page 3


  33:ZumoLibrary/Reflectance.c ****     }
  34:ZumoLibrary/Reflectance.c ****     
  35:ZumoLibrary/Reflectance.c ****     if(statusR3 & Timer_R3_STATUS_CAPTURE) {
  83              		.loc 1 35 0
  84 003c 17F0400F 		tst	r7, #64
  85 0040 09D0     		beq	.L4
  36:ZumoLibrary/Reflectance.c ****         sensors.r3 = Timer_R3_ReadPeriod() - Timer_R3_ReadCapture();
  86              		.loc 1 36 0
  87 0042 FFF7FEFF 		bl	Timer_R3_ReadPeriod
  88              	.LVL14:
  89 0046 0446     		mov	r4, r0
  90 0048 FFF7FEFF 		bl	Timer_R3_ReadCapture
  91              	.LVL15:
  92 004c 201A     		subs	r0, r4, r0
  93 004e 80B2     		uxth	r0, r0
  94 0050 2C4B     		ldr	r3, .L11
  95 0052 D880     		strh	r0, [r3, #6]	@ movhi
  96 0054 03E0     		b	.L5
  97              	.L4:
  37:ZumoLibrary/Reflectance.c ****     }
  38:ZumoLibrary/Reflectance.c ****     else {
  39:ZumoLibrary/Reflectance.c ****         sensors.r3 = Timer_R3_ReadPeriod();
  98              		.loc 1 39 0
  99 0056 FFF7FEFF 		bl	Timer_R3_ReadPeriod
 100              	.LVL16:
 101 005a 2A4B     		ldr	r3, .L11
 102 005c D880     		strh	r0, [r3, #6]	@ movhi
 103              	.L5:
  40:ZumoLibrary/Reflectance.c ****     }
  41:ZumoLibrary/Reflectance.c ****     
  42:ZumoLibrary/Reflectance.c ****     if(statusL3 & Timer_L3_STATUS_CAPTURE) {
 104              		.loc 1 42 0
 105 005e 16F0400F 		tst	r6, #64
 106 0062 09D0     		beq	.L6
  43:ZumoLibrary/Reflectance.c ****         sensors.l3 = Timer_L3_ReadPeriod() - Timer_L3_ReadCapture();
 107              		.loc 1 43 0
 108 0064 FFF7FEFF 		bl	Timer_L3_ReadPeriod
 109              	.LVL17:
 110 0068 0446     		mov	r4, r0
 111 006a FFF7FEFF 		bl	Timer_L3_ReadCapture
 112              	.LVL18:
 113 006e 201A     		subs	r0, r4, r0
 114 0070 80B2     		uxth	r0, r0
 115 0072 244B     		ldr	r3, .L11
 116 0074 1880     		strh	r0, [r3]	@ movhi
 117 0076 03E0     		b	.L7
 118              	.L6:
  44:ZumoLibrary/Reflectance.c ****     }
  45:ZumoLibrary/Reflectance.c ****     else {
  46:ZumoLibrary/Reflectance.c ****         sensors.l3 = Timer_L3_ReadPeriod();
 119              		.loc 1 46 0
 120 0078 FFF7FEFF 		bl	Timer_L3_ReadPeriod
 121              	.LVL19:
 122 007c 214B     		ldr	r3, .L11
 123 007e 1880     		strh	r0, [r3]	@ movhi
 124              	.L7:
  47:ZumoLibrary/Reflectance.c ****     }
ARM GAS  C:\Users\allu9\AppData\Local\Temp\ccA3WY7V.s 			page 4


  48:ZumoLibrary/Reflectance.c ****     
  49:ZumoLibrary/Reflectance.c ****     if(statusL1 & Timer_L1_STATUS_CAPTURE) {
 125              		.loc 1 49 0
 126 0080 15F0400F 		tst	r5, #64
 127 0084 09D0     		beq	.L8
  50:ZumoLibrary/Reflectance.c ****         sensors.l1 = Timer_L1_ReadPeriod() - Timer_L1_ReadCapture();
 128              		.loc 1 50 0
 129 0086 FFF7FEFF 		bl	Timer_L1_ReadPeriod
 130              	.LVL20:
 131 008a 0446     		mov	r4, r0
 132 008c FFF7FEFF 		bl	Timer_L1_ReadCapture
 133              	.LVL21:
 134 0090 201A     		subs	r0, r4, r0
 135 0092 80B2     		uxth	r0, r0
 136 0094 1B4B     		ldr	r3, .L11
 137 0096 5880     		strh	r0, [r3, #2]	@ movhi
 138 0098 03E0     		b	.L9
 139              	.L8:
  51:ZumoLibrary/Reflectance.c ****     }
  52:ZumoLibrary/Reflectance.c ****     else {
  53:ZumoLibrary/Reflectance.c ****         sensors.l1 = Timer_L1_ReadPeriod();
 140              		.loc 1 53 0
 141 009a FFF7FEFF 		bl	Timer_L1_ReadPeriod
 142              	.LVL22:
 143 009e 194B     		ldr	r3, .L11
 144 00a0 5880     		strh	r0, [r3, #2]	@ movhi
 145              	.L9:
  54:ZumoLibrary/Reflectance.c ****     }
  55:ZumoLibrary/Reflectance.c ****     
  56:ZumoLibrary/Reflectance.c ****     R1_SetDriveMode(PIN_DM_STRONG);
 146              		.loc 1 56 0
 147 00a2 0C20     		movs	r0, #12
 148 00a4 FFF7FEFF 		bl	R1_SetDriveMode
 149              	.LVL23:
  57:ZumoLibrary/Reflectance.c ****     R1_Write(1);
 150              		.loc 1 57 0
 151 00a8 0120     		movs	r0, #1
 152 00aa FFF7FEFF 		bl	R1_Write
 153              	.LVL24:
  58:ZumoLibrary/Reflectance.c ****     R3_SetDriveMode(PIN_DM_STRONG);
 154              		.loc 1 58 0
 155 00ae 0C20     		movs	r0, #12
 156 00b0 FFF7FEFF 		bl	R3_SetDriveMode
 157              	.LVL25:
  59:ZumoLibrary/Reflectance.c ****     R3_Write(1);
 158              		.loc 1 59 0
 159 00b4 0120     		movs	r0, #1
 160 00b6 FFF7FEFF 		bl	R3_Write
 161              	.LVL26:
  60:ZumoLibrary/Reflectance.c ****     L3_SetDriveMode(PIN_DM_STRONG);
 162              		.loc 1 60 0
 163 00ba 0C20     		movs	r0, #12
 164 00bc FFF7FEFF 		bl	L3_SetDriveMode
 165              	.LVL27:
  61:ZumoLibrary/Reflectance.c ****     L3_Write(1);
 166              		.loc 1 61 0
 167 00c0 0120     		movs	r0, #1
ARM GAS  C:\Users\allu9\AppData\Local\Temp\ccA3WY7V.s 			page 5


 168 00c2 FFF7FEFF 		bl	L3_Write
 169              	.LVL28:
  62:ZumoLibrary/Reflectance.c ****     L1_SetDriveMode(PIN_DM_STRONG);
 170              		.loc 1 62 0
 171 00c6 0C20     		movs	r0, #12
 172 00c8 FFF7FEFF 		bl	L1_SetDriveMode
 173              	.LVL29:
  63:ZumoLibrary/Reflectance.c ****     L1_Write(1);
 174              		.loc 1 63 0
 175 00cc 0120     		movs	r0, #1
 176 00ce FFF7FEFF 		bl	L1_Write
 177              	.LVL30:
  64:ZumoLibrary/Reflectance.c ****     CyDelayUs(10);
 178              		.loc 1 64 0
 179 00d2 0A20     		movs	r0, #10
 180 00d4 FFF7FEFF 		bl	CyDelayUs
 181              	.LVL31:
  65:ZumoLibrary/Reflectance.c ****     R1_SetDriveMode(PIN_DM_DIG_HIZ);
 182              		.loc 1 65 0
 183 00d8 0220     		movs	r0, #2
 184 00da FFF7FEFF 		bl	R1_SetDriveMode
 185              	.LVL32:
  66:ZumoLibrary/Reflectance.c ****     R3_SetDriveMode(PIN_DM_DIG_HIZ);
 186              		.loc 1 66 0
 187 00de 0220     		movs	r0, #2
 188 00e0 FFF7FEFF 		bl	R3_SetDriveMode
 189              	.LVL33:
  67:ZumoLibrary/Reflectance.c ****     L3_SetDriveMode(PIN_DM_DIG_HIZ);
 190              		.loc 1 67 0
 191 00e4 0220     		movs	r0, #2
 192 00e6 FFF7FEFF 		bl	L3_SetDriveMode
 193              	.LVL34:
  68:ZumoLibrary/Reflectance.c ****     L1_SetDriveMode(PIN_DM_DIG_HIZ);
 194              		.loc 1 68 0
 195 00ea 0220     		movs	r0, #2
 196 00ec FFF7FEFF 		bl	L1_SetDriveMode
 197              	.LVL35:
  69:ZumoLibrary/Reflectance.c **** 
  70:ZumoLibrary/Reflectance.c ****     Timer_R1_ReadStatusRegister();
 198              		.loc 1 70 0
 199 00f0 FFF7FEFF 		bl	Timer_R1_ReadStatusRegister
 200              	.LVL36:
  71:ZumoLibrary/Reflectance.c ****     Timer_R3_ReadStatusRegister();
 201              		.loc 1 71 0
 202 00f4 FFF7FEFF 		bl	Timer_R3_ReadStatusRegister
 203              	.LVL37:
  72:ZumoLibrary/Reflectance.c ****     Timer_L3_ReadStatusRegister();
 204              		.loc 1 72 0
 205 00f8 FFF7FEFF 		bl	Timer_L3_ReadStatusRegister
 206              	.LVL38:
  73:ZumoLibrary/Reflectance.c ****     Timer_L1_ReadStatusRegister();
 207              		.loc 1 73 0
 208 00fc FFF7FEFF 		bl	Timer_L1_ReadStatusRegister
 209              	.LVL39:
 210 0100 F8BD     		pop	{r3, r4, r5, r6, r7, pc}
 211              	.LVL40:
 212              	.L12:
ARM GAS  C:\Users\allu9\AppData\Local\Temp\ccA3WY7V.s 			page 6


 213 0102 00BF     		.align	2
 214              	.L11:
 215 0104 00000000 		.word	.LANCHOR0
 216              		.cfi_endproc
 217              	.LFE63:
 218              		.size	sensor_isr_handler, .-sensor_isr_handler
 219              		.section	.text.reflectance_start,"ax",%progbits
 220              		.align	2
 221              		.global	reflectance_start
 222              		.thumb
 223              		.thumb_func
 224              		.type	reflectance_start, %function
 225              	reflectance_start:
 226              	.LFB64:
  74:ZumoLibrary/Reflectance.c **** }
  75:ZumoLibrary/Reflectance.c **** 
  76:ZumoLibrary/Reflectance.c **** 
  77:ZumoLibrary/Reflectance.c **** /**
  78:ZumoLibrary/Reflectance.c **** * @brief    Starting Reflectance Sensor
  79:ZumoLibrary/Reflectance.c **** * @details 
  80:ZumoLibrary/Reflectance.c **** */
  81:ZumoLibrary/Reflectance.c **** void reflectance_start()
  82:ZumoLibrary/Reflectance.c **** {
 227              		.loc 1 82 0
 228              		.cfi_startproc
 229              		@ args = 0, pretend = 0, frame = 0
 230              		@ frame_needed = 0, uses_anonymous_args = 0
 231 0000 08B5     		push	{r3, lr}
 232              		.cfi_def_cfa_offset 8
 233              		.cfi_offset 3, -8
 234              		.cfi_offset 14, -4
  83:ZumoLibrary/Reflectance.c ****     sensor_isr_StartEx(sensor_isr_handler);
 235              		.loc 1 83 0
 236 0002 0648     		ldr	r0, .L15
 237 0004 FFF7FEFF 		bl	sensor_isr_StartEx
 238              	.LVL41:
  84:ZumoLibrary/Reflectance.c ****     Timer_R1_Start();
 239              		.loc 1 84 0
 240 0008 FFF7FEFF 		bl	Timer_R1_Start
 241              	.LVL42:
  85:ZumoLibrary/Reflectance.c ****     Timer_R3_Start();
 242              		.loc 1 85 0
 243 000c FFF7FEFF 		bl	Timer_R3_Start
 244              	.LVL43:
  86:ZumoLibrary/Reflectance.c ****     Timer_L3_Start();
 245              		.loc 1 86 0
 246 0010 FFF7FEFF 		bl	Timer_L3_Start
 247              	.LVL44:
  87:ZumoLibrary/Reflectance.c ****     Timer_L1_Start();
 248              		.loc 1 87 0
 249 0014 FFF7FEFF 		bl	Timer_L1_Start
 250              	.LVL45:
 251 0018 08BD     		pop	{r3, pc}
 252              	.L16:
 253 001a 00BF     		.align	2
 254              	.L15:
 255 001c 00000000 		.word	sensor_isr_handler
ARM GAS  C:\Users\allu9\AppData\Local\Temp\ccA3WY7V.s 			page 7


 256              		.cfi_endproc
 257              	.LFE64:
 258              		.size	reflectance_start, .-reflectance_start
 259              		.section	.text.reflectance_read,"ax",%progbits
 260              		.align	2
 261              		.global	reflectance_read
 262              		.thumb
 263              		.thumb_func
 264              		.type	reflectance_read, %function
 265              	reflectance_read:
 266              	.LFB65:
  88:ZumoLibrary/Reflectance.c **** }
  89:ZumoLibrary/Reflectance.c **** 
  90:ZumoLibrary/Reflectance.c **** 
  91:ZumoLibrary/Reflectance.c **** /**
  92:ZumoLibrary/Reflectance.c **** * @brief    Read reflectance sensor values
  93:ZumoLibrary/Reflectance.c **** * @details
  94:ZumoLibrary/Reflectance.c **** */
  95:ZumoLibrary/Reflectance.c **** void reflectance_read(struct sensors_ *values)
  96:ZumoLibrary/Reflectance.c **** {
 267              		.loc 1 96 0
 268              		.cfi_startproc
 269              		@ args = 0, pretend = 0, frame = 0
 270              		@ frame_needed = 0, uses_anonymous_args = 0
 271              		@ link register save eliminated.
 272              	.LVL46:
 273 0000 0246     		mov	r2, r0
  97:ZumoLibrary/Reflectance.c ****     *values = sensors;
 274              		.loc 1 97 0
 275 0002 024B     		ldr	r3, .L18
 276 0004 03CB     		ldmia	r3!, {r0, r1}
 277              	.LVL47:
 278 0006 1060     		str	r0, [r2]	@ unaligned
 279 0008 5160     		str	r1, [r2, #4]	@ unaligned
 280 000a 7047     		bx	lr
 281              	.L19:
 282              		.align	2
 283              	.L18:
 284 000c 00000000 		.word	.LANCHOR0
 285              		.cfi_endproc
 286              	.LFE65:
 287              		.size	reflectance_read, .-reflectance_read
 288              		.section	.text.reflectance_digital,"ax",%progbits
 289              		.align	2
 290              		.global	reflectance_digital
 291              		.thumb
 292              		.thumb_func
 293              		.type	reflectance_digital, %function
 294              	reflectance_digital:
 295              	.LFB66:
  98:ZumoLibrary/Reflectance.c **** }
  99:ZumoLibrary/Reflectance.c **** 
 100:ZumoLibrary/Reflectance.c **** 
 101:ZumoLibrary/Reflectance.c **** /**
 102:ZumoLibrary/Reflectance.c **** * @brief    Making Reflectance Sensor's period to digital
 103:ZumoLibrary/Reflectance.c **** * @details
 104:ZumoLibrary/Reflectance.c **** */
ARM GAS  C:\Users\allu9\AppData\Local\Temp\ccA3WY7V.s 			page 8


 105:ZumoLibrary/Reflectance.c **** void reflectance_digital(struct sensors_ *digital)
 106:ZumoLibrary/Reflectance.c **** {
 296              		.loc 1 106 0
 297              		.cfi_startproc
 298              		@ args = 0, pretend = 0, frame = 0
 299              		@ frame_needed = 0, uses_anonymous_args = 0
 300              		@ link register save eliminated.
 301              	.LVL48:
 107:ZumoLibrary/Reflectance.c ****     //if the results of reflectance_period function is over threshold, set digital_sensor_value to 
 108:ZumoLibrary/Reflectance.c ****     if(sensors.l3 > threshold.l3)
 302              		.loc 1 108 0
 303 0000 184B     		ldr	r3, .L29
 304 0002 1B88     		ldrh	r3, [r3]
 305 0004 9BB2     		uxth	r3, r3
 306 0006 184A     		ldr	r2, .L29+4
 307 0008 1288     		ldrh	r2, [r2]
 308 000a 9342     		cmp	r3, r2
 309 000c 02D9     		bls	.L21
 109:ZumoLibrary/Reflectance.c ****         digital->l3 = 0;
 310              		.loc 1 109 0
 311 000e 0023     		movs	r3, #0
 312 0010 0380     		strh	r3, [r0]	@ movhi
 313 0012 01E0     		b	.L22
 314              	.L21:
 110:ZumoLibrary/Reflectance.c ****     else
 111:ZumoLibrary/Reflectance.c ****         digital->l3 = 1;
 315              		.loc 1 111 0
 316 0014 0123     		movs	r3, #1
 317 0016 0380     		strh	r3, [r0]	@ movhi
 318              	.L22:
 112:ZumoLibrary/Reflectance.c ****     
 113:ZumoLibrary/Reflectance.c ****     if(sensors.l1 > threshold.l1)
 319              		.loc 1 113 0
 320 0018 124B     		ldr	r3, .L29
 321 001a 5B88     		ldrh	r3, [r3, #2]
 322 001c 9BB2     		uxth	r3, r3
 323 001e 124A     		ldr	r2, .L29+4
 324 0020 5288     		ldrh	r2, [r2, #2]
 325 0022 9342     		cmp	r3, r2
 326 0024 02D9     		bls	.L23
 114:ZumoLibrary/Reflectance.c ****         digital->l1 = 0;
 327              		.loc 1 114 0
 328 0026 0023     		movs	r3, #0
 329 0028 4380     		strh	r3, [r0, #2]	@ movhi
 330 002a 01E0     		b	.L24
 331              	.L23:
 115:ZumoLibrary/Reflectance.c ****     else
 116:ZumoLibrary/Reflectance.c ****         digital->l1 = 1;
 332              		.loc 1 116 0
 333 002c 0123     		movs	r3, #1
 334 002e 4380     		strh	r3, [r0, #2]	@ movhi
 335              	.L24:
 117:ZumoLibrary/Reflectance.c ****     
 118:ZumoLibrary/Reflectance.c ****     if(sensors.r1 > threshold.r1)
 336              		.loc 1 118 0
 337 0030 0C4B     		ldr	r3, .L29
 338 0032 9B88     		ldrh	r3, [r3, #4]
ARM GAS  C:\Users\allu9\AppData\Local\Temp\ccA3WY7V.s 			page 9


 339 0034 9BB2     		uxth	r3, r3
 340 0036 0C4A     		ldr	r2, .L29+4
 341 0038 9288     		ldrh	r2, [r2, #4]
 342 003a 9342     		cmp	r3, r2
 343 003c 02D9     		bls	.L25
 119:ZumoLibrary/Reflectance.c ****         digital->r1 = 0;
 344              		.loc 1 119 0
 345 003e 0023     		movs	r3, #0
 346 0040 8380     		strh	r3, [r0, #4]	@ movhi
 347 0042 01E0     		b	.L26
 348              	.L25:
 120:ZumoLibrary/Reflectance.c ****     else
 121:ZumoLibrary/Reflectance.c ****         digital->r1 = 1;
 349              		.loc 1 121 0
 350 0044 0123     		movs	r3, #1
 351 0046 8380     		strh	r3, [r0, #4]	@ movhi
 352              	.L26:
 122:ZumoLibrary/Reflectance.c ****     
 123:ZumoLibrary/Reflectance.c ****     if(sensors.r3 > threshold.r3)
 353              		.loc 1 123 0
 354 0048 064B     		ldr	r3, .L29
 355 004a DB88     		ldrh	r3, [r3, #6]
 356 004c 9BB2     		uxth	r3, r3
 357 004e 064A     		ldr	r2, .L29+4
 358 0050 D288     		ldrh	r2, [r2, #6]
 359 0052 9342     		cmp	r3, r2
 360 0054 02D9     		bls	.L27
 124:ZumoLibrary/Reflectance.c ****         digital->r3 = 0;
 361              		.loc 1 124 0
 362 0056 0023     		movs	r3, #0
 363 0058 C380     		strh	r3, [r0, #6]	@ movhi
 364 005a 7047     		bx	lr
 365              	.L27:
 125:ZumoLibrary/Reflectance.c ****     else
 126:ZumoLibrary/Reflectance.c ****         digital->r3 = 1;
 366              		.loc 1 126 0
 367 005c 0123     		movs	r3, #1
 368 005e C380     		strh	r3, [r0, #6]	@ movhi
 369 0060 7047     		bx	lr
 370              	.L30:
 371 0062 00BF     		.align	2
 372              	.L29:
 373 0064 00000000 		.word	.LANCHOR0
 374 0068 00000000 		.word	.LANCHOR1
 375              		.cfi_endproc
 376              	.LFE66:
 377              		.size	reflectance_digital, .-reflectance_digital
 378              		.section	.text.reflectance_set_threshold,"ax",%progbits
 379              		.align	2
 380              		.global	reflectance_set_threshold
 381              		.thumb
 382              		.thumb_func
 383              		.type	reflectance_set_threshold, %function
 384              	reflectance_set_threshold:
 385              	.LFB67:
 127:ZumoLibrary/Reflectance.c ****         
 128:ZumoLibrary/Reflectance.c **** }
ARM GAS  C:\Users\allu9\AppData\Local\Temp\ccA3WY7V.s 			page 10


 129:ZumoLibrary/Reflectance.c **** 
 130:ZumoLibrary/Reflectance.c **** void reflectance_set_threshold(uint16_t l3, uint16_t l1, uint16_t r1, uint16_t r3)
 131:ZumoLibrary/Reflectance.c **** {
 386              		.loc 1 131 0
 387              		.cfi_startproc
 388              		@ args = 0, pretend = 0, frame = 0
 389              		@ frame_needed = 0, uses_anonymous_args = 0
 390              	.LVL49:
 391 0000 70B5     		push	{r4, r5, r6, lr}
 392              		.cfi_def_cfa_offset 16
 393              		.cfi_offset 4, -16
 394              		.cfi_offset 5, -12
 395              		.cfi_offset 6, -8
 396              		.cfi_offset 14, -4
 397 0002 82B0     		sub	sp, sp, #8
 398              		.cfi_def_cfa_offset 24
 399 0004 0646     		mov	r6, r0
 400 0006 0D46     		mov	r5, r1
 401 0008 1446     		mov	r4, r2
 132:ZumoLibrary/Reflectance.c ****     threshold.l3 = l3;
 402              		.loc 1 132 0
 403 000a 074A     		ldr	r2, .L33
 404              	.LVL50:
 405 000c 1080     		strh	r0, [r2]	@ movhi
 133:ZumoLibrary/Reflectance.c ****     threshold.l1 = l1;
 406              		.loc 1 133 0
 407 000e 5180     		strh	r1, [r2, #2]	@ movhi
 134:ZumoLibrary/Reflectance.c ****     threshold.r3 = r3;
 408              		.loc 1 134 0
 409 0010 D380     		strh	r3, [r2, #6]	@ movhi
 135:ZumoLibrary/Reflectance.c ****     threshold.r1 = r1;
 410              		.loc 1 135 0
 411 0012 9480     		strh	r4, [r2, #4]	@ movhi
 136:ZumoLibrary/Reflectance.c ****     
 137:ZumoLibrary/Reflectance.c ****     printf("%d %d %d %d\n", threshold.l3, threshold.l1, threshold.r1, threshold.r3);
 412              		.loc 1 137 0
 413 0014 0093     		str	r3, [sp]
 414 0016 0548     		ldr	r0, .L33+4
 415              	.LVL51:
 416 0018 3146     		mov	r1, r6
 417              	.LVL52:
 418 001a 2A46     		mov	r2, r5
 419 001c 2346     		mov	r3, r4
 420              	.LVL53:
 421 001e FFF7FEFF 		bl	printf
 422              	.LVL54:
 138:ZumoLibrary/Reflectance.c **** }
 423              		.loc 1 138 0
 424 0022 02B0     		add	sp, sp, #8
 425              		.cfi_def_cfa_offset 16
 426              		@ sp needed
 427 0024 70BD     		pop	{r4, r5, r6, pc}
 428              	.L34:
 429 0026 00BF     		.align	2
 430              	.L33:
 431 0028 00000000 		.word	.LANCHOR1
 432 002c 00000000 		.word	.LC0
ARM GAS  C:\Users\allu9\AppData\Local\Temp\ccA3WY7V.s 			page 11


 433              		.cfi_endproc
 434              	.LFE67:
 435              		.size	reflectance_set_threshold, .-reflectance_set_threshold
 436              		.data
 437              		.align	2
 438              		.set	.LANCHOR1,. + 0
 439              		.type	threshold, %object
 440              		.size	threshold, 8
 441              	threshold:
 442 0000 1027     		.short	10000
 443 0002 1027     		.short	10000
 444 0004 1027     		.short	10000
 445 0006 1027     		.short	10000
 446              		.section	.rodata.str1.4,"aMS",%progbits,1
 447              		.align	2
 448              	.LC0:
 449 0000 25642025 		.ascii	"%d %d %d %d\012\000"
 449      64202564 
 449      2025640A 
 449      00
 450 000d 000000   		.bss
 451              		.align	2
 452              		.set	.LANCHOR0,. + 0
 453              		.type	sensors, %object
 454              		.size	sensors, 8
 455              	sensors:
 456 0000 00000000 		.space	8
 456      00000000 
 457              		.type	digital_sensor_value, %object
 458              		.size	digital_sensor_value, 8
 459              	digital_sensor_value:
 460 0008 00000000 		.space	8
 460      00000000 
 461              		.text
 462              	.Letext0:
 463              		.file 2 "c:\\program files (x86)\\cypress\\psoc creator\\4.0\\psoc creator\\import\\gnu\\arm\\4.9.
 464              		.file 3 "c:\\program files (x86)\\cypress\\psoc creator\\4.0\\psoc creator\\import\\gnu\\arm\\4.9.
 465              		.file 4 "Generated_Source\\PSoC5/cytypes.h"
 466              		.file 5 "ZumoLibrary\\Reflectance.h"
 467              		.file 6 "Generated_Source\\PSoC5/Timer_R1.h"
 468              		.file 7 "Generated_Source\\PSoC5/Timer_R3.h"
 469              		.file 8 "Generated_Source\\PSoC5/Timer_L3.h"
 470              		.file 9 "Generated_Source\\PSoC5/Timer_L1.h"
 471              		.file 10 "Generated_Source\\PSoC5/R1.h"
 472              		.file 11 "Generated_Source\\PSoC5/R3.h"
 473              		.file 12 "Generated_Source\\PSoC5/L3.h"
 474              		.file 13 "Generated_Source\\PSoC5/L1.h"
 475              		.file 14 "Generated_Source\\PSoC5/CyLib.h"
 476              		.file 15 "Generated_Source\\PSoC5/sensor_isr.h"
 477              		.file 16 "c:\\program files (x86)\\cypress\\psoc creator\\4.0\\psoc creator\\import\\gnu\\arm\\4.9
 478              		.file 17 "Generated_Source\\PSoC5/core_cm3.h"
 479              		.section	.debug_info,"",%progbits
 480              	.Ldebug_info0:
 481 0000 E9050000 		.4byte	0x5e9
 482 0004 0400     		.2byte	0x4
 483 0006 00000000 		.4byte	.Ldebug_abbrev0
 484 000a 04       		.byte	0x4
ARM GAS  C:\Users\allu9\AppData\Local\Temp\ccA3WY7V.s 			page 12


 485 000b 01       		.uleb128 0x1
 486 000c 46030000 		.4byte	.LASF63
 487 0010 01       		.byte	0x1
 488 0011 31040000 		.4byte	.LASF64
 489 0015 D4030000 		.4byte	.LASF65
 490 0019 00000000 		.4byte	.Ldebug_ranges0+0
 491 001d 00000000 		.4byte	0
 492 0021 00000000 		.4byte	.Ldebug_line0
 493 0025 02       		.uleb128 0x2
 494 0026 01       		.byte	0x1
 495 0027 06       		.byte	0x6
 496 0028 CA010000 		.4byte	.LASF0
 497 002c 02       		.uleb128 0x2
 498 002d 01       		.byte	0x1
 499 002e 08       		.byte	0x8
 500 002f 7B010000 		.4byte	.LASF1
 501 0033 02       		.uleb128 0x2
 502 0034 02       		.byte	0x2
 503 0035 05       		.byte	0x5
 504 0036 34000000 		.4byte	.LASF2
 505 003a 03       		.uleb128 0x3
 506 003b 78000000 		.4byte	.LASF4
 507 003f 02       		.byte	0x2
 508 0040 2B       		.byte	0x2b
 509 0041 45000000 		.4byte	0x45
 510 0045 02       		.uleb128 0x2
 511 0046 02       		.byte	0x2
 512 0047 07       		.byte	0x7
 513 0048 15020000 		.4byte	.LASF3
 514 004c 03       		.uleb128 0x3
 515 004d 29030000 		.4byte	.LASF5
 516 0051 02       		.byte	0x2
 517 0052 3F       		.byte	0x3f
 518 0053 57000000 		.4byte	0x57
 519 0057 02       		.uleb128 0x2
 520 0058 04       		.byte	0x4
 521 0059 05       		.byte	0x5
 522 005a 45010000 		.4byte	.LASF6
 523 005e 03       		.uleb128 0x3
 524 005f 5D000000 		.4byte	.LASF7
 525 0063 02       		.byte	0x2
 526 0064 41       		.byte	0x41
 527 0065 69000000 		.4byte	0x69
 528 0069 02       		.uleb128 0x2
 529 006a 04       		.byte	0x4
 530 006b 07       		.byte	0x7
 531 006c C9020000 		.4byte	.LASF8
 532 0070 02       		.uleb128 0x2
 533 0071 08       		.byte	0x8
 534 0072 05       		.byte	0x5
 535 0073 4F000000 		.4byte	.LASF9
 536 0077 02       		.uleb128 0x2
 537 0078 08       		.byte	0x8
 538 0079 07       		.byte	0x7
 539 007a D6010000 		.4byte	.LASF10
 540 007e 04       		.uleb128 0x4
 541 007f 04       		.byte	0x4
ARM GAS  C:\Users\allu9\AppData\Local\Temp\ccA3WY7V.s 			page 13


 542 0080 05       		.byte	0x5
 543 0081 696E7400 		.ascii	"int\000"
 544 0085 02       		.uleb128 0x2
 545 0086 04       		.byte	0x4
 546 0087 07       		.byte	0x7
 547 0088 F6010000 		.4byte	.LASF11
 548 008c 03       		.uleb128 0x3
 549 008d 03020000 		.4byte	.LASF12
 550 0091 03       		.byte	0x3
 551 0092 21       		.byte	0x21
 552 0093 3A000000 		.4byte	0x3a
 553 0097 03       		.uleb128 0x3
 554 0098 64020000 		.4byte	.LASF13
 555 009c 03       		.byte	0x3
 556 009d 2C       		.byte	0x2c
 557 009e 4C000000 		.4byte	0x4c
 558 00a2 03       		.uleb128 0x3
 559 00a3 ED010000 		.4byte	.LASF14
 560 00a7 03       		.byte	0x3
 561 00a8 2D       		.byte	0x2d
 562 00a9 5E000000 		.4byte	0x5e
 563 00ad 05       		.uleb128 0x5
 564 00ae 93000000 		.4byte	.LASF15
 565 00b2 04       		.byte	0x4
 566 00b3 9201     		.2byte	0x192
 567 00b5 2C000000 		.4byte	0x2c
 568 00b9 05       		.uleb128 0x5
 569 00ba 83000000 		.4byte	.LASF16
 570 00be 04       		.byte	0x4
 571 00bf 9301     		.2byte	0x193
 572 00c1 45000000 		.4byte	0x45
 573 00c5 02       		.uleb128 0x2
 574 00c6 04       		.byte	0x4
 575 00c7 04       		.byte	0x4
 576 00c8 DC000000 		.4byte	.LASF17
 577 00cc 02       		.uleb128 0x2
 578 00cd 08       		.byte	0x8
 579 00ce 04       		.byte	0x4
 580 00cf 01040000 		.4byte	.LASF18
 581 00d3 02       		.uleb128 0x2
 582 00d4 01       		.byte	0x1
 583 00d5 08       		.byte	0x8
 584 00d6 2C010000 		.4byte	.LASF19
 585 00da 05       		.uleb128 0x5
 586 00db 93010000 		.4byte	.LASF20
 587 00df 04       		.byte	0x4
 588 00e0 4E02     		.2byte	0x24e
 589 00e2 E6000000 		.4byte	0xe6
 590 00e6 06       		.uleb128 0x6
 591 00e7 04       		.byte	0x4
 592 00e8 EC000000 		.4byte	0xec
 593 00ec 07       		.uleb128 0x7
 594 00ed 02       		.uleb128 0x2
 595 00ee 04       		.byte	0x4
 596 00ef 07       		.byte	0x7
 597 00f0 3E000000 		.4byte	.LASF21
 598 00f4 06       		.uleb128 0x6
ARM GAS  C:\Users\allu9\AppData\Local\Temp\ccA3WY7V.s 			page 14


 599 00f5 04       		.byte	0x4
 600 00f6 FA000000 		.4byte	0xfa
 601 00fa 08       		.uleb128 0x8
 602 00fb D3000000 		.4byte	0xd3
 603 00ff 09       		.uleb128 0x9
 604 0100 A4020000 		.4byte	.LASF66
 605 0104 08       		.byte	0x8
 606 0105 05       		.byte	0x5
 607 0106 11       		.byte	0x11
 608 0107 38010000 		.4byte	0x138
 609 010b 0A       		.uleb128 0xa
 610 010c 6C3300   		.ascii	"l3\000"
 611 010f 05       		.byte	0x5
 612 0110 12       		.byte	0x12
 613 0111 8C000000 		.4byte	0x8c
 614 0115 00       		.byte	0
 615 0116 0A       		.uleb128 0xa
 616 0117 6C3100   		.ascii	"l1\000"
 617 011a 05       		.byte	0x5
 618 011b 14       		.byte	0x14
 619 011c 8C000000 		.4byte	0x8c
 620 0120 02       		.byte	0x2
 621 0121 0A       		.uleb128 0xa
 622 0122 723100   		.ascii	"r1\000"
 623 0125 05       		.byte	0x5
 624 0126 15       		.byte	0x15
 625 0127 8C000000 		.4byte	0x8c
 626 012b 04       		.byte	0x4
 627 012c 0A       		.uleb128 0xa
 628 012d 723300   		.ascii	"r3\000"
 629 0130 05       		.byte	0x5
 630 0131 17       		.byte	0x17
 631 0132 8C000000 		.4byte	0x8c
 632 0136 06       		.byte	0x6
 633 0137 00       		.byte	0
 634 0138 0B       		.uleb128 0xb
 635 0139 33030000 		.4byte	.LASF26
 636 013d 01       		.byte	0x1
 637 013e 15       		.byte	0x15
 638 013f 00000000 		.4byte	.LFB63
 639 0143 08010000 		.4byte	.LFE63-.LFB63
 640 0147 01       		.uleb128 0x1
 641 0148 9C       		.byte	0x9c
 642 0149 35030000 		.4byte	0x335
 643 014d 0C       		.uleb128 0xc
 644 014e 8A000000 		.4byte	.LASF22
 645 0152 01       		.byte	0x1
 646 0153 17       		.byte	0x17
 647 0154 A2000000 		.4byte	0xa2
 648 0158 00000000 		.4byte	.LLST0
 649 015c 0C       		.uleb128 0xc
 650 015d 99000000 		.4byte	.LASF23
 651 0161 01       		.byte	0x1
 652 0162 18       		.byte	0x18
 653 0163 A2000000 		.4byte	0xa2
 654 0167 28000000 		.4byte	.LLST1
 655 016b 0C       		.uleb128 0xc
ARM GAS  C:\Users\allu9\AppData\Local\Temp\ccA3WY7V.s 			page 15


 656 016c 5B020000 		.4byte	.LASF24
 657 0170 01       		.byte	0x1
 658 0171 19       		.byte	0x19
 659 0172 A2000000 		.4byte	0xa2
 660 0176 40000000 		.4byte	.LLST2
 661 017a 0C       		.uleb128 0xc
 662 017b EF020000 		.4byte	.LASF25
 663 017f 01       		.byte	0x1
 664 0180 1A       		.byte	0x1a
 665 0181 A2000000 		.4byte	0xa2
 666 0185 58000000 		.4byte	.LLST3
 667 0189 0D       		.uleb128 0xd
 668 018a 06000000 		.4byte	.LVL0
 669 018e 90040000 		.4byte	0x490
 670 0192 0D       		.uleb128 0xd
 671 0193 0C000000 		.4byte	.LVL2
 672 0197 9B040000 		.4byte	0x49b
 673 019b 0D       		.uleb128 0xd
 674 019c 12000000 		.4byte	.LVL4
 675 01a0 A6040000 		.4byte	0x4a6
 676 01a4 0D       		.uleb128 0xd
 677 01a5 18000000 		.4byte	.LVL6
 678 01a9 B1040000 		.4byte	0x4b1
 679 01ad 0D       		.uleb128 0xd
 680 01ae 24000000 		.4byte	.LVL8
 681 01b2 BC040000 		.4byte	0x4bc
 682 01b6 0D       		.uleb128 0xd
 683 01b7 2A000000 		.4byte	.LVL10
 684 01bb C7040000 		.4byte	0x4c7
 685 01bf 0D       		.uleb128 0xd
 686 01c0 38000000 		.4byte	.LVL12
 687 01c4 BC040000 		.4byte	0x4bc
 688 01c8 0D       		.uleb128 0xd
 689 01c9 46000000 		.4byte	.LVL14
 690 01cd D2040000 		.4byte	0x4d2
 691 01d1 0D       		.uleb128 0xd
 692 01d2 4C000000 		.4byte	.LVL15
 693 01d6 DD040000 		.4byte	0x4dd
 694 01da 0D       		.uleb128 0xd
 695 01db 5A000000 		.4byte	.LVL16
 696 01df D2040000 		.4byte	0x4d2
 697 01e3 0D       		.uleb128 0xd
 698 01e4 68000000 		.4byte	.LVL17
 699 01e8 E8040000 		.4byte	0x4e8
 700 01ec 0D       		.uleb128 0xd
 701 01ed 6E000000 		.4byte	.LVL18
 702 01f1 F3040000 		.4byte	0x4f3
 703 01f5 0D       		.uleb128 0xd
 704 01f6 7C000000 		.4byte	.LVL19
 705 01fa E8040000 		.4byte	0x4e8
 706 01fe 0D       		.uleb128 0xd
 707 01ff 8A000000 		.4byte	.LVL20
 708 0203 FE040000 		.4byte	0x4fe
 709 0207 0D       		.uleb128 0xd
 710 0208 90000000 		.4byte	.LVL21
 711 020c 09050000 		.4byte	0x509
 712 0210 0D       		.uleb128 0xd
ARM GAS  C:\Users\allu9\AppData\Local\Temp\ccA3WY7V.s 			page 16


 713 0211 9E000000 		.4byte	.LVL22
 714 0215 FE040000 		.4byte	0x4fe
 715 0219 0E       		.uleb128 0xe
 716 021a A8000000 		.4byte	.LVL23
 717 021e 14050000 		.4byte	0x514
 718 0222 2C020000 		.4byte	0x22c
 719 0226 0F       		.uleb128 0xf
 720 0227 01       		.uleb128 0x1
 721 0228 50       		.byte	0x50
 722 0229 01       		.uleb128 0x1
 723 022a 3C       		.byte	0x3c
 724 022b 00       		.byte	0
 725 022c 0E       		.uleb128 0xe
 726 022d AE000000 		.4byte	.LVL24
 727 0231 25050000 		.4byte	0x525
 728 0235 3F020000 		.4byte	0x23f
 729 0239 0F       		.uleb128 0xf
 730 023a 01       		.uleb128 0x1
 731 023b 50       		.byte	0x50
 732 023c 01       		.uleb128 0x1
 733 023d 31       		.byte	0x31
 734 023e 00       		.byte	0
 735 023f 0E       		.uleb128 0xe
 736 0240 B4000000 		.4byte	.LVL25
 737 0244 36050000 		.4byte	0x536
 738 0248 52020000 		.4byte	0x252
 739 024c 0F       		.uleb128 0xf
 740 024d 01       		.uleb128 0x1
 741 024e 50       		.byte	0x50
 742 024f 01       		.uleb128 0x1
 743 0250 3C       		.byte	0x3c
 744 0251 00       		.byte	0
 745 0252 0E       		.uleb128 0xe
 746 0253 BA000000 		.4byte	.LVL26
 747 0257 47050000 		.4byte	0x547
 748 025b 65020000 		.4byte	0x265
 749 025f 0F       		.uleb128 0xf
 750 0260 01       		.uleb128 0x1
 751 0261 50       		.byte	0x50
 752 0262 01       		.uleb128 0x1
 753 0263 31       		.byte	0x31
 754 0264 00       		.byte	0
 755 0265 0E       		.uleb128 0xe
 756 0266 C0000000 		.4byte	.LVL27
 757 026a 58050000 		.4byte	0x558
 758 026e 78020000 		.4byte	0x278
 759 0272 0F       		.uleb128 0xf
 760 0273 01       		.uleb128 0x1
 761 0274 50       		.byte	0x50
 762 0275 01       		.uleb128 0x1
 763 0276 3C       		.byte	0x3c
 764 0277 00       		.byte	0
 765 0278 0E       		.uleb128 0xe
 766 0279 C6000000 		.4byte	.LVL28
 767 027d 69050000 		.4byte	0x569
 768 0281 8B020000 		.4byte	0x28b
 769 0285 0F       		.uleb128 0xf
ARM GAS  C:\Users\allu9\AppData\Local\Temp\ccA3WY7V.s 			page 17


 770 0286 01       		.uleb128 0x1
 771 0287 50       		.byte	0x50
 772 0288 01       		.uleb128 0x1
 773 0289 31       		.byte	0x31
 774 028a 00       		.byte	0
 775 028b 0E       		.uleb128 0xe
 776 028c CC000000 		.4byte	.LVL29
 777 0290 7A050000 		.4byte	0x57a
 778 0294 9E020000 		.4byte	0x29e
 779 0298 0F       		.uleb128 0xf
 780 0299 01       		.uleb128 0x1
 781 029a 50       		.byte	0x50
 782 029b 01       		.uleb128 0x1
 783 029c 3C       		.byte	0x3c
 784 029d 00       		.byte	0
 785 029e 0E       		.uleb128 0xe
 786 029f D2000000 		.4byte	.LVL30
 787 02a3 8B050000 		.4byte	0x58b
 788 02a7 B1020000 		.4byte	0x2b1
 789 02ab 0F       		.uleb128 0xf
 790 02ac 01       		.uleb128 0x1
 791 02ad 50       		.byte	0x50
 792 02ae 01       		.uleb128 0x1
 793 02af 31       		.byte	0x31
 794 02b0 00       		.byte	0
 795 02b1 0E       		.uleb128 0xe
 796 02b2 D8000000 		.4byte	.LVL31
 797 02b6 9C050000 		.4byte	0x59c
 798 02ba C4020000 		.4byte	0x2c4
 799 02be 0F       		.uleb128 0xf
 800 02bf 01       		.uleb128 0x1
 801 02c0 50       		.byte	0x50
 802 02c1 01       		.uleb128 0x1
 803 02c2 3A       		.byte	0x3a
 804 02c3 00       		.byte	0
 805 02c4 0E       		.uleb128 0xe
 806 02c5 DE000000 		.4byte	.LVL32
 807 02c9 14050000 		.4byte	0x514
 808 02cd D7020000 		.4byte	0x2d7
 809 02d1 0F       		.uleb128 0xf
 810 02d2 01       		.uleb128 0x1
 811 02d3 50       		.byte	0x50
 812 02d4 01       		.uleb128 0x1
 813 02d5 32       		.byte	0x32
 814 02d6 00       		.byte	0
 815 02d7 0E       		.uleb128 0xe
 816 02d8 E4000000 		.4byte	.LVL33
 817 02dc 36050000 		.4byte	0x536
 818 02e0 EA020000 		.4byte	0x2ea
 819 02e4 0F       		.uleb128 0xf
 820 02e5 01       		.uleb128 0x1
 821 02e6 50       		.byte	0x50
 822 02e7 01       		.uleb128 0x1
 823 02e8 32       		.byte	0x32
 824 02e9 00       		.byte	0
 825 02ea 0E       		.uleb128 0xe
 826 02eb EA000000 		.4byte	.LVL34
ARM GAS  C:\Users\allu9\AppData\Local\Temp\ccA3WY7V.s 			page 18


 827 02ef 58050000 		.4byte	0x558
 828 02f3 FD020000 		.4byte	0x2fd
 829 02f7 0F       		.uleb128 0xf
 830 02f8 01       		.uleb128 0x1
 831 02f9 50       		.byte	0x50
 832 02fa 01       		.uleb128 0x1
 833 02fb 32       		.byte	0x32
 834 02fc 00       		.byte	0
 835 02fd 0E       		.uleb128 0xe
 836 02fe F0000000 		.4byte	.LVL35
 837 0302 7A050000 		.4byte	0x57a
 838 0306 10030000 		.4byte	0x310
 839 030a 0F       		.uleb128 0xf
 840 030b 01       		.uleb128 0x1
 841 030c 50       		.byte	0x50
 842 030d 01       		.uleb128 0x1
 843 030e 32       		.byte	0x32
 844 030f 00       		.byte	0
 845 0310 0D       		.uleb128 0xd
 846 0311 F4000000 		.4byte	.LVL36
 847 0315 90040000 		.4byte	0x490
 848 0319 0D       		.uleb128 0xd
 849 031a F8000000 		.4byte	.LVL37
 850 031e 9B040000 		.4byte	0x49b
 851 0322 0D       		.uleb128 0xd
 852 0323 FC000000 		.4byte	.LVL38
 853 0327 A6040000 		.4byte	0x4a6
 854 032b 0D       		.uleb128 0xd
 855 032c 00010000 		.4byte	.LVL39
 856 0330 B1040000 		.4byte	0x4b1
 857 0334 00       		.byte	0
 858 0335 0B       		.uleb128 0xb
 859 0336 CA000000 		.4byte	.LASF27
 860 033a 01       		.byte	0x1
 861 033b 51       		.byte	0x51
 862 033c 00000000 		.4byte	.LFB64
 863 0340 20000000 		.4byte	.LFE64-.LFB64
 864 0344 01       		.uleb128 0x1
 865 0345 9C       		.byte	0x9c
 866 0346 86030000 		.4byte	0x386
 867 034a 0E       		.uleb128 0xe
 868 034b 08000000 		.4byte	.LVL41
 869 034f AD050000 		.4byte	0x5ad
 870 0353 61030000 		.4byte	0x361
 871 0357 0F       		.uleb128 0xf
 872 0358 01       		.uleb128 0x1
 873 0359 50       		.byte	0x50
 874 035a 05       		.uleb128 0x5
 875 035b 03       		.byte	0x3
 876 035c 00000000 		.4byte	sensor_isr_handler
 877 0360 00       		.byte	0
 878 0361 0D       		.uleb128 0xd
 879 0362 0C000000 		.4byte	.LVL42
 880 0366 BE050000 		.4byte	0x5be
 881 036a 0D       		.uleb128 0xd
 882 036b 10000000 		.4byte	.LVL43
 883 036f C5050000 		.4byte	0x5c5
ARM GAS  C:\Users\allu9\AppData\Local\Temp\ccA3WY7V.s 			page 19


 884 0373 0D       		.uleb128 0xd
 885 0374 14000000 		.4byte	.LVL44
 886 0378 CC050000 		.4byte	0x5cc
 887 037c 0D       		.uleb128 0xd
 888 037d 18000000 		.4byte	.LVL45
 889 0381 D3050000 		.4byte	0x5d3
 890 0385 00       		.byte	0
 891 0386 0B       		.uleb128 0xb
 892 0387 4B040000 		.4byte	.LASF28
 893 038b 01       		.byte	0x1
 894 038c 5F       		.byte	0x5f
 895 038d 00000000 		.4byte	.LFB65
 896 0391 10000000 		.4byte	.LFE65-.LFB65
 897 0395 01       		.uleb128 0x1
 898 0396 9C       		.byte	0x9c
 899 0397 AB030000 		.4byte	0x3ab
 900 039b 10       		.uleb128 0x10
 901 039c 55010000 		.4byte	.LASF30
 902 03a0 01       		.byte	0x1
 903 03a1 5F       		.byte	0x5f
 904 03a2 AB030000 		.4byte	0x3ab
 905 03a6 70000000 		.4byte	.LLST4
 906 03aa 00       		.byte	0
 907 03ab 06       		.uleb128 0x6
 908 03ac 04       		.byte	0x4
 909 03ad FF000000 		.4byte	0xff
 910 03b1 0B       		.uleb128 0xb
 911 03b2 0E010000 		.4byte	.LASF29
 912 03b6 01       		.byte	0x1
 913 03b7 69       		.byte	0x69
 914 03b8 00000000 		.4byte	.LFB66
 915 03bc 6C000000 		.4byte	.LFE66-.LFB66
 916 03c0 01       		.uleb128 0x1
 917 03c1 9C       		.byte	0x9c
 918 03c2 D4030000 		.4byte	0x3d4
 919 03c6 11       		.uleb128 0x11
 920 03c7 F8020000 		.4byte	.LASF31
 921 03cb 01       		.byte	0x1
 922 03cc 69       		.byte	0x69
 923 03cd AB030000 		.4byte	0x3ab
 924 03d1 01       		.uleb128 0x1
 925 03d2 50       		.byte	0x50
 926 03d3 00       		.byte	0
 927 03d4 0B       		.uleb128 0xb
 928 03d5 B0010000 		.4byte	.LASF32
 929 03d9 01       		.byte	0x1
 930 03da 82       		.byte	0x82
 931 03db 00000000 		.4byte	.LFB67
 932 03df 30000000 		.4byte	.LFE67-.LFB67
 933 03e3 01       		.uleb128 0x1
 934 03e4 9C       		.byte	0x9c
 935 03e5 47040000 		.4byte	0x447
 936 03e9 12       		.uleb128 0x12
 937 03ea 6C3300   		.ascii	"l3\000"
 938 03ed 01       		.byte	0x1
 939 03ee 82       		.byte	0x82
 940 03ef 8C000000 		.4byte	0x8c
ARM GAS  C:\Users\allu9\AppData\Local\Temp\ccA3WY7V.s 			page 20


 941 03f3 8E000000 		.4byte	.LLST5
 942 03f7 12       		.uleb128 0x12
 943 03f8 6C3100   		.ascii	"l1\000"
 944 03fb 01       		.byte	0x1
 945 03fc 82       		.byte	0x82
 946 03fd 8C000000 		.4byte	0x8c
 947 0401 BE000000 		.4byte	.LLST6
 948 0405 12       		.uleb128 0x12
 949 0406 723100   		.ascii	"r1\000"
 950 0409 01       		.byte	0x1
 951 040a 82       		.byte	0x82
 952 040b 8C000000 		.4byte	0x8c
 953 040f EE000000 		.4byte	.LLST7
 954 0413 12       		.uleb128 0x12
 955 0414 723300   		.ascii	"r3\000"
 956 0417 01       		.byte	0x1
 957 0418 82       		.byte	0x82
 958 0419 8C000000 		.4byte	0x8c
 959 041d 0F010000 		.4byte	.LLST8
 960 0421 13       		.uleb128 0x13
 961 0422 22000000 		.4byte	.LVL54
 962 0426 DA050000 		.4byte	0x5da
 963 042a 0F       		.uleb128 0xf
 964 042b 01       		.uleb128 0x1
 965 042c 53       		.byte	0x53
 966 042d 02       		.uleb128 0x2
 967 042e 74       		.byte	0x74
 968 042f 00       		.sleb128 0
 969 0430 0F       		.uleb128 0xf
 970 0431 01       		.uleb128 0x1
 971 0432 52       		.byte	0x52
 972 0433 02       		.uleb128 0x2
 973 0434 75       		.byte	0x75
 974 0435 00       		.sleb128 0
 975 0436 0F       		.uleb128 0xf
 976 0437 01       		.uleb128 0x1
 977 0438 51       		.byte	0x51
 978 0439 02       		.uleb128 0x2
 979 043a 76       		.byte	0x76
 980 043b 00       		.sleb128 0
 981 043c 0F       		.uleb128 0xf
 982 043d 01       		.uleb128 0x1
 983 043e 50       		.byte	0x50
 984 043f 05       		.uleb128 0x5
 985 0440 03       		.byte	0x3
 986 0441 00000000 		.4byte	.LC0
 987 0445 00       		.byte	0
 988 0446 00       		.byte	0
 989 0447 14       		.uleb128 0x14
 990 0448 47000000 		.4byte	.LASF33
 991 044c 01       		.byte	0x1
 992 044d 0D       		.byte	0xd
 993 044e 58040000 		.4byte	0x458
 994 0452 05       		.uleb128 0x5
 995 0453 03       		.byte	0x3
 996 0454 00000000 		.4byte	sensors
 997 0458 15       		.uleb128 0x15
ARM GAS  C:\Users\allu9\AppData\Local\Temp\ccA3WY7V.s 			page 21


 998 0459 FF000000 		.4byte	0xff
 999 045d 14       		.uleb128 0x14
 1000 045e 3D020000 		.4byte	.LASF34
 1001 0462 01       		.byte	0x1
 1002 0463 0E       		.byte	0xe
 1003 0464 58040000 		.4byte	0x458
 1004 0468 05       		.uleb128 0x5
 1005 0469 03       		.byte	0x3
 1006 046a 08000000 		.4byte	digital_sensor_value
 1007 046e 14       		.uleb128 0x14
 1008 046f 22010000 		.4byte	.LASF35
 1009 0473 01       		.byte	0x1
 1010 0474 0F       		.byte	0xf
 1011 0475 FF000000 		.4byte	0xff
 1012 0479 05       		.uleb128 0x5
 1013 047a 03       		.byte	0x3
 1014 047b 00000000 		.4byte	threshold
 1015 047f 16       		.uleb128 0x16
 1016 0480 08040000 		.4byte	.LASF67
 1017 0484 11       		.byte	0x11
 1018 0485 9606     		.2byte	0x696
 1019 0487 8B040000 		.4byte	0x48b
 1020 048b 15       		.uleb128 0x15
 1021 048c 97000000 		.4byte	0x97
 1022 0490 17       		.uleb128 0x17
 1023 0491 F2000000 		.4byte	.LASF36
 1024 0495 06       		.byte	0x6
 1025 0496 5E       		.byte	0x5e
 1026 0497 AD000000 		.4byte	0xad
 1027 049b 17       		.uleb128 0x17
 1028 049c AD020000 		.4byte	.LASF37
 1029 04a0 07       		.byte	0x7
 1030 04a1 5E       		.byte	0x5e
 1031 04a2 AD000000 		.4byte	0xad
 1032 04a6 17       		.uleb128 0x17
 1033 04a7 15040000 		.4byte	.LASF38
 1034 04ab 08       		.byte	0x8
 1035 04ac 5E       		.byte	0x5e
 1036 04ad AD000000 		.4byte	0xad
 1037 04b1 17       		.uleb128 0x17
 1038 04b2 18000000 		.4byte	.LASF39
 1039 04b6 09       		.byte	0x9
 1040 04b7 5E       		.byte	0x5e
 1041 04b8 AD000000 		.4byte	0xad
 1042 04bc 17       		.uleb128 0x17
 1043 04bd 00030000 		.4byte	.LASF40
 1044 04c1 06       		.byte	0x6
 1045 04c2 67       		.byte	0x67
 1046 04c3 B9000000 		.4byte	0xb9
 1047 04c7 17       		.uleb128 0x17
 1048 04c8 B5000000 		.4byte	.LASF41
 1049 04cc 06       		.byte	0x6
 1050 04cd 6B       		.byte	0x6b
 1051 04ce B9000000 		.4byte	0xb9
 1052 04d2 17       		.uleb128 0x17
 1053 04d3 31010000 		.4byte	.LASF42
 1054 04d7 07       		.byte	0x7
ARM GAS  C:\Users\allu9\AppData\Local\Temp\ccA3WY7V.s 			page 22


 1055 04d8 67       		.byte	0x67
 1056 04d9 B9000000 		.4byte	0xb9
 1057 04dd 17       		.uleb128 0x17
 1058 04de 14030000 		.4byte	.LASF43
 1059 04e2 07       		.byte	0x7
 1060 04e3 6B       		.byte	0x6b
 1061 04e4 B9000000 		.4byte	0xb9
 1062 04e8 17       		.uleb128 0x17
 1063 04e9 DB020000 		.4byte	.LASF44
 1064 04ed 08       		.byte	0x8
 1065 04ee 67       		.byte	0x67
 1066 04ef B9000000 		.4byte	0xb9
 1067 04f3 17       		.uleb128 0x17
 1068 04f4 6C020000 		.4byte	.LASF45
 1069 04f8 08       		.byte	0x8
 1070 04f9 6B       		.byte	0x6b
 1071 04fa B9000000 		.4byte	0xb9
 1072 04fe 17       		.uleb128 0x17
 1073 04ff 81020000 		.4byte	.LASF46
 1074 0503 09       		.byte	0x9
 1075 0504 67       		.byte	0x67
 1076 0505 B9000000 		.4byte	0xb9
 1077 0509 17       		.uleb128 0x17
 1078 050a 28020000 		.4byte	.LASF47
 1079 050e 09       		.byte	0x9
 1080 050f 6B       		.byte	0x6b
 1081 0510 B9000000 		.4byte	0xb9
 1082 0514 18       		.uleb128 0x18
 1083 0515 A0010000 		.4byte	.LASF48
 1084 0519 0A       		.byte	0xa
 1085 051a 27       		.byte	0x27
 1086 051b 25050000 		.4byte	0x525
 1087 051f 19       		.uleb128 0x19
 1088 0520 AD000000 		.4byte	0xad
 1089 0524 00       		.byte	0
 1090 0525 18       		.uleb128 0x18
 1091 0526 0C020000 		.4byte	.LASF49
 1092 052a 0A       		.byte	0xa
 1093 052b 26       		.byte	0x26
 1094 052c 36050000 		.4byte	0x536
 1095 0530 19       		.uleb128 0x19
 1096 0531 AD000000 		.4byte	0xad
 1097 0535 00       		.byte	0
 1098 0536 18       		.uleb128 0x18
 1099 0537 E2000000 		.4byte	.LASF50
 1100 053b 0B       		.byte	0xb
 1101 053c 27       		.byte	0x27
 1102 053d 47050000 		.4byte	0x547
 1103 0541 19       		.uleb128 0x19
 1104 0542 AD000000 		.4byte	0xad
 1105 0546 00       		.byte	0
 1106 0547 18       		.uleb128 0x18
 1107 0548 52020000 		.4byte	.LASF51
 1108 054c 0B       		.byte	0xb
 1109 054d 26       		.byte	0x26
 1110 054e 58050000 		.4byte	0x558
 1111 0552 19       		.uleb128 0x19
ARM GAS  C:\Users\allu9\AppData\Local\Temp\ccA3WY7V.s 			page 23


 1112 0553 AD000000 		.4byte	0xad
 1113 0557 00       		.byte	0
 1114 0558 18       		.uleb128 0x18
 1115 0559 68000000 		.4byte	.LASF52
 1116 055d 0C       		.byte	0xc
 1117 055e 27       		.byte	0x27
 1118 055f 69050000 		.4byte	0x569
 1119 0563 19       		.uleb128 0x19
 1120 0564 AD000000 		.4byte	0xad
 1121 0568 00       		.byte	0
 1122 0569 18       		.uleb128 0x18
 1123 056a 0F000000 		.4byte	.LASF53
 1124 056e 0C       		.byte	0xc
 1125 056f 26       		.byte	0x26
 1126 0570 7A050000 		.4byte	0x57a
 1127 0574 19       		.uleb128 0x19
 1128 0575 AD000000 		.4byte	0xad
 1129 0579 00       		.byte	0
 1130 057a 18       		.uleb128 0x18
 1131 057b 6B010000 		.4byte	.LASF54
 1132 057f 0D       		.byte	0xd
 1133 0580 27       		.byte	0x27
 1134 0581 8B050000 		.4byte	0x58b
 1135 0585 19       		.uleb128 0x19
 1136 0586 AD000000 		.4byte	0xad
 1137 058a 00       		.byte	0
 1138 058b 18       		.uleb128 0x18
 1139 058c 6B040000 		.4byte	.LASF55
 1140 0590 0D       		.byte	0xd
 1141 0591 26       		.byte	0x26
 1142 0592 9C050000 		.4byte	0x59c
 1143 0596 19       		.uleb128 0x19
 1144 0597 AD000000 		.4byte	0xad
 1145 059b 00       		.byte	0
 1146 059c 18       		.uleb128 0x18
 1147 059d 89010000 		.4byte	.LASF56
 1148 05a1 0E       		.byte	0xe
 1149 05a2 77       		.byte	0x77
 1150 05a3 AD050000 		.4byte	0x5ad
 1151 05a7 19       		.uleb128 0x19
 1152 05a8 B9000000 		.4byte	0xb9
 1153 05ac 00       		.byte	0
 1154 05ad 18       		.uleb128 0x18
 1155 05ae A2000000 		.4byte	.LASF57
 1156 05b2 0F       		.byte	0xf
 1157 05b3 18       		.byte	0x18
 1158 05b4 BE050000 		.4byte	0x5be
 1159 05b8 19       		.uleb128 0x19
 1160 05b9 DA000000 		.4byte	0xda
 1161 05bd 00       		.byte	0
 1162 05be 1A       		.uleb128 0x1a
 1163 05bf 5C040000 		.4byte	.LASF58
 1164 05c3 06       		.byte	0x6
 1165 05c4 5A       		.byte	0x5a
 1166 05c5 1A       		.uleb128 0x1a
 1167 05c6 00000000 		.4byte	.LASF59
 1168 05ca 07       		.byte	0x7
ARM GAS  C:\Users\allu9\AppData\Local\Temp\ccA3WY7V.s 			page 24


 1169 05cb 5A       		.byte	0x5a
 1170 05cc 1A       		.uleb128 0x1a
 1171 05cd 95020000 		.4byte	.LASF60
 1172 05d1 08       		.byte	0x8
 1173 05d2 5A       		.byte	0x5a
 1174 05d3 1A       		.uleb128 0x1a
 1175 05d4 5C010000 		.4byte	.LASF61
 1176 05d8 09       		.byte	0x9
 1177 05d9 5A       		.byte	0x5a
 1178 05da 1B       		.uleb128 0x1b
 1179 05db 4E010000 		.4byte	.LASF62
 1180 05df 10       		.byte	0x10
 1181 05e0 B2       		.byte	0xb2
 1182 05e1 7E000000 		.4byte	0x7e
 1183 05e5 19       		.uleb128 0x19
 1184 05e6 F4000000 		.4byte	0xf4
 1185 05ea 1C       		.uleb128 0x1c
 1186 05eb 00       		.byte	0
 1187 05ec 00       		.byte	0
 1188              		.section	.debug_abbrev,"",%progbits
 1189              	.Ldebug_abbrev0:
 1190 0000 01       		.uleb128 0x1
 1191 0001 11       		.uleb128 0x11
 1192 0002 01       		.byte	0x1
 1193 0003 25       		.uleb128 0x25
 1194 0004 0E       		.uleb128 0xe
 1195 0005 13       		.uleb128 0x13
 1196 0006 0B       		.uleb128 0xb
 1197 0007 03       		.uleb128 0x3
 1198 0008 0E       		.uleb128 0xe
 1199 0009 1B       		.uleb128 0x1b
 1200 000a 0E       		.uleb128 0xe
 1201 000b 55       		.uleb128 0x55
 1202 000c 17       		.uleb128 0x17
 1203 000d 11       		.uleb128 0x11
 1204 000e 01       		.uleb128 0x1
 1205 000f 10       		.uleb128 0x10
 1206 0010 17       		.uleb128 0x17
 1207 0011 00       		.byte	0
 1208 0012 00       		.byte	0
 1209 0013 02       		.uleb128 0x2
 1210 0014 24       		.uleb128 0x24
 1211 0015 00       		.byte	0
 1212 0016 0B       		.uleb128 0xb
 1213 0017 0B       		.uleb128 0xb
 1214 0018 3E       		.uleb128 0x3e
 1215 0019 0B       		.uleb128 0xb
 1216 001a 03       		.uleb128 0x3
 1217 001b 0E       		.uleb128 0xe
 1218 001c 00       		.byte	0
 1219 001d 00       		.byte	0
 1220 001e 03       		.uleb128 0x3
 1221 001f 16       		.uleb128 0x16
 1222 0020 00       		.byte	0
 1223 0021 03       		.uleb128 0x3
 1224 0022 0E       		.uleb128 0xe
 1225 0023 3A       		.uleb128 0x3a
ARM GAS  C:\Users\allu9\AppData\Local\Temp\ccA3WY7V.s 			page 25


 1226 0024 0B       		.uleb128 0xb
 1227 0025 3B       		.uleb128 0x3b
 1228 0026 0B       		.uleb128 0xb
 1229 0027 49       		.uleb128 0x49
 1230 0028 13       		.uleb128 0x13
 1231 0029 00       		.byte	0
 1232 002a 00       		.byte	0
 1233 002b 04       		.uleb128 0x4
 1234 002c 24       		.uleb128 0x24
 1235 002d 00       		.byte	0
 1236 002e 0B       		.uleb128 0xb
 1237 002f 0B       		.uleb128 0xb
 1238 0030 3E       		.uleb128 0x3e
 1239 0031 0B       		.uleb128 0xb
 1240 0032 03       		.uleb128 0x3
 1241 0033 08       		.uleb128 0x8
 1242 0034 00       		.byte	0
 1243 0035 00       		.byte	0
 1244 0036 05       		.uleb128 0x5
 1245 0037 16       		.uleb128 0x16
 1246 0038 00       		.byte	0
 1247 0039 03       		.uleb128 0x3
 1248 003a 0E       		.uleb128 0xe
 1249 003b 3A       		.uleb128 0x3a
 1250 003c 0B       		.uleb128 0xb
 1251 003d 3B       		.uleb128 0x3b
 1252 003e 05       		.uleb128 0x5
 1253 003f 49       		.uleb128 0x49
 1254 0040 13       		.uleb128 0x13
 1255 0041 00       		.byte	0
 1256 0042 00       		.byte	0
 1257 0043 06       		.uleb128 0x6
 1258 0044 0F       		.uleb128 0xf
 1259 0045 00       		.byte	0
 1260 0046 0B       		.uleb128 0xb
 1261 0047 0B       		.uleb128 0xb
 1262 0048 49       		.uleb128 0x49
 1263 0049 13       		.uleb128 0x13
 1264 004a 00       		.byte	0
 1265 004b 00       		.byte	0
 1266 004c 07       		.uleb128 0x7
 1267 004d 15       		.uleb128 0x15
 1268 004e 00       		.byte	0
 1269 004f 27       		.uleb128 0x27
 1270 0050 19       		.uleb128 0x19
 1271 0051 00       		.byte	0
 1272 0052 00       		.byte	0
 1273 0053 08       		.uleb128 0x8
 1274 0054 26       		.uleb128 0x26
 1275 0055 00       		.byte	0
 1276 0056 49       		.uleb128 0x49
 1277 0057 13       		.uleb128 0x13
 1278 0058 00       		.byte	0
 1279 0059 00       		.byte	0
 1280 005a 09       		.uleb128 0x9
 1281 005b 13       		.uleb128 0x13
 1282 005c 01       		.byte	0x1
ARM GAS  C:\Users\allu9\AppData\Local\Temp\ccA3WY7V.s 			page 26


 1283 005d 03       		.uleb128 0x3
 1284 005e 0E       		.uleb128 0xe
 1285 005f 0B       		.uleb128 0xb
 1286 0060 0B       		.uleb128 0xb
 1287 0061 3A       		.uleb128 0x3a
 1288 0062 0B       		.uleb128 0xb
 1289 0063 3B       		.uleb128 0x3b
 1290 0064 0B       		.uleb128 0xb
 1291 0065 01       		.uleb128 0x1
 1292 0066 13       		.uleb128 0x13
 1293 0067 00       		.byte	0
 1294 0068 00       		.byte	0
 1295 0069 0A       		.uleb128 0xa
 1296 006a 0D       		.uleb128 0xd
 1297 006b 00       		.byte	0
 1298 006c 03       		.uleb128 0x3
 1299 006d 08       		.uleb128 0x8
 1300 006e 3A       		.uleb128 0x3a
 1301 006f 0B       		.uleb128 0xb
 1302 0070 3B       		.uleb128 0x3b
 1303 0071 0B       		.uleb128 0xb
 1304 0072 49       		.uleb128 0x49
 1305 0073 13       		.uleb128 0x13
 1306 0074 38       		.uleb128 0x38
 1307 0075 0B       		.uleb128 0xb
 1308 0076 00       		.byte	0
 1309 0077 00       		.byte	0
 1310 0078 0B       		.uleb128 0xb
 1311 0079 2E       		.uleb128 0x2e
 1312 007a 01       		.byte	0x1
 1313 007b 3F       		.uleb128 0x3f
 1314 007c 19       		.uleb128 0x19
 1315 007d 03       		.uleb128 0x3
 1316 007e 0E       		.uleb128 0xe
 1317 007f 3A       		.uleb128 0x3a
 1318 0080 0B       		.uleb128 0xb
 1319 0081 3B       		.uleb128 0x3b
 1320 0082 0B       		.uleb128 0xb
 1321 0083 27       		.uleb128 0x27
 1322 0084 19       		.uleb128 0x19
 1323 0085 11       		.uleb128 0x11
 1324 0086 01       		.uleb128 0x1
 1325 0087 12       		.uleb128 0x12
 1326 0088 06       		.uleb128 0x6
 1327 0089 40       		.uleb128 0x40
 1328 008a 18       		.uleb128 0x18
 1329 008b 9742     		.uleb128 0x2117
 1330 008d 19       		.uleb128 0x19
 1331 008e 01       		.uleb128 0x1
 1332 008f 13       		.uleb128 0x13
 1333 0090 00       		.byte	0
 1334 0091 00       		.byte	0
 1335 0092 0C       		.uleb128 0xc
 1336 0093 34       		.uleb128 0x34
 1337 0094 00       		.byte	0
 1338 0095 03       		.uleb128 0x3
 1339 0096 0E       		.uleb128 0xe
ARM GAS  C:\Users\allu9\AppData\Local\Temp\ccA3WY7V.s 			page 27


 1340 0097 3A       		.uleb128 0x3a
 1341 0098 0B       		.uleb128 0xb
 1342 0099 3B       		.uleb128 0x3b
 1343 009a 0B       		.uleb128 0xb
 1344 009b 49       		.uleb128 0x49
 1345 009c 13       		.uleb128 0x13
 1346 009d 02       		.uleb128 0x2
 1347 009e 17       		.uleb128 0x17
 1348 009f 00       		.byte	0
 1349 00a0 00       		.byte	0
 1350 00a1 0D       		.uleb128 0xd
 1351 00a2 898201   		.uleb128 0x4109
 1352 00a5 00       		.byte	0
 1353 00a6 11       		.uleb128 0x11
 1354 00a7 01       		.uleb128 0x1
 1355 00a8 31       		.uleb128 0x31
 1356 00a9 13       		.uleb128 0x13
 1357 00aa 00       		.byte	0
 1358 00ab 00       		.byte	0
 1359 00ac 0E       		.uleb128 0xe
 1360 00ad 898201   		.uleb128 0x4109
 1361 00b0 01       		.byte	0x1
 1362 00b1 11       		.uleb128 0x11
 1363 00b2 01       		.uleb128 0x1
 1364 00b3 31       		.uleb128 0x31
 1365 00b4 13       		.uleb128 0x13
 1366 00b5 01       		.uleb128 0x1
 1367 00b6 13       		.uleb128 0x13
 1368 00b7 00       		.byte	0
 1369 00b8 00       		.byte	0
 1370 00b9 0F       		.uleb128 0xf
 1371 00ba 8A8201   		.uleb128 0x410a
 1372 00bd 00       		.byte	0
 1373 00be 02       		.uleb128 0x2
 1374 00bf 18       		.uleb128 0x18
 1375 00c0 9142     		.uleb128 0x2111
 1376 00c2 18       		.uleb128 0x18
 1377 00c3 00       		.byte	0
 1378 00c4 00       		.byte	0
 1379 00c5 10       		.uleb128 0x10
 1380 00c6 05       		.uleb128 0x5
 1381 00c7 00       		.byte	0
 1382 00c8 03       		.uleb128 0x3
 1383 00c9 0E       		.uleb128 0xe
 1384 00ca 3A       		.uleb128 0x3a
 1385 00cb 0B       		.uleb128 0xb
 1386 00cc 3B       		.uleb128 0x3b
 1387 00cd 0B       		.uleb128 0xb
 1388 00ce 49       		.uleb128 0x49
 1389 00cf 13       		.uleb128 0x13
 1390 00d0 02       		.uleb128 0x2
 1391 00d1 17       		.uleb128 0x17
 1392 00d2 00       		.byte	0
 1393 00d3 00       		.byte	0
 1394 00d4 11       		.uleb128 0x11
 1395 00d5 05       		.uleb128 0x5
 1396 00d6 00       		.byte	0
ARM GAS  C:\Users\allu9\AppData\Local\Temp\ccA3WY7V.s 			page 28


 1397 00d7 03       		.uleb128 0x3
 1398 00d8 0E       		.uleb128 0xe
 1399 00d9 3A       		.uleb128 0x3a
 1400 00da 0B       		.uleb128 0xb
 1401 00db 3B       		.uleb128 0x3b
 1402 00dc 0B       		.uleb128 0xb
 1403 00dd 49       		.uleb128 0x49
 1404 00de 13       		.uleb128 0x13
 1405 00df 02       		.uleb128 0x2
 1406 00e0 18       		.uleb128 0x18
 1407 00e1 00       		.byte	0
 1408 00e2 00       		.byte	0
 1409 00e3 12       		.uleb128 0x12
 1410 00e4 05       		.uleb128 0x5
 1411 00e5 00       		.byte	0
 1412 00e6 03       		.uleb128 0x3
 1413 00e7 08       		.uleb128 0x8
 1414 00e8 3A       		.uleb128 0x3a
 1415 00e9 0B       		.uleb128 0xb
 1416 00ea 3B       		.uleb128 0x3b
 1417 00eb 0B       		.uleb128 0xb
 1418 00ec 49       		.uleb128 0x49
 1419 00ed 13       		.uleb128 0x13
 1420 00ee 02       		.uleb128 0x2
 1421 00ef 17       		.uleb128 0x17
 1422 00f0 00       		.byte	0
 1423 00f1 00       		.byte	0
 1424 00f2 13       		.uleb128 0x13
 1425 00f3 898201   		.uleb128 0x4109
 1426 00f6 01       		.byte	0x1
 1427 00f7 11       		.uleb128 0x11
 1428 00f8 01       		.uleb128 0x1
 1429 00f9 31       		.uleb128 0x31
 1430 00fa 13       		.uleb128 0x13
 1431 00fb 00       		.byte	0
 1432 00fc 00       		.byte	0
 1433 00fd 14       		.uleb128 0x14
 1434 00fe 34       		.uleb128 0x34
 1435 00ff 00       		.byte	0
 1436 0100 03       		.uleb128 0x3
 1437 0101 0E       		.uleb128 0xe
 1438 0102 3A       		.uleb128 0x3a
 1439 0103 0B       		.uleb128 0xb
 1440 0104 3B       		.uleb128 0x3b
 1441 0105 0B       		.uleb128 0xb
 1442 0106 49       		.uleb128 0x49
 1443 0107 13       		.uleb128 0x13
 1444 0108 02       		.uleb128 0x2
 1445 0109 18       		.uleb128 0x18
 1446 010a 00       		.byte	0
 1447 010b 00       		.byte	0
 1448 010c 15       		.uleb128 0x15
 1449 010d 35       		.uleb128 0x35
 1450 010e 00       		.byte	0
 1451 010f 49       		.uleb128 0x49
 1452 0110 13       		.uleb128 0x13
 1453 0111 00       		.byte	0
ARM GAS  C:\Users\allu9\AppData\Local\Temp\ccA3WY7V.s 			page 29


 1454 0112 00       		.byte	0
 1455 0113 16       		.uleb128 0x16
 1456 0114 34       		.uleb128 0x34
 1457 0115 00       		.byte	0
 1458 0116 03       		.uleb128 0x3
 1459 0117 0E       		.uleb128 0xe
 1460 0118 3A       		.uleb128 0x3a
 1461 0119 0B       		.uleb128 0xb
 1462 011a 3B       		.uleb128 0x3b
 1463 011b 05       		.uleb128 0x5
 1464 011c 49       		.uleb128 0x49
 1465 011d 13       		.uleb128 0x13
 1466 011e 3F       		.uleb128 0x3f
 1467 011f 19       		.uleb128 0x19
 1468 0120 3C       		.uleb128 0x3c
 1469 0121 19       		.uleb128 0x19
 1470 0122 00       		.byte	0
 1471 0123 00       		.byte	0
 1472 0124 17       		.uleb128 0x17
 1473 0125 2E       		.uleb128 0x2e
 1474 0126 00       		.byte	0
 1475 0127 3F       		.uleb128 0x3f
 1476 0128 19       		.uleb128 0x19
 1477 0129 03       		.uleb128 0x3
 1478 012a 0E       		.uleb128 0xe
 1479 012b 3A       		.uleb128 0x3a
 1480 012c 0B       		.uleb128 0xb
 1481 012d 3B       		.uleb128 0x3b
 1482 012e 0B       		.uleb128 0xb
 1483 012f 27       		.uleb128 0x27
 1484 0130 19       		.uleb128 0x19
 1485 0131 49       		.uleb128 0x49
 1486 0132 13       		.uleb128 0x13
 1487 0133 3C       		.uleb128 0x3c
 1488 0134 19       		.uleb128 0x19
 1489 0135 00       		.byte	0
 1490 0136 00       		.byte	0
 1491 0137 18       		.uleb128 0x18
 1492 0138 2E       		.uleb128 0x2e
 1493 0139 01       		.byte	0x1
 1494 013a 3F       		.uleb128 0x3f
 1495 013b 19       		.uleb128 0x19
 1496 013c 03       		.uleb128 0x3
 1497 013d 0E       		.uleb128 0xe
 1498 013e 3A       		.uleb128 0x3a
 1499 013f 0B       		.uleb128 0xb
 1500 0140 3B       		.uleb128 0x3b
 1501 0141 0B       		.uleb128 0xb
 1502 0142 27       		.uleb128 0x27
 1503 0143 19       		.uleb128 0x19
 1504 0144 3C       		.uleb128 0x3c
 1505 0145 19       		.uleb128 0x19
 1506 0146 01       		.uleb128 0x1
 1507 0147 13       		.uleb128 0x13
 1508 0148 00       		.byte	0
 1509 0149 00       		.byte	0
 1510 014a 19       		.uleb128 0x19
ARM GAS  C:\Users\allu9\AppData\Local\Temp\ccA3WY7V.s 			page 30


 1511 014b 05       		.uleb128 0x5
 1512 014c 00       		.byte	0
 1513 014d 49       		.uleb128 0x49
 1514 014e 13       		.uleb128 0x13
 1515 014f 00       		.byte	0
 1516 0150 00       		.byte	0
 1517 0151 1A       		.uleb128 0x1a
 1518 0152 2E       		.uleb128 0x2e
 1519 0153 00       		.byte	0
 1520 0154 3F       		.uleb128 0x3f
 1521 0155 19       		.uleb128 0x19
 1522 0156 03       		.uleb128 0x3
 1523 0157 0E       		.uleb128 0xe
 1524 0158 3A       		.uleb128 0x3a
 1525 0159 0B       		.uleb128 0xb
 1526 015a 3B       		.uleb128 0x3b
 1527 015b 0B       		.uleb128 0xb
 1528 015c 27       		.uleb128 0x27
 1529 015d 19       		.uleb128 0x19
 1530 015e 3C       		.uleb128 0x3c
 1531 015f 19       		.uleb128 0x19
 1532 0160 00       		.byte	0
 1533 0161 00       		.byte	0
 1534 0162 1B       		.uleb128 0x1b
 1535 0163 2E       		.uleb128 0x2e
 1536 0164 01       		.byte	0x1
 1537 0165 3F       		.uleb128 0x3f
 1538 0166 19       		.uleb128 0x19
 1539 0167 03       		.uleb128 0x3
 1540 0168 0E       		.uleb128 0xe
 1541 0169 3A       		.uleb128 0x3a
 1542 016a 0B       		.uleb128 0xb
 1543 016b 3B       		.uleb128 0x3b
 1544 016c 0B       		.uleb128 0xb
 1545 016d 27       		.uleb128 0x27
 1546 016e 19       		.uleb128 0x19
 1547 016f 49       		.uleb128 0x49
 1548 0170 13       		.uleb128 0x13
 1549 0171 3C       		.uleb128 0x3c
 1550 0172 19       		.uleb128 0x19
 1551 0173 00       		.byte	0
 1552 0174 00       		.byte	0
 1553 0175 1C       		.uleb128 0x1c
 1554 0176 18       		.uleb128 0x18
 1555 0177 00       		.byte	0
 1556 0178 00       		.byte	0
 1557 0179 00       		.byte	0
 1558 017a 00       		.byte	0
 1559              		.section	.debug_loc,"",%progbits
 1560              	.Ldebug_loc0:
 1561              	.LLST0:
 1562 0000 08000000 		.4byte	.LVL1
 1563 0004 26000000 		.4byte	.LVL9
 1564 0008 0600     		.2byte	0x6
 1565 000a 74       		.byte	0x74
 1566 000b 00       		.sleb128 0
 1567 000c 08       		.byte	0x8
ARM GAS  C:\Users\allu9\AppData\Local\Temp\ccA3WY7V.s 			page 31


 1568 000d FF       		.byte	0xff
 1569 000e 1A       		.byte	0x1a
 1570 000f 9F       		.byte	0x9f
 1571 0010 34000000 		.4byte	.LVL11
 1572 0014 3C000000 		.4byte	.LVL13
 1573 0018 0600     		.2byte	0x6
 1574 001a 74       		.byte	0x74
 1575 001b 00       		.sleb128 0
 1576 001c 08       		.byte	0x8
 1577 001d FF       		.byte	0xff
 1578 001e 1A       		.byte	0x1a
 1579 001f 9F       		.byte	0x9f
 1580 0020 00000000 		.4byte	0
 1581 0024 00000000 		.4byte	0
 1582              	.LLST1:
 1583 0028 0E000000 		.4byte	.LVL3
 1584 002c 02010000 		.4byte	.LVL40
 1585 0030 0600     		.2byte	0x6
 1586 0032 77       		.byte	0x77
 1587 0033 00       		.sleb128 0
 1588 0034 08       		.byte	0x8
 1589 0035 FF       		.byte	0xff
 1590 0036 1A       		.byte	0x1a
 1591 0037 9F       		.byte	0x9f
 1592 0038 00000000 		.4byte	0
 1593 003c 00000000 		.4byte	0
 1594              	.LLST2:
 1595 0040 14000000 		.4byte	.LVL5
 1596 0044 02010000 		.4byte	.LVL40
 1597 0048 0600     		.2byte	0x6
 1598 004a 76       		.byte	0x76
 1599 004b 00       		.sleb128 0
 1600 004c 08       		.byte	0x8
 1601 004d FF       		.byte	0xff
 1602 004e 1A       		.byte	0x1a
 1603 004f 9F       		.byte	0x9f
 1604 0050 00000000 		.4byte	0
 1605 0054 00000000 		.4byte	0
 1606              	.LLST3:
 1607 0058 1A000000 		.4byte	.LVL7
 1608 005c 02010000 		.4byte	.LVL40
 1609 0060 0600     		.2byte	0x6
 1610 0062 75       		.byte	0x75
 1611 0063 00       		.sleb128 0
 1612 0064 08       		.byte	0x8
 1613 0065 FF       		.byte	0xff
 1614 0066 1A       		.byte	0x1a
 1615 0067 9F       		.byte	0x9f
 1616 0068 00000000 		.4byte	0
 1617 006c 00000000 		.4byte	0
 1618              	.LLST4:
 1619 0070 00000000 		.4byte	.LVL46
 1620 0074 06000000 		.4byte	.LVL47
 1621 0078 0100     		.2byte	0x1
 1622 007a 50       		.byte	0x50
 1623 007b 06000000 		.4byte	.LVL47
 1624 007f 10000000 		.4byte	.LFE65
ARM GAS  C:\Users\allu9\AppData\Local\Temp\ccA3WY7V.s 			page 32


 1625 0083 0100     		.2byte	0x1
 1626 0085 52       		.byte	0x52
 1627 0086 00000000 		.4byte	0
 1628 008a 00000000 		.4byte	0
 1629              	.LLST5:
 1630 008e 00000000 		.4byte	.LVL49
 1631 0092 18000000 		.4byte	.LVL51
 1632 0096 0100     		.2byte	0x1
 1633 0098 50       		.byte	0x50
 1634 0099 18000000 		.4byte	.LVL51
 1635 009d 21000000 		.4byte	.LVL54-1
 1636 00a1 0500     		.2byte	0x5
 1637 00a3 03       		.byte	0x3
 1638 00a4 00000000 		.4byte	threshold
 1639 00a8 21000000 		.4byte	.LVL54-1
 1640 00ac 30000000 		.4byte	.LFE67
 1641 00b0 0400     		.2byte	0x4
 1642 00b2 F3       		.byte	0xf3
 1643 00b3 01       		.uleb128 0x1
 1644 00b4 50       		.byte	0x50
 1645 00b5 9F       		.byte	0x9f
 1646 00b6 00000000 		.4byte	0
 1647 00ba 00000000 		.4byte	0
 1648              	.LLST6:
 1649 00be 00000000 		.4byte	.LVL49
 1650 00c2 1A000000 		.4byte	.LVL52
 1651 00c6 0100     		.2byte	0x1
 1652 00c8 51       		.byte	0x51
 1653 00c9 1A000000 		.4byte	.LVL52
 1654 00cd 21000000 		.4byte	.LVL54-1
 1655 00d1 0500     		.2byte	0x5
 1656 00d3 03       		.byte	0x3
 1657 00d4 02000000 		.4byte	threshold+2
 1658 00d8 21000000 		.4byte	.LVL54-1
 1659 00dc 30000000 		.4byte	.LFE67
 1660 00e0 0400     		.2byte	0x4
 1661 00e2 F3       		.byte	0xf3
 1662 00e3 01       		.uleb128 0x1
 1663 00e4 51       		.byte	0x51
 1664 00e5 9F       		.byte	0x9f
 1665 00e6 00000000 		.4byte	0
 1666 00ea 00000000 		.4byte	0
 1667              	.LLST7:
 1668 00ee 00000000 		.4byte	.LVL49
 1669 00f2 0C000000 		.4byte	.LVL50
 1670 00f6 0100     		.2byte	0x1
 1671 00f8 52       		.byte	0x52
 1672 00f9 0C000000 		.4byte	.LVL50
 1673 00fd 30000000 		.4byte	.LFE67
 1674 0101 0400     		.2byte	0x4
 1675 0103 F3       		.byte	0xf3
 1676 0104 01       		.uleb128 0x1
 1677 0105 52       		.byte	0x52
 1678 0106 9F       		.byte	0x9f
 1679 0107 00000000 		.4byte	0
 1680 010b 00000000 		.4byte	0
 1681              	.LLST8:
ARM GAS  C:\Users\allu9\AppData\Local\Temp\ccA3WY7V.s 			page 33


 1682 010f 00000000 		.4byte	.LVL49
 1683 0113 1E000000 		.4byte	.LVL53
 1684 0117 0100     		.2byte	0x1
 1685 0119 53       		.byte	0x53
 1686 011a 1E000000 		.4byte	.LVL53
 1687 011e 21000000 		.4byte	.LVL54-1
 1688 0122 0500     		.2byte	0x5
 1689 0124 03       		.byte	0x3
 1690 0125 06000000 		.4byte	threshold+6
 1691 0129 21000000 		.4byte	.LVL54-1
 1692 012d 30000000 		.4byte	.LFE67
 1693 0131 0400     		.2byte	0x4
 1694 0133 F3       		.byte	0xf3
 1695 0134 01       		.uleb128 0x1
 1696 0135 53       		.byte	0x53
 1697 0136 9F       		.byte	0x9f
 1698 0137 00000000 		.4byte	0
 1699 013b 00000000 		.4byte	0
 1700              		.section	.debug_aranges,"",%progbits
 1701 0000 3C000000 		.4byte	0x3c
 1702 0004 0200     		.2byte	0x2
 1703 0006 00000000 		.4byte	.Ldebug_info0
 1704 000a 04       		.byte	0x4
 1705 000b 00       		.byte	0
 1706 000c 0000     		.2byte	0
 1707 000e 0000     		.2byte	0
 1708 0010 00000000 		.4byte	.LFB63
 1709 0014 08010000 		.4byte	.LFE63-.LFB63
 1710 0018 00000000 		.4byte	.LFB64
 1711 001c 20000000 		.4byte	.LFE64-.LFB64
 1712 0020 00000000 		.4byte	.LFB65
 1713 0024 10000000 		.4byte	.LFE65-.LFB65
 1714 0028 00000000 		.4byte	.LFB66
 1715 002c 6C000000 		.4byte	.LFE66-.LFB66
 1716 0030 00000000 		.4byte	.LFB67
 1717 0034 30000000 		.4byte	.LFE67-.LFB67
 1718 0038 00000000 		.4byte	0
 1719 003c 00000000 		.4byte	0
 1720              		.section	.debug_ranges,"",%progbits
 1721              	.Ldebug_ranges0:
 1722 0000 00000000 		.4byte	.LFB63
 1723 0004 08010000 		.4byte	.LFE63
 1724 0008 00000000 		.4byte	.LFB64
 1725 000c 20000000 		.4byte	.LFE64
 1726 0010 00000000 		.4byte	.LFB65
 1727 0014 10000000 		.4byte	.LFE65
 1728 0018 00000000 		.4byte	.LFB66
 1729 001c 6C000000 		.4byte	.LFE66
 1730 0020 00000000 		.4byte	.LFB67
 1731 0024 30000000 		.4byte	.LFE67
 1732 0028 00000000 		.4byte	0
 1733 002c 00000000 		.4byte	0
 1734              		.section	.debug_line,"",%progbits
 1735              	.Ldebug_line0:
 1736 0000 77020000 		.section	.debug_str,"MS",%progbits,1
 1736      0200E901 
 1736      00000201 
ARM GAS  C:\Users\allu9\AppData\Local\Temp\ccA3WY7V.s 			page 34


 1736      FB0E0D00 
 1736      01010101 
 1737              	.LASF59:
 1738 0000 54696D65 		.ascii	"Timer_R3_Start\000"
 1738      725F5233 
 1738      5F537461 
 1738      727400
 1739              	.LASF53:
 1740 000f 4C335F57 		.ascii	"L3_Write\000"
 1740      72697465 
 1740      00
 1741              	.LASF39:
 1742 0018 54696D65 		.ascii	"Timer_L1_ReadStatusRegister\000"
 1742      725F4C31 
 1742      5F526561 
 1742      64537461 
 1742      74757352 
 1743              	.LASF2:
 1744 0034 73686F72 		.ascii	"short int\000"
 1744      7420696E 
 1744      7400
 1745              	.LASF21:
 1746 003e 73697A65 		.ascii	"sizetype\000"
 1746      74797065 
 1746      00
 1747              	.LASF33:
 1748 0047 73656E73 		.ascii	"sensors\000"
 1748      6F727300 
 1749              	.LASF9:
 1750 004f 6C6F6E67 		.ascii	"long long int\000"
 1750      206C6F6E 
 1750      6720696E 
 1750      7400
 1751              	.LASF7:
 1752 005d 5F5F7569 		.ascii	"__uint32_t\000"
 1752      6E743332 
 1752      5F7400
 1753              	.LASF52:
 1754 0068 4C335F53 		.ascii	"L3_SetDriveMode\000"
 1754      65744472 
 1754      6976654D 
 1754      6F646500 
 1755              	.LASF4:
 1756 0078 5F5F7569 		.ascii	"__uint16_t\000"
 1756      6E743136 
 1756      5F7400
 1757              	.LASF16:
 1758 0083 75696E74 		.ascii	"uint16\000"
 1758      313600
 1759              	.LASF22:
 1760 008a 73746174 		.ascii	"statusR1\000"
 1760      75735231 
 1760      00
 1761              	.LASF15:
 1762 0093 75696E74 		.ascii	"uint8\000"
 1762      3800
 1763              	.LASF23:
ARM GAS  C:\Users\allu9\AppData\Local\Temp\ccA3WY7V.s 			page 35


 1764 0099 73746174 		.ascii	"statusR3\000"
 1764      75735233 
 1764      00
 1765              	.LASF57:
 1766 00a2 73656E73 		.ascii	"sensor_isr_StartEx\000"
 1766      6F725F69 
 1766      73725F53 
 1766      74617274 
 1766      457800
 1767              	.LASF41:
 1768 00b5 54696D65 		.ascii	"Timer_R1_ReadCapture\000"
 1768      725F5231 
 1768      5F526561 
 1768      64436170 
 1768      74757265 
 1769              	.LASF27:
 1770 00ca 7265666C 		.ascii	"reflectance_start\000"
 1770      65637461 
 1770      6E63655F 
 1770      73746172 
 1770      7400
 1771              	.LASF17:
 1772 00dc 666C6F61 		.ascii	"float\000"
 1772      7400
 1773              	.LASF50:
 1774 00e2 52335F53 		.ascii	"R3_SetDriveMode\000"
 1774      65744472 
 1774      6976654D 
 1774      6F646500 
 1775              	.LASF36:
 1776 00f2 54696D65 		.ascii	"Timer_R1_ReadStatusRegister\000"
 1776      725F5231 
 1776      5F526561 
 1776      64537461 
 1776      74757352 
 1777              	.LASF29:
 1778 010e 7265666C 		.ascii	"reflectance_digital\000"
 1778      65637461 
 1778      6E63655F 
 1778      64696769 
 1778      74616C00 
 1779              	.LASF35:
 1780 0122 74687265 		.ascii	"threshold\000"
 1780      73686F6C 
 1780      6400
 1781              	.LASF19:
 1782 012c 63686172 		.ascii	"char\000"
 1782      00
 1783              	.LASF42:
 1784 0131 54696D65 		.ascii	"Timer_R3_ReadPeriod\000"
 1784      725F5233 
 1784      5F526561 
 1784      64506572 
 1784      696F6400 
 1785              	.LASF6:
 1786 0145 6C6F6E67 		.ascii	"long int\000"
 1786      20696E74 
ARM GAS  C:\Users\allu9\AppData\Local\Temp\ccA3WY7V.s 			page 36


 1786      00
 1787              	.LASF62:
 1788 014e 7072696E 		.ascii	"printf\000"
 1788      746600
 1789              	.LASF30:
 1790 0155 76616C75 		.ascii	"values\000"
 1790      657300
 1791              	.LASF61:
 1792 015c 54696D65 		.ascii	"Timer_L1_Start\000"
 1792      725F4C31 
 1792      5F537461 
 1792      727400
 1793              	.LASF54:
 1794 016b 4C315F53 		.ascii	"L1_SetDriveMode\000"
 1794      65744472 
 1794      6976654D 
 1794      6F646500 
 1795              	.LASF1:
 1796 017b 756E7369 		.ascii	"unsigned char\000"
 1796      676E6564 
 1796      20636861 
 1796      7200
 1797              	.LASF56:
 1798 0189 43794465 		.ascii	"CyDelayUs\000"
 1798      6C617955 
 1798      7300
 1799              	.LASF20:
 1800 0193 63796973 		.ascii	"cyisraddress\000"
 1800      72616464 
 1800      72657373 
 1800      00
 1801              	.LASF48:
 1802 01a0 52315F53 		.ascii	"R1_SetDriveMode\000"
 1802      65744472 
 1802      6976654D 
 1802      6F646500 
 1803              	.LASF32:
 1804 01b0 7265666C 		.ascii	"reflectance_set_threshold\000"
 1804      65637461 
 1804      6E63655F 
 1804      7365745F 
 1804      74687265 
 1805              	.LASF0:
 1806 01ca 7369676E 		.ascii	"signed char\000"
 1806      65642063 
 1806      68617200 
 1807              	.LASF10:
 1808 01d6 6C6F6E67 		.ascii	"long long unsigned int\000"
 1808      206C6F6E 
 1808      6720756E 
 1808      7369676E 
 1808      65642069 
 1809              	.LASF14:
 1810 01ed 75696E74 		.ascii	"uint32_t\000"
 1810      33325F74 
 1810      00
 1811              	.LASF11:
ARM GAS  C:\Users\allu9\AppData\Local\Temp\ccA3WY7V.s 			page 37


 1812 01f6 756E7369 		.ascii	"unsigned int\000"
 1812      676E6564 
 1812      20696E74 
 1812      00
 1813              	.LASF12:
 1814 0203 75696E74 		.ascii	"uint16_t\000"
 1814      31365F74 
 1814      00
 1815              	.LASF49:
 1816 020c 52315F57 		.ascii	"R1_Write\000"
 1816      72697465 
 1816      00
 1817              	.LASF3:
 1818 0215 73686F72 		.ascii	"short unsigned int\000"
 1818      7420756E 
 1818      7369676E 
 1818      65642069 
 1818      6E7400
 1819              	.LASF47:
 1820 0228 54696D65 		.ascii	"Timer_L1_ReadCapture\000"
 1820      725F4C31 
 1820      5F526561 
 1820      64436170 
 1820      74757265 
 1821              	.LASF34:
 1822 023d 64696769 		.ascii	"digital_sensor_value\000"
 1822      74616C5F 
 1822      73656E73 
 1822      6F725F76 
 1822      616C7565 
 1823              	.LASF51:
 1824 0252 52335F57 		.ascii	"R3_Write\000"
 1824      72697465 
 1824      00
 1825              	.LASF24:
 1826 025b 73746174 		.ascii	"statusL3\000"
 1826      75734C33 
 1826      00
 1827              	.LASF13:
 1828 0264 696E7433 		.ascii	"int32_t\000"
 1828      325F7400 
 1829              	.LASF45:
 1830 026c 54696D65 		.ascii	"Timer_L3_ReadCapture\000"
 1830      725F4C33 
 1830      5F526561 
 1830      64436170 
 1830      74757265 
 1831              	.LASF46:
 1832 0281 54696D65 		.ascii	"Timer_L1_ReadPeriod\000"
 1832      725F4C31 
 1832      5F526561 
 1832      64506572 
 1832      696F6400 
 1833              	.LASF60:
 1834 0295 54696D65 		.ascii	"Timer_L3_Start\000"
 1834      725F4C33 
 1834      5F537461 
ARM GAS  C:\Users\allu9\AppData\Local\Temp\ccA3WY7V.s 			page 38


 1834      727400
 1835              	.LASF66:
 1836 02a4 73656E73 		.ascii	"sensors_\000"
 1836      6F72735F 
 1836      00
 1837              	.LASF37:
 1838 02ad 54696D65 		.ascii	"Timer_R3_ReadStatusRegister\000"
 1838      725F5233 
 1838      5F526561 
 1838      64537461 
 1838      74757352 
 1839              	.LASF8:
 1840 02c9 6C6F6E67 		.ascii	"long unsigned int\000"
 1840      20756E73 
 1840      69676E65 
 1840      6420696E 
 1840      7400
 1841              	.LASF44:
 1842 02db 54696D65 		.ascii	"Timer_L3_ReadPeriod\000"
 1842      725F4C33 
 1842      5F526561 
 1842      64506572 
 1842      696F6400 
 1843              	.LASF25:
 1844 02ef 73746174 		.ascii	"statusL1\000"
 1844      75734C31 
 1844      00
 1845              	.LASF31:
 1846 02f8 64696769 		.ascii	"digital\000"
 1846      74616C00 
 1847              	.LASF40:
 1848 0300 54696D65 		.ascii	"Timer_R1_ReadPeriod\000"
 1848      725F5231 
 1848      5F526561 
 1848      64506572 
 1848      696F6400 
 1849              	.LASF43:
 1850 0314 54696D65 		.ascii	"Timer_R3_ReadCapture\000"
 1850      725F5233 
 1850      5F526561 
 1850      64436170 
 1850      74757265 
 1851              	.LASF5:
 1852 0329 5F5F696E 		.ascii	"__int32_t\000"
 1852      7433325F 
 1852      7400
 1853              	.LASF26:
 1854 0333 73656E73 		.ascii	"sensor_isr_handler\000"
 1854      6F725F69 
 1854      73725F68 
 1854      616E646C 
 1854      657200
 1855              	.LASF63:
 1856 0346 474E5520 		.ascii	"GNU C 4.9.3 20150303 (release) [ARM/embedded-4_9-br"
 1856      4320342E 
 1856      392E3320 
 1856      32303135 
ARM GAS  C:\Users\allu9\AppData\Local\Temp\ccA3WY7V.s 			page 39


 1856      30333033 
 1857 0379 616E6368 		.ascii	"anch revision 221220] -mcpu=cortex-m3 -mthumb -g -O"
 1857      20726576 
 1857      6973696F 
 1857      6E203232 
 1857      31323230 
 1858 03ac 67202D66 		.ascii	"g -ffunction-sections -ffat-lto-objects\000"
 1858      66756E63 
 1858      74696F6E 
 1858      2D736563 
 1858      74696F6E 
 1859              	.LASF65:
 1860 03d4 433A5C55 		.ascii	"C:\\Users\\allu9\\Tuomo\\ZumoTUOMO\\ZumoBot.cydsn\000"
 1860      73657273 
 1860      5C616C6C 
 1860      75395C54 
 1860      756F6D6F 
 1861              	.LASF18:
 1862 0401 646F7562 		.ascii	"double\000"
 1862      6C6500
 1863              	.LASF67:
 1864 0408 49544D5F 		.ascii	"ITM_RxBuffer\000"
 1864      52784275 
 1864      66666572 
 1864      00
 1865              	.LASF38:
 1866 0415 54696D65 		.ascii	"Timer_L3_ReadStatusRegister\000"
 1866      725F4C33 
 1866      5F526561 
 1866      64537461 
 1866      74757352 
 1867              	.LASF64:
 1868 0431 5A756D6F 		.ascii	"ZumoLibrary\\Reflectance.c\000"
 1868      4C696272 
 1868      6172795C 
 1868      5265666C 
 1868      65637461 
 1869              	.LASF28:
 1870 044b 7265666C 		.ascii	"reflectance_read\000"
 1870      65637461 
 1870      6E63655F 
 1870      72656164 
 1870      00
 1871              	.LASF58:
 1872 045c 54696D65 		.ascii	"Timer_R1_Start\000"
 1872      725F5231 
 1872      5F537461 
 1872      727400
 1873              	.LASF55:
 1874 046b 4C315F57 		.ascii	"L1_Write\000"
 1874      72697465 
 1874      00
 1875              		.ident	"GCC: (GNU Tools for ARM Embedded Processors) 4.9.3 20150303 (release) [ARM/embedded-4_9-br
