ARM GAS  C:\Users\allu9\AppData\Local\Temp\ccNwnQ2h.s 			page 1


   1              		.syntax unified
   2              		.cpu cortex-m3
   3              		.fpu softvfp
   4              		.eabi_attribute 20, 1
   5              		.eabi_attribute 21, 1
   6              		.eabi_attribute 23, 3
   7              		.eabi_attribute 24, 1
   8              		.eabi_attribute 25, 1
   9              		.eabi_attribute 26, 1
  10              		.eabi_attribute 30, 1
  11              		.eabi_attribute 34, 1
  12              		.eabi_attribute 18, 4
  13              		.thumb
  14              		.syntax unified
  15              		.file	"Drive.c"
  16              		.text
  17              	.Ltext0:
  18              		.cfi_sections	.debug_frame
  19              		.global	__aeabi_i2f
  20              		.global	__aeabi_fdiv
  21              		.global	__aeabi_fmul
  22              		.global	__aeabi_f2d
  23              		.global	__aeabi_dmul
  24              		.global	__aeabi_d2iz
  25              		.global	__aeabi_ddiv
  26              		.global	__aeabi_dcmpgt
  27              		.global	__aeabi_fcmpgt
  28              		.global	__aeabi_fcmplt
  29              		.section	.text.Drive,"ax",%progbits
  30              		.align	2
  31              		.global	Drive
  32              		.thumb
  33              		.thumb_func
  34              		.type	Drive, %function
  35              	Drive:
  36              	.LFB63:
  37              		.file 1 "Drive.c"
   1:Drive.c       **** /**
   2:Drive.c       ****  * @file    Drive.c
   3:Drive.c       ****  * @brief   ASDF Written by me AKA VE's
   4:Drive.c       ****  * @details included in Zumo shield
   5:Drive.c       **** */
   6:Drive.c       **** #include "Drive.h"
   7:Drive.c       **** #include "Motor.h"
   8:Drive.c       **** #include "Reflectance.h"
   9:Drive.c       **** int dir;
  10:Drive.c       **** 
  11:Drive.c       **** int max=255;
  12:Drive.c       **** double mKorjaus=1.0f; //<1
  13:Drive.c       **** double korjaus=1.0f;
  14:Drive.c       **** int laskuRaja=75;  //0-255
  15:Drive.c       **** 
  16:Drive.c       **** int sharp; 
  17:Drive.c       **** int fuckup;
  18:Drive.c       **** 
  19:Drive.c       **** void Drive (int l3, int l1, int r1, int r3, int lVal, int rVal)
  20:Drive.c       **** {
ARM GAS  C:\Users\allu9\AppData\Local\Temp\ccNwnQ2h.s 			page 2


  38              		.loc 1 20 0
  39              		.cfi_startproc
  40              		@ args = 8, pretend = 0, frame = 0
  41              		@ frame_needed = 0, uses_anonymous_args = 0
  42              	.LVL0:
  43 0000 2DE9F041 		push	{r4, r5, r6, r7, r8, lr}
  44              		.cfi_def_cfa_offset 24
  45              		.cfi_offset 4, -24
  46              		.cfi_offset 5, -20
  47              		.cfi_offset 6, -16
  48              		.cfi_offset 7, -12
  49              		.cfi_offset 8, -8
  50              		.cfi_offset 14, -4
  51 0004 82B0     		sub	sp, sp, #8
  52              		.cfi_def_cfa_offset 32
  53 0006 0C46     		mov	r4, r1
  54 0008 089E     		ldr	r6, [sp, #32]
  55 000a 0998     		ldr	r0, [sp, #36]
  56              	.LVL1:
  21:Drive.c       **** 
  22:Drive.c       ****     if(l1<1000)
  57              		.loc 1 22 0
  58 000c B1F57A7F 		cmp	r1, #1000
  59 0010 00DA     		bge	.L2
  23:Drive.c       ****     {
  24:Drive.c       ****         l1=lVal;
  60              		.loc 1 24 0
  61 0012 3446     		mov	r4, r6
  62              	.L2:
  63              	.LVL2:
  25:Drive.c       ****     }
  26:Drive.c       ****     if(r1<1000)
  64              		.loc 1 26 0
  65 0014 B2F57A7F 		cmp	r2, #1000
  66 0018 00DA     		bge	.L3
  27:Drive.c       ****     {
  28:Drive.c       ****         r1=rVal;   
  67              		.loc 1 28 0
  68 001a 0246     		mov	r2, r0
  69              	.LVL3:
  70              	.L3:
  29:Drive.c       ****     }
  30:Drive.c       ****     
  31:Drive.c       ****     float leftR=(float)(r1-rVal)/(l1-lVal);
  71              		.loc 1 31 0
  72 001c 101A     		subs	r0, r2, r0
  73 001e FFF7FEFF 		bl	__aeabi_i2f
  74              	.LVL4:
  75 0022 0546     		mov	r5, r0
  76 0024 A01B     		subs	r0, r4, r6
  77 0026 FFF7FEFF 		bl	__aeabi_i2f
  78              	.LVL5:
  79 002a 0446     		mov	r4, r0
  80              	.LVL6:
  81 002c 0146     		mov	r1, r0
  82 002e 2846     		mov	r0, r5
  83 0030 FFF7FEFF 		bl	__aeabi_fdiv
ARM GAS  C:\Users\allu9\AppData\Local\Temp\ccNwnQ2h.s 			page 3


  84              	.LVL7:
  85 0034 8046     		mov	r8, r0
  86              	.LVL8:
  32:Drive.c       ****     float rightR= (float)(l1-lVal)/(r1-rVal);
  87              		.loc 1 32 0
  88 0036 2946     		mov	r1, r5
  89 0038 2046     		mov	r0, r4
  90              	.LVL9:
  91 003a FFF7FEFF 		bl	__aeabi_fdiv
  92              	.LVL10:
  93 003e 0746     		mov	r7, r0
  94              	.LVL11:
  33:Drive.c       ****     
  34:Drive.c       ****     int leftM=(float)leftR*max*mKorjaus;
  95              		.loc 1 34 0
  96 0040 554C     		ldr	r4, .L19+8
  97 0042 2068     		ldr	r0, [r4]
  98              	.LVL12:
  99 0044 FFF7FEFF 		bl	__aeabi_i2f
 100              	.LVL13:
 101 0048 0646     		mov	r6, r0
 102 004a 0146     		mov	r1, r0
 103 004c 4046     		mov	r0, r8
 104 004e FFF7FEFF 		bl	__aeabi_fmul
 105              	.LVL14:
 106 0052 04F10805 		add	r5, r4, #8
 107 0056 D5E90045 		ldrd	r4, [r5]
 108 005a FFF7FEFF 		bl	__aeabi_f2d
 109              	.LVL15:
 110 005e 2246     		mov	r2, r4
 111 0060 2B46     		mov	r3, r5
 112 0062 FFF7FEFF 		bl	__aeabi_dmul
 113              	.LVL16:
 114 0066 FFF7FEFF 		bl	__aeabi_d2iz
 115              	.LVL17:
 116 006a 8046     		mov	r8, r0
 117              	.LVL18:
  35:Drive.c       ****     int righhM=(float)rightR*max*mKorjaus;
 118              		.loc 1 35 0
 119 006c 3146     		mov	r1, r6
 120 006e 3846     		mov	r0, r7
 121              	.LVL19:
 122 0070 FFF7FEFF 		bl	__aeabi_fmul
 123              	.LVL20:
 124 0074 FFF7FEFF 		bl	__aeabi_f2d
 125              	.LVL21:
 126 0078 2246     		mov	r2, r4
 127 007a 2B46     		mov	r3, r5
 128 007c FFF7FEFF 		bl	__aeabi_dmul
 129              	.LVL22:
 130 0080 FFF7FEFF 		bl	__aeabi_d2iz
 131              	.LVL23:
 132 0084 0746     		mov	r7, r0
 133              	.LVL24:
  36:Drive.c       ****     
  37:Drive.c       ****     if((float)(leftM+righhM)/max/mKorjaus/2>0.80)
 134              		.loc 1 37 0
ARM GAS  C:\Users\allu9\AppData\Local\Temp\ccNwnQ2h.s 			page 4


 135 0086 4044     		add	r0, r8, r0
 136              	.LVL25:
 137 0088 FFF7FEFF 		bl	__aeabi_i2f
 138              	.LVL26:
 139 008c 3146     		mov	r1, r6
 140 008e FFF7FEFF 		bl	__aeabi_fdiv
 141              	.LVL27:
 142 0092 FFF7FEFF 		bl	__aeabi_f2d
 143              	.LVL28:
 144 0096 2246     		mov	r2, r4
 145 0098 2B46     		mov	r3, r5
 146 009a FFF7FEFF 		bl	__aeabi_ddiv
 147              	.LVL29:
 148 009e 0022     		movs	r2, #0
 149 00a0 3E4B     		ldr	r3, .L19+12
 150 00a2 FFF7FEFF 		bl	__aeabi_dmul
 151              	.LVL30:
 152 00a6 3AA3     		adr	r3, .L19
 153 00a8 D3E90023 		ldrd	r2, [r3]
 154 00ac FFF7FEFF 		bl	__aeabi_dcmpgt
 155              	.LVL31:
 156 00b0 38B1     		cbz	r0, .L4
  38:Drive.c       ****     {
  39:Drive.c       ****         BatteryLed_Write(1);
 157              		.loc 1 39 0
 158 00b2 0120     		movs	r0, #1
 159 00b4 FFF7FEFF 		bl	BatteryLed_Write
 160              	.LVL32:
  40:Drive.c       ****         motor_forward(max,1);
 161              		.loc 1 40 0
 162 00b8 0121     		movs	r1, #1
 163 00ba 374B     		ldr	r3, .L19+8
 164 00bc 1878     		ldrb	r0, [r3]	@ zero_extendqisi2
 165 00be FFF7FEFF 		bl	motor_forward
 166              	.LVL33:
 167              	.L4:
  41:Drive.c       ****     }
  42:Drive.c       ****     
  43:Drive.c       ****     if ((float)righhM>laskuRaja&&(float)leftM>laskuRaja)
 168              		.loc 1 43 0
 169 00c2 3846     		mov	r0, r7
 170 00c4 FFF7FEFF 		bl	__aeabi_i2f
 171              	.LVL34:
 172 00c8 0546     		mov	r5, r0
 173 00ca 334B     		ldr	r3, .L19+8
 174 00cc 1869     		ldr	r0, [r3, #16]
 175 00ce FFF7FEFF 		bl	__aeabi_i2f
 176              	.LVL35:
 177 00d2 0446     		mov	r4, r0
 178 00d4 0146     		mov	r1, r0
 179 00d6 2846     		mov	r0, r5
 180 00d8 FFF7FEFF 		bl	__aeabi_fcmpgt
 181              	.LVL36:
 182 00dc 38B3     		cbz	r0, .L6
 183              		.loc 1 43 0 is_stmt 0 discriminator 1
 184 00de 4046     		mov	r0, r8
 185 00e0 FFF7FEFF 		bl	__aeabi_i2f
ARM GAS  C:\Users\allu9\AppData\Local\Temp\ccNwnQ2h.s 			page 5


 186              	.LVL37:
 187 00e4 0146     		mov	r1, r0
 188 00e6 2046     		mov	r0, r4
 189 00e8 FFF7FEFF 		bl	__aeabi_fcmplt
 190              	.LVL38:
 191 00ec F8B1     		cbz	r0, .L6
  44:Drive.c       ****     {
  45:Drive.c       ****         BatteryLed_Write(0);
 192              		.loc 1 45 0 is_stmt 1
 193 00ee 0020     		movs	r0, #0
 194 00f0 FFF7FEFF 		bl	BatteryLed_Write
 195              	.LVL39:
  46:Drive.c       ****         sharp=10;
 196              		.loc 1 46 0
 197 00f4 0A22     		movs	r2, #10
 198 00f6 2A4B     		ldr	r3, .L19+16
 199 00f8 1A60     		str	r2, [r3]
  47:Drive.c       ****         fuckup=0;
 200              		.loc 1 47 0
 201 00fa 0022     		movs	r2, #0
 202 00fc 294B     		ldr	r3, .L19+20
 203 00fe 1A60     		str	r2, [r3]
  48:Drive.c       **** //        motor_turn(leftM,righhM,1);
  49:Drive.c       ****         if(leftM>righhM)
 204              		.loc 1 49 0
 205 0100 B845     		cmp	r8, r7
 206 0102 09DD     		ble	.L9
  50:Drive.c       ****         {
  51:Drive.c       ****             motor_turn(max,righhM,1);
 207              		.loc 1 51 0
 208 0104 0122     		movs	r2, #1
 209 0106 F9B2     		uxtb	r1, r7
 210 0108 234B     		ldr	r3, .L19+8
 211 010a 1878     		ldrb	r0, [r3]	@ zero_extendqisi2
 212 010c FFF7FEFF 		bl	motor_turn
 213              	.LVL40:
  52:Drive.c       ****             
  53:Drive.c       ****             dir=1;  //=oikealle   
 214              		.loc 1 53 0
 215 0110 0122     		movs	r2, #1
 216 0112 254B     		ldr	r3, .L19+24
 217 0114 1A60     		str	r2, [r3]
 218 0116 35E0     		b	.L1
 219              	.L9:
  54:Drive.c       **** 
  55:Drive.c       ****         }
  56:Drive.c       ****         else
  57:Drive.c       ****         {
  58:Drive.c       ****             motor_turn(leftM,max,1);
 220              		.loc 1 58 0
 221 0118 0122     		movs	r2, #1
 222 011a 1F4B     		ldr	r3, .L19+8
 223 011c 1978     		ldrb	r1, [r3]	@ zero_extendqisi2
 224 011e 5FFA88F0 		uxtb	r0, r8
 225 0122 FFF7FEFF 		bl	motor_turn
 226              	.LVL41:
  59:Drive.c       ****             
ARM GAS  C:\Users\allu9\AppData\Local\Temp\ccNwnQ2h.s 			page 6


  60:Drive.c       ****             dir=0;  //=vasemmalle
 227              		.loc 1 60 0
 228 0126 0022     		movs	r2, #0
 229 0128 1F4B     		ldr	r3, .L19+24
 230 012a 1A60     		str	r2, [r3]
 231 012c 2AE0     		b	.L1
 232              	.L6:
  61:Drive.c       ****         }
  62:Drive.c       ****         
  63:Drive.c       ****     }
  64:Drive.c       ****     
  65:Drive.c       ****     
  66:Drive.c       ****     else 
  67:Drive.c       ****     {
  68:Drive.c       ****     //BatteryLed_Write(1);
  69:Drive.c       ****     
  70:Drive.c       ****         if(dir==1)
 233              		.loc 1 70 0
 234 012e 1E4B     		ldr	r3, .L19+24
 235 0130 1B68     		ldr	r3, [r3]
 236 0132 012B     		cmp	r3, #1
 237 0134 08D1     		bne	.L11
  71:Drive.c       ****         {
  72:Drive.c       ****             motor_sharp_turn(0,1,max,sharp,1);
 238              		.loc 1 72 0
 239 0136 1A4B     		ldr	r3, .L19+16
 240 0138 1B78     		ldrb	r3, [r3]	@ zero_extendqisi2
 241 013a 174A     		ldr	r2, .L19+8
 242 013c 1278     		ldrb	r2, [r2]	@ zero_extendqisi2
 243 013e 0121     		movs	r1, #1
 244 0140 0091     		str	r1, [sp]
 245 0142 0020     		movs	r0, #0
 246 0144 FFF7FEFF 		bl	motor_sharp_turn
 247              	.LVL42:
 248              	.L11:
  73:Drive.c       ****         }
  74:Drive.c       ****         if(dir==0)
 249              		.loc 1 74 0
 250 0148 174B     		ldr	r3, .L19+24
 251 014a 1B68     		ldr	r3, [r3]
 252 014c 43B9     		cbnz	r3, .L12
  75:Drive.c       ****         {
  76:Drive.c       ****             motor_sharp_turn(1,0,sharp,max,1);
 253              		.loc 1 76 0
 254 014e 124B     		ldr	r3, .L19+8
 255 0150 1B78     		ldrb	r3, [r3]	@ zero_extendqisi2
 256 0152 134A     		ldr	r2, .L19+16
 257 0154 1278     		ldrb	r2, [r2]	@ zero_extendqisi2
 258 0156 0120     		movs	r0, #1
 259 0158 0090     		str	r0, [sp]
 260 015a 0021     		movs	r1, #0
 261 015c FFF7FEFF 		bl	motor_sharp_turn
 262              	.LVL43:
 263              	.L12:
  77:Drive.c       ****         }
  78:Drive.c       ****     fuckup++;
 264              		.loc 1 78 0
ARM GAS  C:\Users\allu9\AppData\Local\Temp\ccNwnQ2h.s 			page 7


 265 0160 104A     		ldr	r2, .L19+20
 266 0162 1368     		ldr	r3, [r2]
 267 0164 0133     		adds	r3, r3, #1
 268 0166 1360     		str	r3, [r2]
  79:Drive.c       ****     if(fuckup>=10)
 269              		.loc 1 79 0
 270 0168 092B     		cmp	r3, #9
 271 016a 0BDD     		ble	.L1
  80:Drive.c       ****         {
  81:Drive.c       ****             sharp+=10;
 272              		.loc 1 81 0
 273 016c 0C4A     		ldr	r2, .L19+16
 274 016e 1368     		ldr	r3, [r2]
 275 0170 0A33     		adds	r3, r3, #10
 276 0172 1360     		str	r3, [r2]
  82:Drive.c       ****             fuckup=0;
 277              		.loc 1 82 0
 278 0174 0021     		movs	r1, #0
 279 0176 0B4A     		ldr	r2, .L19+20
 280 0178 1160     		str	r1, [r2]
  83:Drive.c       ****             if(sharp>200)
 281              		.loc 1 83 0
 282 017a C82B     		cmp	r3, #200
 283 017c 02DD     		ble	.L1
  84:Drive.c       ****             {
  85:Drive.c       ****                 sharp=255;
 284              		.loc 1 85 0
 285 017e FF22     		movs	r2, #255
 286 0180 074B     		ldr	r3, .L19+16
 287 0182 1A60     		str	r2, [r3]
 288              	.L1:
  86:Drive.c       ****             }
  87:Drive.c       ****         }    
  88:Drive.c       ****     }
  89:Drive.c       ****     
  90:Drive.c       **** }...
 289              		.loc 1 90 0
 290 0184 02B0     		add	sp, sp, #8
 291              		.cfi_def_cfa_offset 24
 292              		@ sp needed
 293 0186 BDE8F081 		pop	{r4, r5, r6, r7, r8, pc}
 294              	.LVL44:
 295              	.L20:
 296 018a 00BFAFF3 		.align	3
 296      0080
 297              	.L19:
 298 0190 9A999999 		.word	-1717986918
 299 0194 9999E93F 		.word	1072273817
 300 0198 00000000 		.word	.LANCHOR0
 301 019c 0000E03F 		.word	1071644672
 302 01a0 00000000 		.word	sharp
 303 01a4 00000000 		.word	fuckup
 304 01a8 00000000 		.word	dir
 305              		.cfi_endproc
 306              	.LFE63:
 307              		.size	Drive, .-Drive
 308              		.comm	fuckup,4,4
ARM GAS  C:\Users\allu9\AppData\Local\Temp\ccNwnQ2h.s 			page 8


 309              		.comm	sharp,4,4
 310              		.global	laskuRaja
 311              		.global	korjaus
 312              		.global	mKorjaus
 313              		.global	max
 314              		.comm	dir,4,4
 315              		.comm	threshold,8,4
 316              		.data
 317              		.align	3
 318              		.set	.LANCHOR0,. + 0
 319              		.type	max, %object
 320              		.size	max, 4
 321              	max:
 322 0000 FF000000 		.word	255
 323 0004 00000000 		.space	4
 324              		.type	mKorjaus, %object
 325              		.size	mKorjaus, 8
 326              	mKorjaus:
 327 0008 00000000 		.word	0
 328 000c 0000F03F 		.word	1072693248
 329              		.type	laskuRaja, %object
 330              		.size	laskuRaja, 4
 331              	laskuRaja:
 332 0010 4B000000 		.word	75
 333 0014 00000000 		.space	4
 334              		.type	korjaus, %object
 335              		.size	korjaus, 8
 336              	korjaus:
 337 0018 00000000 		.word	0
 338 001c 0000F03F 		.word	1072693248
 339              		.text
 340              	.Letext0:
 341              		.file 2 "c:\\program files (x86)\\cypress\\psoc creator\\4.1\\psoc creator\\import\\gnu\\arm\\5.4.
 342              		.file 3 "c:\\program files (x86)\\cypress\\psoc creator\\4.1\\psoc creator\\import\\gnu\\arm\\5.4.
 343              		.file 4 ".\\ZumoLibrary/Reflectance.h"
 344              		.file 5 "Generated_Source\\PSoC5/core_cm3.h"
 345              		.file 6 "Generated_Source\\PSoC5/BatteryLed.h"
 346              		.file 7 ".\\ZumoLibrary/Motor.h"
 347              		.section	.debug_info,"",%progbits
 348              	.Ldebug_info0:
 349 0000 00030000 		.4byte	0x300
 350 0004 0400     		.2byte	0x4
 351 0006 00000000 		.4byte	.Ldebug_abbrev0
 352 000a 04       		.byte	0x4
 353 000b 01       		.uleb128 0x1
 354 000c 43000000 		.4byte	.LASF35
 355 0010 0C       		.byte	0xc
 356 0011 39020000 		.4byte	.LASF36
 357 0015 0C020000 		.4byte	.LASF37
 358 0019 00000000 		.4byte	.Ldebug_ranges0+0
 359 001d 00000000 		.4byte	0
 360 0021 00000000 		.4byte	.Ldebug_line0
 361 0025 02       		.uleb128 0x2
 362 0026 01       		.byte	0x1
 363 0027 06       		.byte	0x6
 364 0028 00020000 		.4byte	.LASF0
 365 002c 02       		.uleb128 0x2
ARM GAS  C:\Users\allu9\AppData\Local\Temp\ccNwnQ2h.s 			page 9


 366 002d 01       		.byte	0x1
 367 002e 08       		.byte	0x8
 368 002f 35000000 		.4byte	.LASF1
 369 0033 02       		.uleb128 0x2
 370 0034 02       		.byte	0x2
 371 0035 05       		.byte	0x5
 372 0036 BA010000 		.4byte	.LASF2
 373 003a 03       		.uleb128 0x3
 374 003b 07010000 		.4byte	.LASF4
 375 003f 02       		.byte	0x2
 376 0040 2B       		.byte	0x2b
 377 0041 45000000 		.4byte	0x45
 378 0045 02       		.uleb128 0x2
 379 0046 02       		.byte	0x2
 380 0047 07       		.byte	0x7
 381 0048 D7000000 		.4byte	.LASF3
 382 004c 03       		.uleb128 0x3
 383 004d 09000000 		.4byte	.LASF5
 384 0051 02       		.byte	0x2
 385 0052 3F       		.byte	0x3f
 386 0053 57000000 		.4byte	0x57
 387 0057 02       		.uleb128 0x2
 388 0058 04       		.byte	0x4
 389 0059 05       		.byte	0x5
 390 005a DD010000 		.4byte	.LASF6
 391 005e 02       		.uleb128 0x2
 392 005f 04       		.byte	0x4
 393 0060 07       		.byte	0x7
 394 0061 12010000 		.4byte	.LASF7
 395 0065 02       		.uleb128 0x2
 396 0066 08       		.byte	0x8
 397 0067 05       		.byte	0x5
 398 0068 96010000 		.4byte	.LASF8
 399 006c 02       		.uleb128 0x2
 400 006d 08       		.byte	0x8
 401 006e 07       		.byte	0x7
 402 006f 5C010000 		.4byte	.LASF9
 403 0073 04       		.uleb128 0x4
 404 0074 04       		.byte	0x4
 405 0075 05       		.byte	0x5
 406 0076 696E7400 		.ascii	"int\000"
 407 007a 02       		.uleb128 0x2
 408 007b 04       		.byte	0x4
 409 007c 07       		.byte	0x7
 410 007d 4F010000 		.4byte	.LASF10
 411 0081 03       		.uleb128 0x3
 412 0082 C4010000 		.4byte	.LASF11
 413 0086 03       		.byte	0x3
 414 0087 24       		.byte	0x24
 415 0088 3A000000 		.4byte	0x3a
 416 008c 03       		.uleb128 0x3
 417 008d 85010000 		.4byte	.LASF12
 418 0091 03       		.byte	0x3
 419 0092 2C       		.byte	0x2c
 420 0093 4C000000 		.4byte	0x4c
 421 0097 02       		.uleb128 0x2
 422 0098 04       		.byte	0x4
ARM GAS  C:\Users\allu9\AppData\Local\Temp\ccNwnQ2h.s 			page 10


 423 0099 04       		.byte	0x4
 424 009a 2F000000 		.4byte	.LASF13
 425 009e 02       		.uleb128 0x2
 426 009f 08       		.byte	0x8
 427 00a0 04       		.byte	0x4
 428 00a1 1A000000 		.4byte	.LASF14
 429 00a5 02       		.uleb128 0x2
 430 00a6 01       		.byte	0x1
 431 00a7 08       		.byte	0x8
 432 00a8 B5010000 		.4byte	.LASF15
 433 00ac 02       		.uleb128 0x2
 434 00ad 08       		.byte	0x8
 435 00ae 04       		.byte	0x4
 436 00af EC010000 		.4byte	.LASF16
 437 00b3 02       		.uleb128 0x2
 438 00b4 04       		.byte	0x4
 439 00b5 07       		.byte	0x7
 440 00b6 8D010000 		.4byte	.LASF17
 441 00ba 05       		.uleb128 0x5
 442 00bb 00000000 		.4byte	.LASF38
 443 00bf 08       		.byte	0x8
 444 00c0 04       		.byte	0x4
 445 00c1 11       		.byte	0x11
 446 00c2 F3000000 		.4byte	0xf3
 447 00c6 06       		.uleb128 0x6
 448 00c7 6C3300   		.ascii	"l3\000"
 449 00ca 04       		.byte	0x4
 450 00cb 12       		.byte	0x12
 451 00cc 81000000 		.4byte	0x81
 452 00d0 00       		.byte	0
 453 00d1 06       		.uleb128 0x6
 454 00d2 6C3100   		.ascii	"l1\000"
 455 00d5 04       		.byte	0x4
 456 00d6 14       		.byte	0x14
 457 00d7 81000000 		.4byte	0x81
 458 00db 02       		.byte	0x2
 459 00dc 06       		.uleb128 0x6
 460 00dd 723100   		.ascii	"r1\000"
 461 00e0 04       		.byte	0x4
 462 00e1 15       		.byte	0x15
 463 00e2 81000000 		.4byte	0x81
 464 00e6 04       		.byte	0x4
 465 00e7 06       		.uleb128 0x6
 466 00e8 723300   		.ascii	"r3\000"
 467 00eb 04       		.byte	0x4
 468 00ec 17       		.byte	0x17
 469 00ed 81000000 		.4byte	0x81
 470 00f1 06       		.byte	0x6
 471 00f2 00       		.byte	0
 472 00f3 07       		.uleb128 0x7
 473 00f4 D1000000 		.4byte	.LASF39
 474 00f8 01       		.byte	0x1
 475 00f9 13       		.byte	0x13
 476 00fa 00000000 		.4byte	.LFB63
 477 00fe AC010000 		.4byte	.LFE63-.LFB63
 478 0102 01       		.uleb128 0x1
 479 0103 9C       		.byte	0x9c
ARM GAS  C:\Users\allu9\AppData\Local\Temp\ccNwnQ2h.s 			page 11


 480 0104 3E020000 		.4byte	0x23e
 481 0108 08       		.uleb128 0x8
 482 0109 6C3300   		.ascii	"l3\000"
 483 010c 01       		.byte	0x1
 484 010d 13       		.byte	0x13
 485 010e 73000000 		.4byte	0x73
 486 0112 00000000 		.4byte	.LLST0
 487 0116 08       		.uleb128 0x8
 488 0117 6C3100   		.ascii	"l1\000"
 489 011a 01       		.byte	0x1
 490 011b 13       		.byte	0x13
 491 011c 73000000 		.4byte	0x73
 492 0120 21000000 		.4byte	.LLST1
 493 0124 08       		.uleb128 0x8
 494 0125 723100   		.ascii	"r1\000"
 495 0128 01       		.byte	0x1
 496 0129 13       		.byte	0x13
 497 012a 73000000 		.4byte	0x73
 498 012e 3F000000 		.4byte	.LLST2
 499 0132 08       		.uleb128 0x8
 500 0133 723300   		.ascii	"r3\000"
 501 0136 01       		.byte	0x1
 502 0137 13       		.byte	0x13
 503 0138 73000000 		.4byte	0x73
 504 013c 5D000000 		.4byte	.LLST3
 505 0140 09       		.uleb128 0x9
 506 0141 21000000 		.4byte	.LASF18
 507 0145 01       		.byte	0x1
 508 0146 13       		.byte	0x13
 509 0147 73000000 		.4byte	0x73
 510 014b 7E000000 		.4byte	.LLST4
 511 014f 09       		.uleb128 0x9
 512 0150 EA000000 		.4byte	.LASF19
 513 0154 01       		.byte	0x1
 514 0155 13       		.byte	0x13
 515 0156 73000000 		.4byte	0x73
 516 015a 9E000000 		.4byte	.LLST5
 517 015e 0A       		.uleb128 0xa
 518 015f E6010000 		.4byte	.LASF20
 519 0163 01       		.byte	0x1
 520 0164 1F       		.byte	0x1f
 521 0165 97000000 		.4byte	0x97
 522 0169 BE000000 		.4byte	.LLST6
 523 016d 0A       		.uleb128 0xa
 524 016e 24010000 		.4byte	.LASF21
 525 0172 01       		.byte	0x1
 526 0173 20       		.byte	0x20
 527 0174 97000000 		.4byte	0x97
 528 0178 DC000000 		.4byte	.LLST7
 529 017c 0A       		.uleb128 0xa
 530 017d CD010000 		.4byte	.LASF22
 531 0181 01       		.byte	0x1
 532 0182 22       		.byte	0x22
 533 0183 73000000 		.4byte	0x73
 534 0187 FA000000 		.4byte	.LLST8
 535 018b 0A       		.uleb128 0xa
 536 018c 13000000 		.4byte	.LASF23
ARM GAS  C:\Users\allu9\AppData\Local\Temp\ccNwnQ2h.s 			page 12


 537 0190 01       		.byte	0x1
 538 0191 23       		.byte	0x23
 539 0192 73000000 		.4byte	0x73
 540 0196 18010000 		.4byte	.LLST9
 541 019a 0B       		.uleb128 0xb
 542 019b B8000000 		.4byte	.LVL32
 543 019f D7020000 		.4byte	0x2d7
 544 01a3 AD010000 		.4byte	0x1ad
 545 01a7 0C       		.uleb128 0xc
 546 01a8 01       		.uleb128 0x1
 547 01a9 50       		.byte	0x50
 548 01aa 01       		.uleb128 0x1
 549 01ab 31       		.byte	0x31
 550 01ac 00       		.byte	0
 551 01ad 0B       		.uleb128 0xb
 552 01ae C2000000 		.4byte	.LVL33
 553 01b2 E2020000 		.4byte	0x2e2
 554 01b6 C0010000 		.4byte	0x1c0
 555 01ba 0C       		.uleb128 0xc
 556 01bb 01       		.uleb128 0x1
 557 01bc 51       		.byte	0x51
 558 01bd 01       		.uleb128 0x1
 559 01be 31       		.byte	0x31
 560 01bf 00       		.byte	0
 561 01c0 0B       		.uleb128 0xb
 562 01c1 F4000000 		.4byte	.LVL39
 563 01c5 D7020000 		.4byte	0x2d7
 564 01c9 D3010000 		.4byte	0x1d3
 565 01cd 0C       		.uleb128 0xc
 566 01ce 01       		.uleb128 0x1
 567 01cf 50       		.byte	0x50
 568 01d0 01       		.uleb128 0x1
 569 01d1 30       		.byte	0x30
 570 01d2 00       		.byte	0
 571 01d3 0B       		.uleb128 0xb
 572 01d4 10010000 		.4byte	.LVL40
 573 01d8 ED020000 		.4byte	0x2ed
 574 01dc EC010000 		.4byte	0x1ec
 575 01e0 0C       		.uleb128 0xc
 576 01e1 01       		.uleb128 0x1
 577 01e2 51       		.byte	0x51
 578 01e3 02       		.uleb128 0x2
 579 01e4 77       		.byte	0x77
 580 01e5 00       		.sleb128 0
 581 01e6 0C       		.uleb128 0xc
 582 01e7 01       		.uleb128 0x1
 583 01e8 52       		.byte	0x52
 584 01e9 01       		.uleb128 0x1
 585 01ea 31       		.byte	0x31
 586 01eb 00       		.byte	0
 587 01ec 0B       		.uleb128 0xb
 588 01ed 26010000 		.4byte	.LVL41
 589 01f1 ED020000 		.4byte	0x2ed
 590 01f5 05020000 		.4byte	0x205
 591 01f9 0C       		.uleb128 0xc
 592 01fa 01       		.uleb128 0x1
 593 01fb 50       		.byte	0x50
ARM GAS  C:\Users\allu9\AppData\Local\Temp\ccNwnQ2h.s 			page 13


 594 01fc 02       		.uleb128 0x2
 595 01fd 78       		.byte	0x78
 596 01fe 00       		.sleb128 0
 597 01ff 0C       		.uleb128 0xc
 598 0200 01       		.uleb128 0x1
 599 0201 52       		.byte	0x52
 600 0202 01       		.uleb128 0x1
 601 0203 31       		.byte	0x31
 602 0204 00       		.byte	0
 603 0205 0B       		.uleb128 0xb
 604 0206 48010000 		.4byte	.LVL42
 605 020a F8020000 		.4byte	0x2f8
 606 020e 23020000 		.4byte	0x223
 607 0212 0C       		.uleb128 0xc
 608 0213 01       		.uleb128 0x1
 609 0214 50       		.byte	0x50
 610 0215 01       		.uleb128 0x1
 611 0216 30       		.byte	0x30
 612 0217 0C       		.uleb128 0xc
 613 0218 01       		.uleb128 0x1
 614 0219 51       		.byte	0x51
 615 021a 01       		.uleb128 0x1
 616 021b 31       		.byte	0x31
 617 021c 0C       		.uleb128 0xc
 618 021d 02       		.uleb128 0x2
 619 021e 7D       		.byte	0x7d
 620 021f 00       		.sleb128 0
 621 0220 01       		.uleb128 0x1
 622 0221 31       		.byte	0x31
 623 0222 00       		.byte	0
 624 0223 0D       		.uleb128 0xd
 625 0224 60010000 		.4byte	.LVL43
 626 0228 F8020000 		.4byte	0x2f8
 627 022c 0C       		.uleb128 0xc
 628 022d 01       		.uleb128 0x1
 629 022e 50       		.byte	0x50
 630 022f 01       		.uleb128 0x1
 631 0230 31       		.byte	0x31
 632 0231 0C       		.uleb128 0xc
 633 0232 01       		.uleb128 0x1
 634 0233 51       		.byte	0x51
 635 0234 01       		.uleb128 0x1
 636 0235 30       		.byte	0x30
 637 0236 0C       		.uleb128 0xc
 638 0237 02       		.uleb128 0x2
 639 0238 7D       		.byte	0x7d
 640 0239 00       		.sleb128 0
 641 023a 01       		.uleb128 0x1
 642 023b 31       		.byte	0x31
 643 023c 00       		.byte	0
 644 023d 00       		.byte	0
 645 023e 0E       		.uleb128 0xe
 646 023f 2B010000 		.4byte	.LASF24
 647 0243 05       		.byte	0x5
 648 0244 9606     		.2byte	0x696
 649 0246 4A020000 		.4byte	0x24a
 650 024a 0F       		.uleb128 0xf
ARM GAS  C:\Users\allu9\AppData\Local\Temp\ccNwnQ2h.s 			page 14


 651 024b 8C000000 		.4byte	0x8c
 652 024f 10       		.uleb128 0x10
 653 0250 D3010000 		.4byte	.LASF25
 654 0254 04       		.byte	0x4
 655 0255 1D       		.byte	0x1d
 656 0256 BA000000 		.4byte	0xba
 657 025a 05       		.uleb128 0x5
 658 025b 03       		.byte	0x3
 659 025c 00000000 		.4byte	threshold
 660 0260 11       		.uleb128 0x11
 661 0261 64697200 		.ascii	"dir\000"
 662 0265 01       		.byte	0x1
 663 0266 09       		.byte	0x9
 664 0267 73000000 		.4byte	0x73
 665 026b 05       		.uleb128 0x5
 666 026c 03       		.byte	0x3
 667 026d 00000000 		.4byte	dir
 668 0271 11       		.uleb128 0x11
 669 0272 6D617800 		.ascii	"max\000"
 670 0276 01       		.byte	0x1
 671 0277 0B       		.byte	0xb
 672 0278 73000000 		.4byte	0x73
 673 027c 05       		.uleb128 0x5
 674 027d 03       		.byte	0x3
 675 027e 00000000 		.4byte	max
 676 0282 10       		.uleb128 0x10
 677 0283 26000000 		.4byte	.LASF26
 678 0287 01       		.byte	0x1
 679 0288 0C       		.byte	0xc
 680 0289 9E000000 		.4byte	0x9e
 681 028d 05       		.uleb128 0x5
 682 028e 03       		.byte	0x3
 683 028f 00000000 		.4byte	mKorjaus
 684 0293 10       		.uleb128 0x10
 685 0294 F8010000 		.4byte	.LASF27
 686 0298 01       		.byte	0x1
 687 0299 0D       		.byte	0xd
 688 029a 9E000000 		.4byte	0x9e
 689 029e 05       		.uleb128 0x5
 690 029f 03       		.byte	0x3
 691 02a0 00000000 		.4byte	korjaus
 692 02a4 10       		.uleb128 0x10
 693 02a5 FD000000 		.4byte	.LASF28
 694 02a9 01       		.byte	0x1
 695 02aa 0E       		.byte	0xe
 696 02ab 73000000 		.4byte	0x73
 697 02af 05       		.uleb128 0x5
 698 02b0 03       		.byte	0x3
 699 02b1 00000000 		.4byte	laskuRaja
 700 02b5 10       		.uleb128 0x10
 701 02b6 38010000 		.4byte	.LASF29
 702 02ba 01       		.byte	0x1
 703 02bb 10       		.byte	0x10
 704 02bc 73000000 		.4byte	0x73
 705 02c0 05       		.uleb128 0x5
 706 02c1 03       		.byte	0x3
 707 02c2 00000000 		.4byte	sharp
ARM GAS  C:\Users\allu9\AppData\Local\Temp\ccNwnQ2h.s 			page 15


 708 02c6 10       		.uleb128 0x10
 709 02c7 7E010000 		.4byte	.LASF30
 710 02cb 01       		.byte	0x1
 711 02cc 11       		.byte	0x11
 712 02cd 73000000 		.4byte	0x73
 713 02d1 05       		.uleb128 0x5
 714 02d2 03       		.byte	0x3
 715 02d3 00000000 		.4byte	fuckup
 716 02d7 12       		.uleb128 0x12
 717 02d8 A4010000 		.4byte	.LASF31
 718 02dc A4010000 		.4byte	.LASF31
 719 02e0 06       		.byte	0x6
 720 02e1 26       		.byte	0x26
 721 02e2 12       		.uleb128 0x12
 722 02e3 EF000000 		.4byte	.LASF32
 723 02e7 EF000000 		.4byte	.LASF32
 724 02eb 07       		.byte	0x7
 725 02ec 0F       		.byte	0xf
 726 02ed 12       		.uleb128 0x12
 727 02ee 73010000 		.4byte	.LASF33
 728 02f2 73010000 		.4byte	.LASF33
 729 02f6 07       		.byte	0x7
 730 02f7 12       		.byte	0x12
 731 02f8 12       		.uleb128 0x12
 732 02f9 3E010000 		.4byte	.LASF34
 733 02fd 3E010000 		.4byte	.LASF34
 734 0301 07       		.byte	0x7
 735 0302 15       		.byte	0x15
 736 0303 00       		.byte	0
 737              		.section	.debug_abbrev,"",%progbits
 738              	.Ldebug_abbrev0:
 739 0000 01       		.uleb128 0x1
 740 0001 11       		.uleb128 0x11
 741 0002 01       		.byte	0x1
 742 0003 25       		.uleb128 0x25
 743 0004 0E       		.uleb128 0xe
 744 0005 13       		.uleb128 0x13
 745 0006 0B       		.uleb128 0xb
 746 0007 03       		.uleb128 0x3
 747 0008 0E       		.uleb128 0xe
 748 0009 1B       		.uleb128 0x1b
 749 000a 0E       		.uleb128 0xe
 750 000b 55       		.uleb128 0x55
 751 000c 17       		.uleb128 0x17
 752 000d 11       		.uleb128 0x11
 753 000e 01       		.uleb128 0x1
 754 000f 10       		.uleb128 0x10
 755 0010 17       		.uleb128 0x17
 756 0011 00       		.byte	0
 757 0012 00       		.byte	0
 758 0013 02       		.uleb128 0x2
 759 0014 24       		.uleb128 0x24
 760 0015 00       		.byte	0
 761 0016 0B       		.uleb128 0xb
 762 0017 0B       		.uleb128 0xb
 763 0018 3E       		.uleb128 0x3e
 764 0019 0B       		.uleb128 0xb
ARM GAS  C:\Users\allu9\AppData\Local\Temp\ccNwnQ2h.s 			page 16


 765 001a 03       		.uleb128 0x3
 766 001b 0E       		.uleb128 0xe
 767 001c 00       		.byte	0
 768 001d 00       		.byte	0
 769 001e 03       		.uleb128 0x3
 770 001f 16       		.uleb128 0x16
 771 0020 00       		.byte	0
 772 0021 03       		.uleb128 0x3
 773 0022 0E       		.uleb128 0xe
 774 0023 3A       		.uleb128 0x3a
 775 0024 0B       		.uleb128 0xb
 776 0025 3B       		.uleb128 0x3b
 777 0026 0B       		.uleb128 0xb
 778 0027 49       		.uleb128 0x49
 779 0028 13       		.uleb128 0x13
 780 0029 00       		.byte	0
 781 002a 00       		.byte	0
 782 002b 04       		.uleb128 0x4
 783 002c 24       		.uleb128 0x24
 784 002d 00       		.byte	0
 785 002e 0B       		.uleb128 0xb
 786 002f 0B       		.uleb128 0xb
 787 0030 3E       		.uleb128 0x3e
 788 0031 0B       		.uleb128 0xb
 789 0032 03       		.uleb128 0x3
 790 0033 08       		.uleb128 0x8
 791 0034 00       		.byte	0
 792 0035 00       		.byte	0
 793 0036 05       		.uleb128 0x5
 794 0037 13       		.uleb128 0x13
 795 0038 01       		.byte	0x1
 796 0039 03       		.uleb128 0x3
 797 003a 0E       		.uleb128 0xe
 798 003b 0B       		.uleb128 0xb
 799 003c 0B       		.uleb128 0xb
 800 003d 3A       		.uleb128 0x3a
 801 003e 0B       		.uleb128 0xb
 802 003f 3B       		.uleb128 0x3b
 803 0040 0B       		.uleb128 0xb
 804 0041 01       		.uleb128 0x1
 805 0042 13       		.uleb128 0x13
 806 0043 00       		.byte	0
 807 0044 00       		.byte	0
 808 0045 06       		.uleb128 0x6
 809 0046 0D       		.uleb128 0xd
 810 0047 00       		.byte	0
 811 0048 03       		.uleb128 0x3
 812 0049 08       		.uleb128 0x8
 813 004a 3A       		.uleb128 0x3a
 814 004b 0B       		.uleb128 0xb
 815 004c 3B       		.uleb128 0x3b
 816 004d 0B       		.uleb128 0xb
 817 004e 49       		.uleb128 0x49
 818 004f 13       		.uleb128 0x13
 819 0050 38       		.uleb128 0x38
 820 0051 0B       		.uleb128 0xb
 821 0052 00       		.byte	0
ARM GAS  C:\Users\allu9\AppData\Local\Temp\ccNwnQ2h.s 			page 17


 822 0053 00       		.byte	0
 823 0054 07       		.uleb128 0x7
 824 0055 2E       		.uleb128 0x2e
 825 0056 01       		.byte	0x1
 826 0057 3F       		.uleb128 0x3f
 827 0058 19       		.uleb128 0x19
 828 0059 03       		.uleb128 0x3
 829 005a 0E       		.uleb128 0xe
 830 005b 3A       		.uleb128 0x3a
 831 005c 0B       		.uleb128 0xb
 832 005d 3B       		.uleb128 0x3b
 833 005e 0B       		.uleb128 0xb
 834 005f 27       		.uleb128 0x27
 835 0060 19       		.uleb128 0x19
 836 0061 11       		.uleb128 0x11
 837 0062 01       		.uleb128 0x1
 838 0063 12       		.uleb128 0x12
 839 0064 06       		.uleb128 0x6
 840 0065 40       		.uleb128 0x40
 841 0066 18       		.uleb128 0x18
 842 0067 9642     		.uleb128 0x2116
 843 0069 19       		.uleb128 0x19
 844 006a 01       		.uleb128 0x1
 845 006b 13       		.uleb128 0x13
 846 006c 00       		.byte	0
 847 006d 00       		.byte	0
 848 006e 08       		.uleb128 0x8
 849 006f 05       		.uleb128 0x5
 850 0070 00       		.byte	0
 851 0071 03       		.uleb128 0x3
 852 0072 08       		.uleb128 0x8
 853 0073 3A       		.uleb128 0x3a
 854 0074 0B       		.uleb128 0xb
 855 0075 3B       		.uleb128 0x3b
 856 0076 0B       		.uleb128 0xb
 857 0077 49       		.uleb128 0x49
 858 0078 13       		.uleb128 0x13
 859 0079 02       		.uleb128 0x2
 860 007a 17       		.uleb128 0x17
 861 007b 00       		.byte	0
 862 007c 00       		.byte	0
 863 007d 09       		.uleb128 0x9
 864 007e 05       		.uleb128 0x5
 865 007f 00       		.byte	0
 866 0080 03       		.uleb128 0x3
 867 0081 0E       		.uleb128 0xe
 868 0082 3A       		.uleb128 0x3a
 869 0083 0B       		.uleb128 0xb
 870 0084 3B       		.uleb128 0x3b
 871 0085 0B       		.uleb128 0xb
 872 0086 49       		.uleb128 0x49
 873 0087 13       		.uleb128 0x13
 874 0088 02       		.uleb128 0x2
 875 0089 17       		.uleb128 0x17
 876 008a 00       		.byte	0
 877 008b 00       		.byte	0
 878 008c 0A       		.uleb128 0xa
ARM GAS  C:\Users\allu9\AppData\Local\Temp\ccNwnQ2h.s 			page 18


 879 008d 34       		.uleb128 0x34
 880 008e 00       		.byte	0
 881 008f 03       		.uleb128 0x3
 882 0090 0E       		.uleb128 0xe
 883 0091 3A       		.uleb128 0x3a
 884 0092 0B       		.uleb128 0xb
 885 0093 3B       		.uleb128 0x3b
 886 0094 0B       		.uleb128 0xb
 887 0095 49       		.uleb128 0x49
 888 0096 13       		.uleb128 0x13
 889 0097 02       		.uleb128 0x2
 890 0098 17       		.uleb128 0x17
 891 0099 00       		.byte	0
 892 009a 00       		.byte	0
 893 009b 0B       		.uleb128 0xb
 894 009c 898201   		.uleb128 0x4109
 895 009f 01       		.byte	0x1
 896 00a0 11       		.uleb128 0x11
 897 00a1 01       		.uleb128 0x1
 898 00a2 31       		.uleb128 0x31
 899 00a3 13       		.uleb128 0x13
 900 00a4 01       		.uleb128 0x1
 901 00a5 13       		.uleb128 0x13
 902 00a6 00       		.byte	0
 903 00a7 00       		.byte	0
 904 00a8 0C       		.uleb128 0xc
 905 00a9 8A8201   		.uleb128 0x410a
 906 00ac 00       		.byte	0
 907 00ad 02       		.uleb128 0x2
 908 00ae 18       		.uleb128 0x18
 909 00af 9142     		.uleb128 0x2111
 910 00b1 18       		.uleb128 0x18
 911 00b2 00       		.byte	0
 912 00b3 00       		.byte	0
 913 00b4 0D       		.uleb128 0xd
 914 00b5 898201   		.uleb128 0x4109
 915 00b8 01       		.byte	0x1
 916 00b9 11       		.uleb128 0x11
 917 00ba 01       		.uleb128 0x1
 918 00bb 31       		.uleb128 0x31
 919 00bc 13       		.uleb128 0x13
 920 00bd 00       		.byte	0
 921 00be 00       		.byte	0
 922 00bf 0E       		.uleb128 0xe
 923 00c0 34       		.uleb128 0x34
 924 00c1 00       		.byte	0
 925 00c2 03       		.uleb128 0x3
 926 00c3 0E       		.uleb128 0xe
 927 00c4 3A       		.uleb128 0x3a
 928 00c5 0B       		.uleb128 0xb
 929 00c6 3B       		.uleb128 0x3b
 930 00c7 05       		.uleb128 0x5
 931 00c8 49       		.uleb128 0x49
 932 00c9 13       		.uleb128 0x13
 933 00ca 3F       		.uleb128 0x3f
 934 00cb 19       		.uleb128 0x19
 935 00cc 3C       		.uleb128 0x3c
ARM GAS  C:\Users\allu9\AppData\Local\Temp\ccNwnQ2h.s 			page 19


 936 00cd 19       		.uleb128 0x19
 937 00ce 00       		.byte	0
 938 00cf 00       		.byte	0
 939 00d0 0F       		.uleb128 0xf
 940 00d1 35       		.uleb128 0x35
 941 00d2 00       		.byte	0
 942 00d3 49       		.uleb128 0x49
 943 00d4 13       		.uleb128 0x13
 944 00d5 00       		.byte	0
 945 00d6 00       		.byte	0
 946 00d7 10       		.uleb128 0x10
 947 00d8 34       		.uleb128 0x34
 948 00d9 00       		.byte	0
 949 00da 03       		.uleb128 0x3
 950 00db 0E       		.uleb128 0xe
 951 00dc 3A       		.uleb128 0x3a
 952 00dd 0B       		.uleb128 0xb
 953 00de 3B       		.uleb128 0x3b
 954 00df 0B       		.uleb128 0xb
 955 00e0 49       		.uleb128 0x49
 956 00e1 13       		.uleb128 0x13
 957 00e2 3F       		.uleb128 0x3f
 958 00e3 19       		.uleb128 0x19
 959 00e4 02       		.uleb128 0x2
 960 00e5 18       		.uleb128 0x18
 961 00e6 00       		.byte	0
 962 00e7 00       		.byte	0
 963 00e8 11       		.uleb128 0x11
 964 00e9 34       		.uleb128 0x34
 965 00ea 00       		.byte	0
 966 00eb 03       		.uleb128 0x3
 967 00ec 08       		.uleb128 0x8
 968 00ed 3A       		.uleb128 0x3a
 969 00ee 0B       		.uleb128 0xb
 970 00ef 3B       		.uleb128 0x3b
 971 00f0 0B       		.uleb128 0xb
 972 00f1 49       		.uleb128 0x49
 973 00f2 13       		.uleb128 0x13
 974 00f3 3F       		.uleb128 0x3f
 975 00f4 19       		.uleb128 0x19
 976 00f5 02       		.uleb128 0x2
 977 00f6 18       		.uleb128 0x18
 978 00f7 00       		.byte	0
 979 00f8 00       		.byte	0
 980 00f9 12       		.uleb128 0x12
 981 00fa 2E       		.uleb128 0x2e
 982 00fb 00       		.byte	0
 983 00fc 3F       		.uleb128 0x3f
 984 00fd 19       		.uleb128 0x19
 985 00fe 3C       		.uleb128 0x3c
 986 00ff 19       		.uleb128 0x19
 987 0100 6E       		.uleb128 0x6e
 988 0101 0E       		.uleb128 0xe
 989 0102 03       		.uleb128 0x3
 990 0103 0E       		.uleb128 0xe
 991 0104 3A       		.uleb128 0x3a
 992 0105 0B       		.uleb128 0xb
ARM GAS  C:\Users\allu9\AppData\Local\Temp\ccNwnQ2h.s 			page 20


 993 0106 3B       		.uleb128 0x3b
 994 0107 0B       		.uleb128 0xb
 995 0108 00       		.byte	0
 996 0109 00       		.byte	0
 997 010a 00       		.byte	0
 998              		.section	.debug_loc,"",%progbits
 999              	.Ldebug_loc0:
 1000              	.LLST0:
 1001 0000 00000000 		.4byte	.LVL0
 1002 0004 0C000000 		.4byte	.LVL1
 1003 0008 0100     		.2byte	0x1
 1004 000a 50       		.byte	0x50
 1005 000b 0C000000 		.4byte	.LVL1
 1006 000f AC010000 		.4byte	.LFE63
 1007 0013 0400     		.2byte	0x4
 1008 0015 F3       		.byte	0xf3
 1009 0016 01       		.uleb128 0x1
 1010 0017 50       		.byte	0x50
 1011 0018 9F       		.byte	0x9f
 1012 0019 00000000 		.4byte	0
 1013 001d 00000000 		.4byte	0
 1014              	.LLST1:
 1015 0021 00000000 		.4byte	.LVL0
 1016 0025 14000000 		.4byte	.LVL2
 1017 0029 0100     		.2byte	0x1
 1018 002b 51       		.byte	0x51
 1019 002c 14000000 		.4byte	.LVL2
 1020 0030 2C000000 		.4byte	.LVL6
 1021 0034 0100     		.2byte	0x1
 1022 0036 54       		.byte	0x54
 1023 0037 00000000 		.4byte	0
 1024 003b 00000000 		.4byte	0
 1025              	.LLST2:
 1026 003f 00000000 		.4byte	.LVL0
 1027 0043 1C000000 		.4byte	.LVL3
 1028 0047 0100     		.2byte	0x1
 1029 0049 52       		.byte	0x52
 1030 004a 1C000000 		.4byte	.LVL3
 1031 004e 21000000 		.4byte	.LVL4-1
 1032 0052 0100     		.2byte	0x1
 1033 0054 52       		.byte	0x52
 1034 0055 00000000 		.4byte	0
 1035 0059 00000000 		.4byte	0
 1036              	.LLST3:
 1037 005d 00000000 		.4byte	.LVL0
 1038 0061 21000000 		.4byte	.LVL4-1
 1039 0065 0100     		.2byte	0x1
 1040 0067 53       		.byte	0x53
 1041 0068 21000000 		.4byte	.LVL4-1
 1042 006c AC010000 		.4byte	.LFE63
 1043 0070 0400     		.2byte	0x4
 1044 0072 F3       		.byte	0xf3
 1045 0073 01       		.uleb128 0x1
 1046 0074 53       		.byte	0x53
 1047 0075 9F       		.byte	0x9f
 1048 0076 00000000 		.4byte	0
 1049 007a 00000000 		.4byte	0
ARM GAS  C:\Users\allu9\AppData\Local\Temp\ccNwnQ2h.s 			page 21


 1050              	.LLST4:
 1051 007e 00000000 		.4byte	.LVL0
 1052 0082 8A010000 		.4byte	.LVL44
 1053 0086 0200     		.2byte	0x2
 1054 0088 91       		.byte	0x91
 1055 0089 00       		.sleb128 0
 1056 008a 8A010000 		.4byte	.LVL44
 1057 008e AC010000 		.4byte	.LFE63
 1058 0092 0200     		.2byte	0x2
 1059 0094 7D       		.byte	0x7d
 1060 0095 00       		.sleb128 0
 1061 0096 00000000 		.4byte	0
 1062 009a 00000000 		.4byte	0
 1063              	.LLST5:
 1064 009e 00000000 		.4byte	.LVL0
 1065 00a2 8A010000 		.4byte	.LVL44
 1066 00a6 0200     		.2byte	0x2
 1067 00a8 91       		.byte	0x91
 1068 00a9 04       		.sleb128 4
 1069 00aa 8A010000 		.4byte	.LVL44
 1070 00ae AC010000 		.4byte	.LFE63
 1071 00b2 0200     		.2byte	0x2
 1072 00b4 7D       		.byte	0x7d
 1073 00b5 04       		.sleb128 4
 1074 00b6 00000000 		.4byte	0
 1075 00ba 00000000 		.4byte	0
 1076              	.LLST6:
 1077 00be 36000000 		.4byte	.LVL8
 1078 00c2 3A000000 		.4byte	.LVL9
 1079 00c6 0100     		.2byte	0x1
 1080 00c8 50       		.byte	0x50
 1081 00c9 3A000000 		.4byte	.LVL9
 1082 00cd 6C000000 		.4byte	.LVL18
 1083 00d1 0100     		.2byte	0x1
 1084 00d3 58       		.byte	0x58
 1085 00d4 00000000 		.4byte	0
 1086 00d8 00000000 		.4byte	0
 1087              	.LLST7:
 1088 00dc 40000000 		.4byte	.LVL11
 1089 00e0 44000000 		.4byte	.LVL12
 1090 00e4 0100     		.2byte	0x1
 1091 00e6 50       		.byte	0x50
 1092 00e7 44000000 		.4byte	.LVL12
 1093 00eb 86000000 		.4byte	.LVL24
 1094 00ef 0100     		.2byte	0x1
 1095 00f1 57       		.byte	0x57
 1096 00f2 00000000 		.4byte	0
 1097 00f6 00000000 		.4byte	0
 1098              	.LLST8:
 1099 00fa 6C000000 		.4byte	.LVL18
 1100 00fe 70000000 		.4byte	.LVL19
 1101 0102 0100     		.2byte	0x1
 1102 0104 50       		.byte	0x50
 1103 0105 70000000 		.4byte	.LVL19
 1104 0109 8A010000 		.4byte	.LVL44
 1105 010d 0100     		.2byte	0x1
 1106 010f 58       		.byte	0x58
ARM GAS  C:\Users\allu9\AppData\Local\Temp\ccNwnQ2h.s 			page 22


 1107 0110 00000000 		.4byte	0
 1108 0114 00000000 		.4byte	0
 1109              	.LLST9:
 1110 0118 86000000 		.4byte	.LVL24
 1111 011c 88000000 		.4byte	.LVL25
 1112 0120 0100     		.2byte	0x1
 1113 0122 50       		.byte	0x50
 1114 0123 88000000 		.4byte	.LVL25
 1115 0127 8A010000 		.4byte	.LVL44
 1116 012b 0100     		.2byte	0x1
 1117 012d 57       		.byte	0x57
 1118 012e 00000000 		.4byte	0
 1119 0132 00000000 		.4byte	0
 1120              		.section	.debug_aranges,"",%progbits
 1121 0000 1C000000 		.4byte	0x1c
 1122 0004 0200     		.2byte	0x2
 1123 0006 00000000 		.4byte	.Ldebug_info0
 1124 000a 04       		.byte	0x4
 1125 000b 00       		.byte	0
 1126 000c 0000     		.2byte	0
 1127 000e 0000     		.2byte	0
 1128 0010 00000000 		.4byte	.LFB63
 1129 0014 AC010000 		.4byte	.LFE63-.LFB63
 1130 0018 00000000 		.4byte	0
 1131 001c 00000000 		.4byte	0
 1132              		.section	.debug_ranges,"",%progbits
 1133              	.Ldebug_ranges0:
 1134 0000 00000000 		.4byte	.LFB63
 1135 0004 AC010000 		.4byte	.LFE63
 1136 0008 00000000 		.4byte	0
 1137 000c 00000000 		.4byte	0
 1138              		.section	.debug_line,"",%progbits
 1139              	.Ldebug_line0:
 1140 0000 B9010000 		.section	.debug_str,"MS",%progbits,1
 1140      02007A01 
 1140      00000201 
 1140      FB0E0D00 
 1140      01010101 
 1141              	.LASF38:
 1142 0000 73656E73 		.ascii	"sensors_\000"
 1142      6F72735F 
 1142      00
 1143              	.LASF5:
 1144 0009 5F5F696E 		.ascii	"__int32_t\000"
 1144      7433325F 
 1144      7400
 1145              	.LASF23:
 1146 0013 72696768 		.ascii	"righhM\000"
 1146      684D00
 1147              	.LASF14:
 1148 001a 646F7562 		.ascii	"double\000"
 1148      6C6500
 1149              	.LASF18:
 1150 0021 6C56616C 		.ascii	"lVal\000"
 1150      00
 1151              	.LASF26:
 1152 0026 6D4B6F72 		.ascii	"mKorjaus\000"
ARM GAS  C:\Users\allu9\AppData\Local\Temp\ccNwnQ2h.s 			page 23


 1152      6A617573 
 1152      00
 1153              	.LASF13:
 1154 002f 666C6F61 		.ascii	"float\000"
 1154      7400
 1155              	.LASF1:
 1156 0035 756E7369 		.ascii	"unsigned char\000"
 1156      676E6564 
 1156      20636861 
 1156      7200
 1157              	.LASF35:
 1158 0043 474E5520 		.ascii	"GNU C11 5.4.1 20160609 (release) [ARM/embedded-5-br"
 1158      43313120 
 1158      352E342E 
 1158      31203230 
 1158      31363036 
 1159 0076 616E6368 		.ascii	"anch revision 237715] -mcpu=cortex-m3 -mthumb -g -O"
 1159      20726576 
 1159      6973696F 
 1159      6E203233 
 1159      37373135 
 1160 00a9 67202D66 		.ascii	"g -ffunction-sections -ffat-lto-objects\000"
 1160      66756E63 
 1160      74696F6E 
 1160      2D736563 
 1160      74696F6E 
 1161              	.LASF39:
 1162 00d1 44726976 		.ascii	"Drive\000"
 1162      6500
 1163              	.LASF3:
 1164 00d7 73686F72 		.ascii	"short unsigned int\000"
 1164      7420756E 
 1164      7369676E 
 1164      65642069 
 1164      6E7400
 1165              	.LASF19:
 1166 00ea 7256616C 		.ascii	"rVal\000"
 1166      00
 1167              	.LASF32:
 1168 00ef 6D6F746F 		.ascii	"motor_forward\000"
 1168      725F666F 
 1168      72776172 
 1168      6400
 1169              	.LASF28:
 1170 00fd 6C61736B 		.ascii	"laskuRaja\000"
 1170      7552616A 
 1170      6100
 1171              	.LASF4:
 1172 0107 5F5F7569 		.ascii	"__uint16_t\000"
 1172      6E743136 
 1172      5F7400
 1173              	.LASF7:
 1174 0112 6C6F6E67 		.ascii	"long unsigned int\000"
 1174      20756E73 
 1174      69676E65 
 1174      6420696E 
 1174      7400
ARM GAS  C:\Users\allu9\AppData\Local\Temp\ccNwnQ2h.s 			page 24


 1175              	.LASF21:
 1176 0124 72696768 		.ascii	"rightR\000"
 1176      745200
 1177              	.LASF24:
 1178 012b 49544D5F 		.ascii	"ITM_RxBuffer\000"
 1178      52784275 
 1178      66666572 
 1178      00
 1179              	.LASF29:
 1180 0138 73686172 		.ascii	"sharp\000"
 1180      7000
 1181              	.LASF34:
 1182 013e 6D6F746F 		.ascii	"motor_sharp_turn\000"
 1182      725F7368 
 1182      6172705F 
 1182      7475726E 
 1182      00
 1183              	.LASF10:
 1184 014f 756E7369 		.ascii	"unsigned int\000"
 1184      676E6564 
 1184      20696E74 
 1184      00
 1185              	.LASF9:
 1186 015c 6C6F6E67 		.ascii	"long long unsigned int\000"
 1186      206C6F6E 
 1186      6720756E 
 1186      7369676E 
 1186      65642069 
 1187              	.LASF33:
 1188 0173 6D6F746F 		.ascii	"motor_turn\000"
 1188      725F7475 
 1188      726E00
 1189              	.LASF30:
 1190 017e 6675636B 		.ascii	"fuckup\000"
 1190      757000
 1191              	.LASF12:
 1192 0185 696E7433 		.ascii	"int32_t\000"
 1192      325F7400 
 1193              	.LASF17:
 1194 018d 73697A65 		.ascii	"sizetype\000"
 1194      74797065 
 1194      00
 1195              	.LASF8:
 1196 0196 6C6F6E67 		.ascii	"long long int\000"
 1196      206C6F6E 
 1196      6720696E 
 1196      7400
 1197              	.LASF31:
 1198 01a4 42617474 		.ascii	"BatteryLed_Write\000"
 1198      6572794C 
 1198      65645F57 
 1198      72697465 
 1198      00
 1199              	.LASF15:
 1200 01b5 63686172 		.ascii	"char\000"
 1200      00
 1201              	.LASF2:
ARM GAS  C:\Users\allu9\AppData\Local\Temp\ccNwnQ2h.s 			page 25


 1202 01ba 73686F72 		.ascii	"short int\000"
 1202      7420696E 
 1202      7400
 1203              	.LASF11:
 1204 01c4 75696E74 		.ascii	"uint16_t\000"
 1204      31365F74 
 1204      00
 1205              	.LASF22:
 1206 01cd 6C656674 		.ascii	"leftM\000"
 1206      4D00
 1207              	.LASF25:
 1208 01d3 74687265 		.ascii	"threshold\000"
 1208      73686F6C 
 1208      6400
 1209              	.LASF6:
 1210 01dd 6C6F6E67 		.ascii	"long int\000"
 1210      20696E74 
 1210      00
 1211              	.LASF20:
 1212 01e6 6C656674 		.ascii	"leftR\000"
 1212      5200
 1213              	.LASF16:
 1214 01ec 6C6F6E67 		.ascii	"long double\000"
 1214      20646F75 
 1214      626C6500 
 1215              	.LASF27:
 1216 01f8 6B6F726A 		.ascii	"korjaus\000"
 1216      61757300 
 1217              	.LASF0:
 1218 0200 7369676E 		.ascii	"signed char\000"
 1218      65642063 
 1218      68617200 
 1219              	.LASF37:
 1220 020c 433A5C55 		.ascii	"C:\\Users\\allu9\\Tuomo\\ZumoTUOMO\\ZumoBot.cydsn\000"
 1220      73657273 
 1220      5C616C6C 
 1220      75395C54 
 1220      756F6D6F 
 1221              	.LASF36:
 1222 0239 44726976 		.ascii	"Drive.c\000"
 1222      652E6300 
 1223              		.ident	"GCC: (GNU Tools for ARM Embedded Processors) 5.4.1 20160609 (release) [ARM/embedded-5-bran
