ARM GAS  C:\Users\allu9\AppData\Local\Temp\ccXNovjc.s 			page 1


   1              		.syntax unified
   2              		.cpu cortex-m3
   3              		.fpu softvfp
   4              		.eabi_attribute 20, 1
   5              		.eabi_attribute 21, 1
   6              		.eabi_attribute 23, 3
   7              		.eabi_attribute 24, 1
   8              		.eabi_attribute 25, 1
   9              		.eabi_attribute 26, 1
  10              		.eabi_attribute 30, 1
  11              		.eabi_attribute 34, 1
  12              		.eabi_attribute 18, 4
  13              		.thumb
  14              		.syntax unified
  15              		.file	"Motor.c"
  16              		.text
  17              	.Ltext0:
  18              		.cfi_sections	.debug_frame
  19              		.section	.text.motor_start,"ax",%progbits
  20              		.align	2
  21              		.global	motor_start
  22              		.thumb
  23              		.thumb_func
  24              		.type	motor_start, %function
  25              	motor_start:
  26              	.LFB63:
  27              		.file 1 "ZumoLibrary\\Motor.c"
   1:ZumoLibrary/Motor.c **** /**
   2:ZumoLibrary/Motor.c ****  * @file    Motor.c
   3:ZumoLibrary/Motor.c ****  * @brief   Basic methods for operating motor sensor. For more details, please refer to Motor.h fil
   4:ZumoLibrary/Motor.c ****  * @details included in Zumo shield
   5:ZumoLibrary/Motor.c **** */
   6:ZumoLibrary/Motor.c **** #include "Motor.h"
   7:ZumoLibrary/Motor.c **** 
   8:ZumoLibrary/Motor.c **** 
   9:ZumoLibrary/Motor.c **** /**
  10:ZumoLibrary/Motor.c **** * @brief    Starting motor sensors
  11:ZumoLibrary/Motor.c **** * @details  
  12:ZumoLibrary/Motor.c **** */
  13:ZumoLibrary/Motor.c **** void motor_start()
  14:ZumoLibrary/Motor.c **** {
  28              		.loc 1 14 0
  29              		.cfi_startproc
  30              		@ args = 0, pretend = 0, frame = 0
  31              		@ frame_needed = 0, uses_anonymous_args = 0
  32 0000 08B5     		push	{r3, lr}
  33              		.cfi_def_cfa_offset 8
  34              		.cfi_offset 3, -8
  35              		.cfi_offset 14, -4
  15:ZumoLibrary/Motor.c ****     PWM_Start();
  36              		.loc 1 15 0
  37 0002 FFF7FEFF 		bl	PWM_Start
  38              	.LVL0:
  39 0006 08BD     		pop	{r3, pc}
  40              		.cfi_endproc
  41              	.LFE63:
  42              		.size	motor_start, .-motor_start
ARM GAS  C:\Users\allu9\AppData\Local\Temp\ccXNovjc.s 			page 2


  43              		.section	.text.motor_stop,"ax",%progbits
  44              		.align	2
  45              		.global	motor_stop
  46              		.thumb
  47              		.thumb_func
  48              		.type	motor_stop, %function
  49              	motor_stop:
  50              	.LFB64:
  16:ZumoLibrary/Motor.c **** }
  17:ZumoLibrary/Motor.c **** 
  18:ZumoLibrary/Motor.c **** 
  19:ZumoLibrary/Motor.c **** /**
  20:ZumoLibrary/Motor.c **** * @brief    Stopping motor sensors
  21:ZumoLibrary/Motor.c **** * @details
  22:ZumoLibrary/Motor.c **** */
  23:ZumoLibrary/Motor.c **** void motor_stop()
  24:ZumoLibrary/Motor.c **** {
  51              		.loc 1 24 0
  52              		.cfi_startproc
  53              		@ args = 0, pretend = 0, frame = 0
  54              		@ frame_needed = 0, uses_anonymous_args = 0
  55 0000 08B5     		push	{r3, lr}
  56              		.cfi_def_cfa_offset 8
  57              		.cfi_offset 3, -8
  58              		.cfi_offset 14, -4
  25:ZumoLibrary/Motor.c ****     PWM_Stop();
  59              		.loc 1 25 0
  60 0002 FFF7FEFF 		bl	PWM_Stop
  61              	.LVL1:
  62 0006 08BD     		pop	{r3, pc}
  63              		.cfi_endproc
  64              	.LFE64:
  65              		.size	motor_stop, .-motor_stop
  66              		.section	.text.motor_forward,"ax",%progbits
  67              		.align	2
  68              		.global	motor_forward
  69              		.thumb
  70              		.thumb_func
  71              		.type	motor_forward, %function
  72              	motor_forward:
  73              	.LFB65:
  26:ZumoLibrary/Motor.c **** }
  27:ZumoLibrary/Motor.c **** 
  28:ZumoLibrary/Motor.c **** 
  29:ZumoLibrary/Motor.c **** /**
  30:ZumoLibrary/Motor.c **** * @brief    Moving motors forward
  31:ZumoLibrary/Motor.c **** * @details  giveing same speed to each side of PWM to make motors go forward
  32:ZumoLibrary/Motor.c **** * @param    uint8 speed : speed value
  33:ZumoLibrary/Motor.c **** * @param    uint32 delay : delay time
  34:ZumoLibrary/Motor.c **** */
  35:ZumoLibrary/Motor.c **** void motor_forward(uint8 speed,uint32 delay)
  36:ZumoLibrary/Motor.c **** {
  74              		.loc 1 36 0
  75              		.cfi_startproc
  76              		@ args = 0, pretend = 0, frame = 0
  77              		@ frame_needed = 0, uses_anonymous_args = 0
  78              	.LVL2:
ARM GAS  C:\Users\allu9\AppData\Local\Temp\ccXNovjc.s 			page 3


  79 0000 38B5     		push	{r3, r4, r5, lr}
  80              		.cfi_def_cfa_offset 16
  81              		.cfi_offset 3, -16
  82              		.cfi_offset 4, -12
  83              		.cfi_offset 5, -8
  84              		.cfi_offset 14, -4
  85 0002 0446     		mov	r4, r0
  86 0004 0D46     		mov	r5, r1
  37:ZumoLibrary/Motor.c ****     MotorDirLeft_Write(0);      // set LeftMotor forward mode
  87              		.loc 1 37 0
  88 0006 0020     		movs	r0, #0
  89              	.LVL3:
  90 0008 FFF7FEFF 		bl	MotorDirLeft_Write
  91              	.LVL4:
  38:ZumoLibrary/Motor.c ****     MotorDirRight_Write(0);     // set RightMotor forward mode
  92              		.loc 1 38 0
  93 000c 0020     		movs	r0, #0
  94 000e FFF7FEFF 		bl	MotorDirRight_Write
  95              	.LVL5:
  39:ZumoLibrary/Motor.c ****     PWM_WriteCompare1(speed); 
  96              		.loc 1 39 0
  97 0012 2046     		mov	r0, r4
  98 0014 FFF7FEFF 		bl	PWM_WriteCompare1
  99              	.LVL6:
  40:ZumoLibrary/Motor.c ****     PWM_WriteCompare2(speed); 
 100              		.loc 1 40 0
 101 0018 2046     		mov	r0, r4
 102 001a FFF7FEFF 		bl	PWM_WriteCompare2
 103              	.LVL7:
  41:ZumoLibrary/Motor.c ****     CyDelay(delay);
 104              		.loc 1 41 0
 105 001e 2846     		mov	r0, r5
 106 0020 FFF7FEFF 		bl	CyDelay
 107              	.LVL8:
 108 0024 38BD     		pop	{r3, r4, r5, pc}
 109              		.cfi_endproc
 110              	.LFE65:
 111              		.size	motor_forward, .-motor_forward
 112 0026 00BF     		.section	.text.motor_turn,"ax",%progbits
 113              		.align	2
 114              		.global	motor_turn
 115              		.thumb
 116              		.thumb_func
 117              		.type	motor_turn, %function
 118              	motor_turn:
 119              	.LFB66:
  42:ZumoLibrary/Motor.c **** }
  43:ZumoLibrary/Motor.c **** 
  44:ZumoLibrary/Motor.c **** 
  45:ZumoLibrary/Motor.c **** /**
  46:ZumoLibrary/Motor.c **** * @brief    Moving motors to make a turn 
  47:ZumoLibrary/Motor.c **** * @details  moving left when l_speed < r_speed or moving right when l_speed > r_speed
  48:ZumoLibrary/Motor.c **** * @param    uint8 l_speed : left motor speed value
  49:ZumoLibrary/Motor.c **** * @param    uint8 r_speed : right motor speed value
  50:ZumoLibrary/Motor.c **** * @param    uint32 delay : delay time
  51:ZumoLibrary/Motor.c **** */
  52:ZumoLibrary/Motor.c **** void motor_turn(uint8 l_speed, uint8 r_speed, uint32 delay)
ARM GAS  C:\Users\allu9\AppData\Local\Temp\ccXNovjc.s 			page 4


  53:ZumoLibrary/Motor.c **** {
 120              		.loc 1 53 0
 121              		.cfi_startproc
 122              		@ args = 0, pretend = 0, frame = 0
 123              		@ frame_needed = 0, uses_anonymous_args = 0
 124              	.LVL9:
 125 0000 70B5     		push	{r4, r5, r6, lr}
 126              		.cfi_def_cfa_offset 16
 127              		.cfi_offset 4, -16
 128              		.cfi_offset 5, -12
 129              		.cfi_offset 6, -8
 130              		.cfi_offset 14, -4
 131 0002 0646     		mov	r6, r0
 132 0004 0D46     		mov	r5, r1
 133 0006 1446     		mov	r4, r2
  54:ZumoLibrary/Motor.c ****     MotorDirLeft_Write(0);      // set LeftMotor forward mode
 134              		.loc 1 54 0
 135 0008 0020     		movs	r0, #0
 136              	.LVL10:
 137 000a FFF7FEFF 		bl	MotorDirLeft_Write
 138              	.LVL11:
  55:ZumoLibrary/Motor.c ****     MotorDirRight_Write(0);     // set RightMotor forward mode
 139              		.loc 1 55 0
 140 000e 0020     		movs	r0, #0
 141 0010 FFF7FEFF 		bl	MotorDirRight_Write
 142              	.LVL12:
  56:ZumoLibrary/Motor.c ****     PWM_WriteCompare1(l_speed); 
 143              		.loc 1 56 0
 144 0014 3046     		mov	r0, r6
 145 0016 FFF7FEFF 		bl	PWM_WriteCompare1
 146              	.LVL13:
  57:ZumoLibrary/Motor.c ****     PWM_WriteCompare2(r_speed); 
 147              		.loc 1 57 0
 148 001a 2846     		mov	r0, r5
 149 001c FFF7FEFF 		bl	PWM_WriteCompare2
 150              	.LVL14:
  58:ZumoLibrary/Motor.c ****     CyDelay(delay);
 151              		.loc 1 58 0
 152 0020 2046     		mov	r0, r4
 153 0022 FFF7FEFF 		bl	CyDelay
 154              	.LVL15:
 155 0026 70BD     		pop	{r4, r5, r6, pc}
 156              		.cfi_endproc
 157              	.LFE66:
 158              		.size	motor_turn, .-motor_turn
 159              		.section	.text.motor_turnb,"ax",%progbits
 160              		.align	2
 161              		.global	motor_turnb
 162              		.thumb
 163              		.thumb_func
 164              		.type	motor_turnb, %function
 165              	motor_turnb:
 166              	.LFB67:
  59:ZumoLibrary/Motor.c **** }
  60:ZumoLibrary/Motor.c **** 
  61:ZumoLibrary/Motor.c **** void motor_turnb(uint8 l_speed, uint8 r_speed, uint32 delay)
  62:ZumoLibrary/Motor.c **** {
ARM GAS  C:\Users\allu9\AppData\Local\Temp\ccXNovjc.s 			page 5


 167              		.loc 1 62 0
 168              		.cfi_startproc
 169              		@ args = 0, pretend = 0, frame = 0
 170              		@ frame_needed = 0, uses_anonymous_args = 0
 171              	.LVL16:
 172 0000 70B5     		push	{r4, r5, r6, lr}
 173              		.cfi_def_cfa_offset 16
 174              		.cfi_offset 4, -16
 175              		.cfi_offset 5, -12
 176              		.cfi_offset 6, -8
 177              		.cfi_offset 14, -4
 178 0002 0646     		mov	r6, r0
 179 0004 0D46     		mov	r5, r1
 180 0006 1446     		mov	r4, r2
  63:ZumoLibrary/Motor.c ****     MotorDirLeft_Write(1);      // set LeftMotor forward mode
 181              		.loc 1 63 0
 182 0008 0120     		movs	r0, #1
 183              	.LVL17:
 184 000a FFF7FEFF 		bl	MotorDirLeft_Write
 185              	.LVL18:
  64:ZumoLibrary/Motor.c ****     MotorDirRight_Write(1);     // set RightMotor forward mode
 186              		.loc 1 64 0
 187 000e 0120     		movs	r0, #1
 188 0010 FFF7FEFF 		bl	MotorDirRight_Write
 189              	.LVL19:
  65:ZumoLibrary/Motor.c ****     PWM_WriteCompare1(l_speed); 
 190              		.loc 1 65 0
 191 0014 3046     		mov	r0, r6
 192 0016 FFF7FEFF 		bl	PWM_WriteCompare1
 193              	.LVL20:
  66:ZumoLibrary/Motor.c ****     PWM_WriteCompare2(r_speed); 
 194              		.loc 1 66 0
 195 001a 2846     		mov	r0, r5
 196 001c FFF7FEFF 		bl	PWM_WriteCompare2
 197              	.LVL21:
  67:ZumoLibrary/Motor.c ****     CyDelay(delay);
 198              		.loc 1 67 0
 199 0020 2046     		mov	r0, r4
 200 0022 FFF7FEFF 		bl	CyDelay
 201              	.LVL22:
 202 0026 70BD     		pop	{r4, r5, r6, pc}
 203              		.cfi_endproc
 204              	.LFE67:
 205              		.size	motor_turnb, .-motor_turnb
 206              		.section	.text.motor_backward,"ax",%progbits
 207              		.align	2
 208              		.global	motor_backward
 209              		.thumb
 210              		.thumb_func
 211              		.type	motor_backward, %function
 212              	motor_backward:
 213              	.LFB68:
  68:ZumoLibrary/Motor.c **** }
  69:ZumoLibrary/Motor.c **** 
  70:ZumoLibrary/Motor.c **** /**
  71:ZumoLibrary/Motor.c **** * @brief    Moving motors backward
  72:ZumoLibrary/Motor.c **** * @details  setting backward mode to each motors and gives same speed to each side of PWM
ARM GAS  C:\Users\allu9\AppData\Local\Temp\ccXNovjc.s 			page 6


  73:ZumoLibrary/Motor.c **** * @param    uint8 speed : speed value
  74:ZumoLibrary/Motor.c **** * @param    uint32 delay : delay time
  75:ZumoLibrary/Motor.c **** */
  76:ZumoLibrary/Motor.c **** void motor_backward(uint8 speed,uint32 delay)
  77:ZumoLibrary/Motor.c **** {
 214              		.loc 1 77 0
 215              		.cfi_startproc
 216              		@ args = 0, pretend = 0, frame = 0
 217              		@ frame_needed = 0, uses_anonymous_args = 0
 218              	.LVL23:
 219 0000 38B5     		push	{r3, r4, r5, lr}
 220              		.cfi_def_cfa_offset 16
 221              		.cfi_offset 3, -16
 222              		.cfi_offset 4, -12
 223              		.cfi_offset 5, -8
 224              		.cfi_offset 14, -4
 225 0002 0446     		mov	r4, r0
 226 0004 0D46     		mov	r5, r1
  78:ZumoLibrary/Motor.c ****     MotorDirLeft_Write(1);      // set LeftMotor backward mode
 227              		.loc 1 78 0
 228 0006 0120     		movs	r0, #1
 229              	.LVL24:
 230 0008 FFF7FEFF 		bl	MotorDirLeft_Write
 231              	.LVL25:
  79:ZumoLibrary/Motor.c ****     MotorDirRight_Write(1);     // set RightMotor backward mode
 232              		.loc 1 79 0
 233 000c 0120     		movs	r0, #1
 234 000e FFF7FEFF 		bl	MotorDirRight_Write
 235              	.LVL26:
  80:ZumoLibrary/Motor.c ****     PWM_WriteCompare1(speed); 
 236              		.loc 1 80 0
 237 0012 2046     		mov	r0, r4
 238 0014 FFF7FEFF 		bl	PWM_WriteCompare1
 239              	.LVL27:
  81:ZumoLibrary/Motor.c ****     PWM_WriteCompare2(speed); 
 240              		.loc 1 81 0
 241 0018 2046     		mov	r0, r4
 242 001a FFF7FEFF 		bl	PWM_WriteCompare2
 243              	.LVL28:
  82:ZumoLibrary/Motor.c ****     CyDelay(delay);
 244              		.loc 1 82 0
 245 001e 2846     		mov	r0, r5
 246 0020 FFF7FEFF 		bl	CyDelay
 247              	.LVL29:
 248 0024 38BD     		pop	{r3, r4, r5, pc}
 249              		.cfi_endproc
 250              	.LFE68:
 251              		.size	motor_backward, .-motor_backward
 252 0026 00BF     		.section	.text.motor_sharp_turn,"ax",%progbits
 253              		.align	2
 254              		.global	motor_sharp_turn
 255              		.thumb
 256              		.thumb_func
 257              		.type	motor_sharp_turn, %function
 258              	motor_sharp_turn:
 259              	.LFB69:
  83:ZumoLibrary/Motor.c **** }
ARM GAS  C:\Users\allu9\AppData\Local\Temp\ccXNovjc.s 			page 7


  84:ZumoLibrary/Motor.c **** void motor_sharp_turn(int l_dir, int r_dir, uint8 l_speed, uint8 r_speed, uint32 delay)
  85:ZumoLibrary/Motor.c **** {
 260              		.loc 1 85 0
 261              		.cfi_startproc
 262              		@ args = 4, pretend = 0, frame = 0
 263              		@ frame_needed = 0, uses_anonymous_args = 0
 264              	.LVL30:
 265 0000 70B5     		push	{r4, r5, r6, lr}
 266              		.cfi_def_cfa_offset 16
 267              		.cfi_offset 4, -16
 268              		.cfi_offset 5, -12
 269              		.cfi_offset 6, -8
 270              		.cfi_offset 14, -4
 271 0002 0E46     		mov	r6, r1
 272 0004 1546     		mov	r5, r2
 273 0006 1C46     		mov	r4, r3
  86:ZumoLibrary/Motor.c ****     MotorDirLeft_Write(l_dir);
 274              		.loc 1 86 0
 275 0008 C0B2     		uxtb	r0, r0
 276              	.LVL31:
 277 000a FFF7FEFF 		bl	MotorDirLeft_Write
 278              	.LVL32:
  87:ZumoLibrary/Motor.c ****     MotorDirRight_Write(r_dir);
 279              		.loc 1 87 0
 280 000e F0B2     		uxtb	r0, r6
 281 0010 FFF7FEFF 		bl	MotorDirRight_Write
 282              	.LVL33:
  88:ZumoLibrary/Motor.c ****     PWM_WriteCompare1(l_speed);
 283              		.loc 1 88 0
 284 0014 2846     		mov	r0, r5
 285 0016 FFF7FEFF 		bl	PWM_WriteCompare1
 286              	.LVL34:
  89:ZumoLibrary/Motor.c ****     PWM_WriteCompare2(r_speed);
 287              		.loc 1 89 0
 288 001a 2046     		mov	r0, r4
 289 001c FFF7FEFF 		bl	PWM_WriteCompare2
 290              	.LVL35:
  90:ZumoLibrary/Motor.c ****     CyDelay(delay);
 291              		.loc 1 90 0
 292 0020 0498     		ldr	r0, [sp, #16]
 293 0022 FFF7FEFF 		bl	CyDelay
 294              	.LVL36:
 295 0026 70BD     		pop	{r4, r5, r6, pc}
 296              		.cfi_endproc
 297              	.LFE69:
 298              		.size	motor_sharp_turn, .-motor_sharp_turn
 299              		.text
 300              	.Letext0:
 301              		.file 2 "c:\\program files (x86)\\cypress\\psoc creator\\4.1\\psoc creator\\import\\gnu\\arm\\5.4.
 302              		.file 3 "c:\\program files (x86)\\cypress\\psoc creator\\4.1\\psoc creator\\import\\gnu\\arm\\5.4.
 303              		.file 4 "Generated_Source\\PSoC5/cytypes.h"
 304              		.file 5 "Generated_Source\\PSoC5/PWM.h"
 305              		.file 6 "Generated_Source\\PSoC5/MotorDirLeft.h"
 306              		.file 7 "Generated_Source\\PSoC5/MotorDirRight.h"
 307              		.file 8 "Generated_Source\\PSoC5/CyLib.h"
 308              		.file 9 "Generated_Source\\PSoC5/core_cm3.h"
 309              		.section	.debug_info,"",%progbits
ARM GAS  C:\Users\allu9\AppData\Local\Temp\ccXNovjc.s 			page 8


 310              	.Ldebug_info0:
 311 0000 7D040000 		.4byte	0x47d
 312 0004 0400     		.2byte	0x4
 313 0006 00000000 		.4byte	.Ldebug_abbrev0
 314 000a 04       		.byte	0x4
 315 000b 01       		.uleb128 0x1
 316 000c 69000000 		.4byte	.LASF38
 317 0010 0C       		.byte	0xc
 318 0011 4F010000 		.4byte	.LASF39
 319 0015 5B020000 		.4byte	.LASF40
 320 0019 00000000 		.4byte	.Ldebug_ranges0+0
 321 001d 00000000 		.4byte	0
 322 0021 00000000 		.4byte	.Ldebug_line0
 323 0025 02       		.uleb128 0x2
 324 0026 01       		.byte	0x1
 325 0027 06       		.byte	0x6
 326 0028 49000000 		.4byte	.LASF0
 327 002c 02       		.uleb128 0x2
 328 002d 01       		.byte	0x1
 329 002e 08       		.byte	0x8
 330 002f 5B000000 		.4byte	.LASF1
 331 0033 02       		.uleb128 0x2
 332 0034 02       		.byte	0x2
 333 0035 05       		.byte	0x5
 334 0036 1E020000 		.4byte	.LASF2
 335 003a 02       		.uleb128 0x2
 336 003b 02       		.byte	0x2
 337 003c 07       		.byte	0x7
 338 003d F8010000 		.4byte	.LASF3
 339 0041 03       		.uleb128 0x3
 340 0042 00000000 		.4byte	.LASF9
 341 0046 02       		.byte	0x2
 342 0047 3F       		.byte	0x3f
 343 0048 4C000000 		.4byte	0x4c
 344 004c 02       		.uleb128 0x2
 345 004d 04       		.byte	0x4
 346 004e 05       		.byte	0x5
 347 004f 3B020000 		.4byte	.LASF4
 348 0053 02       		.uleb128 0x2
 349 0054 04       		.byte	0x4
 350 0055 07       		.byte	0x7
 351 0056 F7000000 		.4byte	.LASF5
 352 005a 02       		.uleb128 0x2
 353 005b 08       		.byte	0x8
 354 005c 05       		.byte	0x5
 355 005d 0B020000 		.4byte	.LASF6
 356 0061 02       		.uleb128 0x2
 357 0062 08       		.byte	0x8
 358 0063 07       		.byte	0x7
 359 0064 90010000 		.4byte	.LASF7
 360 0068 04       		.uleb128 0x4
 361 0069 04       		.byte	0x4
 362 006a 05       		.byte	0x5
 363 006b 696E7400 		.ascii	"int\000"
 364 006f 02       		.uleb128 0x2
 365 0070 04       		.byte	0x4
 366 0071 07       		.byte	0x7
ARM GAS  C:\Users\allu9\AppData\Local\Temp\ccXNovjc.s 			page 9


 367 0072 7B010000 		.4byte	.LASF8
 368 0076 03       		.uleb128 0x3
 369 0077 3B000000 		.4byte	.LASF10
 370 007b 03       		.byte	0x3
 371 007c 2C       		.byte	0x2c
 372 007d 41000000 		.4byte	0x41
 373 0081 05       		.uleb128 0x5
 374 0082 35000000 		.4byte	.LASF11
 375 0086 04       		.byte	0x4
 376 0087 9201     		.2byte	0x192
 377 0089 2C000000 		.4byte	0x2c
 378 008d 05       		.uleb128 0x5
 379 008e 63010000 		.4byte	.LASF12
 380 0092 04       		.byte	0x4
 381 0093 9401     		.2byte	0x194
 382 0095 53000000 		.4byte	0x53
 383 0099 02       		.uleb128 0x2
 384 009a 04       		.byte	0x4
 385 009b 04       		.byte	0x4
 386 009c 43000000 		.4byte	.LASF13
 387 00a0 02       		.uleb128 0x2
 388 00a1 08       		.byte	0x8
 389 00a2 04       		.byte	0x4
 390 00a3 3D010000 		.4byte	.LASF14
 391 00a7 02       		.uleb128 0x2
 392 00a8 01       		.byte	0x1
 393 00a9 08       		.byte	0x8
 394 00aa 19020000 		.4byte	.LASF15
 395 00ae 02       		.uleb128 0x2
 396 00af 08       		.byte	0x8
 397 00b0 04       		.byte	0x4
 398 00b1 44020000 		.4byte	.LASF16
 399 00b5 02       		.uleb128 0x2
 400 00b6 04       		.byte	0x4
 401 00b7 07       		.byte	0x7
 402 00b8 E3010000 		.4byte	.LASF17
 403 00bc 06       		.uleb128 0x6
 404 00bd A7010000 		.4byte	.LASF18
 405 00c1 01       		.byte	0x1
 406 00c2 0D       		.byte	0xd
 407 00c3 00000000 		.4byte	.LFB63
 408 00c7 08000000 		.4byte	.LFE63-.LFB63
 409 00cb 01       		.uleb128 0x1
 410 00cc 9C       		.byte	0x9c
 411 00cd DB000000 		.4byte	0xdb
 412 00d1 07       		.uleb128 0x7
 413 00d2 06000000 		.4byte	.LVL0
 414 00d6 33040000 		.4byte	0x433
 415 00da 00       		.byte	0
 416 00db 06       		.uleb128 0x6
 417 00dc 44010000 		.4byte	.LASF19
 418 00e0 01       		.byte	0x1
 419 00e1 17       		.byte	0x17
 420 00e2 00000000 		.4byte	.LFB64
 421 00e6 08000000 		.4byte	.LFE64-.LFB64
 422 00ea 01       		.uleb128 0x1
 423 00eb 9C       		.byte	0x9c
ARM GAS  C:\Users\allu9\AppData\Local\Temp\ccXNovjc.s 			page 10


 424 00ec FA000000 		.4byte	0xfa
 425 00f0 07       		.uleb128 0x7
 426 00f1 06000000 		.4byte	.LVL1
 427 00f5 3E040000 		.4byte	0x43e
 428 00f9 00       		.byte	0
 429 00fa 08       		.uleb128 0x8
 430 00fb 2F010000 		.4byte	.LASF22
 431 00ff 01       		.byte	0x1
 432 0100 23       		.byte	0x23
 433 0101 00000000 		.4byte	.LFB65
 434 0105 26000000 		.4byte	.LFE65-.LFB65
 435 0109 01       		.uleb128 0x1
 436 010a 9C       		.byte	0x9c
 437 010b 8C010000 		.4byte	0x18c
 438 010f 09       		.uleb128 0x9
 439 0110 DD010000 		.4byte	.LASF20
 440 0114 01       		.byte	0x1
 441 0115 23       		.byte	0x23
 442 0116 81000000 		.4byte	0x81
 443 011a 00000000 		.4byte	.LLST0
 444 011e 09       		.uleb128 0x9
 445 011f 55000000 		.4byte	.LASF21
 446 0123 01       		.byte	0x1
 447 0124 23       		.byte	0x23
 448 0125 8D000000 		.4byte	0x8d
 449 0129 21000000 		.4byte	.LLST1
 450 012d 0A       		.uleb128 0xa
 451 012e 0C000000 		.4byte	.LVL4
 452 0132 49040000 		.4byte	0x449
 453 0136 40010000 		.4byte	0x140
 454 013a 0B       		.uleb128 0xb
 455 013b 01       		.uleb128 0x1
 456 013c 50       		.byte	0x50
 457 013d 01       		.uleb128 0x1
 458 013e 30       		.byte	0x30
 459 013f 00       		.byte	0
 460 0140 0A       		.uleb128 0xa
 461 0141 12000000 		.4byte	.LVL5
 462 0145 54040000 		.4byte	0x454
 463 0149 53010000 		.4byte	0x153
 464 014d 0B       		.uleb128 0xb
 465 014e 01       		.uleb128 0x1
 466 014f 50       		.byte	0x50
 467 0150 01       		.uleb128 0x1
 468 0151 30       		.byte	0x30
 469 0152 00       		.byte	0
 470 0153 0A       		.uleb128 0xa
 471 0154 18000000 		.4byte	.LVL6
 472 0158 5F040000 		.4byte	0x45f
 473 015c 67010000 		.4byte	0x167
 474 0160 0B       		.uleb128 0xb
 475 0161 01       		.uleb128 0x1
 476 0162 50       		.byte	0x50
 477 0163 02       		.uleb128 0x2
 478 0164 74       		.byte	0x74
 479 0165 00       		.sleb128 0
 480 0166 00       		.byte	0
ARM GAS  C:\Users\allu9\AppData\Local\Temp\ccXNovjc.s 			page 11


 481 0167 0A       		.uleb128 0xa
 482 0168 1E000000 		.4byte	.LVL7
 483 016c 6A040000 		.4byte	0x46a
 484 0170 7B010000 		.4byte	0x17b
 485 0174 0B       		.uleb128 0xb
 486 0175 01       		.uleb128 0x1
 487 0176 50       		.byte	0x50
 488 0177 02       		.uleb128 0x2
 489 0178 74       		.byte	0x74
 490 0179 00       		.sleb128 0
 491 017a 00       		.byte	0
 492 017b 0C       		.uleb128 0xc
 493 017c 24000000 		.4byte	.LVL8
 494 0180 75040000 		.4byte	0x475
 495 0184 0B       		.uleb128 0xb
 496 0185 01       		.uleb128 0x1
 497 0186 50       		.byte	0x50
 498 0187 02       		.uleb128 0x2
 499 0188 75       		.byte	0x75
 500 0189 00       		.sleb128 0
 501 018a 00       		.byte	0
 502 018b 00       		.byte	0
 503 018c 08       		.uleb128 0x8
 504 018d 50020000 		.4byte	.LASF23
 505 0191 01       		.byte	0x1
 506 0192 34       		.byte	0x34
 507 0193 00000000 		.4byte	.LFB66
 508 0197 28000000 		.4byte	.LFE66-.LFB66
 509 019b 01       		.uleb128 0x1
 510 019c 9C       		.byte	0x9c
 511 019d 2D020000 		.4byte	0x22d
 512 01a1 09       		.uleb128 0x9
 513 01a2 88010000 		.4byte	.LASF24
 514 01a6 01       		.byte	0x1
 515 01a7 34       		.byte	0x34
 516 01a8 81000000 		.4byte	0x81
 517 01ac 3F000000 		.4byte	.LLST2
 518 01b0 09       		.uleb128 0x9
 519 01b1 19000000 		.4byte	.LASF25
 520 01b5 01       		.byte	0x1
 521 01b6 34       		.byte	0x34
 522 01b7 81000000 		.4byte	0x81
 523 01bb 60000000 		.4byte	.LLST3
 524 01bf 09       		.uleb128 0x9
 525 01c0 55000000 		.4byte	.LASF21
 526 01c4 01       		.byte	0x1
 527 01c5 34       		.byte	0x34
 528 01c6 8D000000 		.4byte	0x8d
 529 01ca 81000000 		.4byte	.LLST4
 530 01ce 0A       		.uleb128 0xa
 531 01cf 0E000000 		.4byte	.LVL11
 532 01d3 49040000 		.4byte	0x449
 533 01d7 E1010000 		.4byte	0x1e1
 534 01db 0B       		.uleb128 0xb
 535 01dc 01       		.uleb128 0x1
 536 01dd 50       		.byte	0x50
 537 01de 01       		.uleb128 0x1
ARM GAS  C:\Users\allu9\AppData\Local\Temp\ccXNovjc.s 			page 12


 538 01df 30       		.byte	0x30
 539 01e0 00       		.byte	0
 540 01e1 0A       		.uleb128 0xa
 541 01e2 14000000 		.4byte	.LVL12
 542 01e6 54040000 		.4byte	0x454
 543 01ea F4010000 		.4byte	0x1f4
 544 01ee 0B       		.uleb128 0xb
 545 01ef 01       		.uleb128 0x1
 546 01f0 50       		.byte	0x50
 547 01f1 01       		.uleb128 0x1
 548 01f2 30       		.byte	0x30
 549 01f3 00       		.byte	0
 550 01f4 0A       		.uleb128 0xa
 551 01f5 1A000000 		.4byte	.LVL13
 552 01f9 5F040000 		.4byte	0x45f
 553 01fd 08020000 		.4byte	0x208
 554 0201 0B       		.uleb128 0xb
 555 0202 01       		.uleb128 0x1
 556 0203 50       		.byte	0x50
 557 0204 02       		.uleb128 0x2
 558 0205 76       		.byte	0x76
 559 0206 00       		.sleb128 0
 560 0207 00       		.byte	0
 561 0208 0A       		.uleb128 0xa
 562 0209 20000000 		.4byte	.LVL14
 563 020d 6A040000 		.4byte	0x46a
 564 0211 1C020000 		.4byte	0x21c
 565 0215 0B       		.uleb128 0xb
 566 0216 01       		.uleb128 0x1
 567 0217 50       		.byte	0x50
 568 0218 02       		.uleb128 0x2
 569 0219 75       		.byte	0x75
 570 021a 00       		.sleb128 0
 571 021b 00       		.byte	0
 572 021c 0C       		.uleb128 0xc
 573 021d 26000000 		.4byte	.LVL15
 574 0221 75040000 		.4byte	0x475
 575 0225 0B       		.uleb128 0xb
 576 0226 01       		.uleb128 0x1
 577 0227 50       		.byte	0x50
 578 0228 02       		.uleb128 0x2
 579 0229 74       		.byte	0x74
 580 022a 00       		.sleb128 0
 581 022b 00       		.byte	0
 582 022c 00       		.byte	0
 583 022d 08       		.uleb128 0x8
 584 022e EC010000 		.4byte	.LASF26
 585 0232 01       		.byte	0x1
 586 0233 3D       		.byte	0x3d
 587 0234 00000000 		.4byte	.LFB67
 588 0238 28000000 		.4byte	.LFE67-.LFB67
 589 023c 01       		.uleb128 0x1
 590 023d 9C       		.byte	0x9c
 591 023e CE020000 		.4byte	0x2ce
 592 0242 09       		.uleb128 0x9
 593 0243 88010000 		.4byte	.LASF24
 594 0247 01       		.byte	0x1
ARM GAS  C:\Users\allu9\AppData\Local\Temp\ccXNovjc.s 			page 13


 595 0248 3D       		.byte	0x3d
 596 0249 81000000 		.4byte	0x81
 597 024d 9F000000 		.4byte	.LLST5
 598 0251 09       		.uleb128 0x9
 599 0252 19000000 		.4byte	.LASF25
 600 0256 01       		.byte	0x1
 601 0257 3D       		.byte	0x3d
 602 0258 81000000 		.4byte	0x81
 603 025c C0000000 		.4byte	.LLST6
 604 0260 09       		.uleb128 0x9
 605 0261 55000000 		.4byte	.LASF21
 606 0265 01       		.byte	0x1
 607 0266 3D       		.byte	0x3d
 608 0267 8D000000 		.4byte	0x8d
 609 026b E1000000 		.4byte	.LLST7
 610 026f 0A       		.uleb128 0xa
 611 0270 0E000000 		.4byte	.LVL18
 612 0274 49040000 		.4byte	0x449
 613 0278 82020000 		.4byte	0x282
 614 027c 0B       		.uleb128 0xb
 615 027d 01       		.uleb128 0x1
 616 027e 50       		.byte	0x50
 617 027f 01       		.uleb128 0x1
 618 0280 31       		.byte	0x31
 619 0281 00       		.byte	0
 620 0282 0A       		.uleb128 0xa
 621 0283 14000000 		.4byte	.LVL19
 622 0287 54040000 		.4byte	0x454
 623 028b 95020000 		.4byte	0x295
 624 028f 0B       		.uleb128 0xb
 625 0290 01       		.uleb128 0x1
 626 0291 50       		.byte	0x50
 627 0292 01       		.uleb128 0x1
 628 0293 31       		.byte	0x31
 629 0294 00       		.byte	0
 630 0295 0A       		.uleb128 0xa
 631 0296 1A000000 		.4byte	.LVL20
 632 029a 5F040000 		.4byte	0x45f
 633 029e A9020000 		.4byte	0x2a9
 634 02a2 0B       		.uleb128 0xb
 635 02a3 01       		.uleb128 0x1
 636 02a4 50       		.byte	0x50
 637 02a5 02       		.uleb128 0x2
 638 02a6 76       		.byte	0x76
 639 02a7 00       		.sleb128 0
 640 02a8 00       		.byte	0
 641 02a9 0A       		.uleb128 0xa
 642 02aa 20000000 		.4byte	.LVL21
 643 02ae 6A040000 		.4byte	0x46a
 644 02b2 BD020000 		.4byte	0x2bd
 645 02b6 0B       		.uleb128 0xb
 646 02b7 01       		.uleb128 0x1
 647 02b8 50       		.byte	0x50
 648 02b9 02       		.uleb128 0x2
 649 02ba 75       		.byte	0x75
 650 02bb 00       		.sleb128 0
 651 02bc 00       		.byte	0
ARM GAS  C:\Users\allu9\AppData\Local\Temp\ccXNovjc.s 			page 14


 652 02bd 0C       		.uleb128 0xc
 653 02be 26000000 		.4byte	.LVL22
 654 02c2 75040000 		.4byte	0x475
 655 02c6 0B       		.uleb128 0xb
 656 02c7 01       		.uleb128 0x1
 657 02c8 50       		.byte	0x50
 658 02c9 02       		.uleb128 0x2
 659 02ca 74       		.byte	0x74
 660 02cb 00       		.sleb128 0
 661 02cc 00       		.byte	0
 662 02cd 00       		.byte	0
 663 02ce 08       		.uleb128 0x8
 664 02cf 0A000000 		.4byte	.LASF27
 665 02d3 01       		.byte	0x1
 666 02d4 4C       		.byte	0x4c
 667 02d5 00000000 		.4byte	.LFB68
 668 02d9 26000000 		.4byte	.LFE68-.LFB68
 669 02dd 01       		.uleb128 0x1
 670 02de 9C       		.byte	0x9c
 671 02df 60030000 		.4byte	0x360
 672 02e3 09       		.uleb128 0x9
 673 02e4 DD010000 		.4byte	.LASF20
 674 02e8 01       		.byte	0x1
 675 02e9 4C       		.byte	0x4c
 676 02ea 81000000 		.4byte	0x81
 677 02ee FF000000 		.4byte	.LLST8
 678 02f2 09       		.uleb128 0x9
 679 02f3 55000000 		.4byte	.LASF21
 680 02f7 01       		.byte	0x1
 681 02f8 4C       		.byte	0x4c
 682 02f9 8D000000 		.4byte	0x8d
 683 02fd 20010000 		.4byte	.LLST9
 684 0301 0A       		.uleb128 0xa
 685 0302 0C000000 		.4byte	.LVL25
 686 0306 49040000 		.4byte	0x449
 687 030a 14030000 		.4byte	0x314
 688 030e 0B       		.uleb128 0xb
 689 030f 01       		.uleb128 0x1
 690 0310 50       		.byte	0x50
 691 0311 01       		.uleb128 0x1
 692 0312 31       		.byte	0x31
 693 0313 00       		.byte	0
 694 0314 0A       		.uleb128 0xa
 695 0315 12000000 		.4byte	.LVL26
 696 0319 54040000 		.4byte	0x454
 697 031d 27030000 		.4byte	0x327
 698 0321 0B       		.uleb128 0xb
 699 0322 01       		.uleb128 0x1
 700 0323 50       		.byte	0x50
 701 0324 01       		.uleb128 0x1
 702 0325 31       		.byte	0x31
 703 0326 00       		.byte	0
 704 0327 0A       		.uleb128 0xa
 705 0328 18000000 		.4byte	.LVL27
 706 032c 5F040000 		.4byte	0x45f
 707 0330 3B030000 		.4byte	0x33b
 708 0334 0B       		.uleb128 0xb
ARM GAS  C:\Users\allu9\AppData\Local\Temp\ccXNovjc.s 			page 15


 709 0335 01       		.uleb128 0x1
 710 0336 50       		.byte	0x50
 711 0337 02       		.uleb128 0x2
 712 0338 74       		.byte	0x74
 713 0339 00       		.sleb128 0
 714 033a 00       		.byte	0
 715 033b 0A       		.uleb128 0xa
 716 033c 1E000000 		.4byte	.LVL28
 717 0340 6A040000 		.4byte	0x46a
 718 0344 4F030000 		.4byte	0x34f
 719 0348 0B       		.uleb128 0xb
 720 0349 01       		.uleb128 0x1
 721 034a 50       		.byte	0x50
 722 034b 02       		.uleb128 0x2
 723 034c 74       		.byte	0x74
 724 034d 00       		.sleb128 0
 725 034e 00       		.byte	0
 726 034f 0C       		.uleb128 0xc
 727 0350 24000000 		.4byte	.LVL29
 728 0354 75040000 		.4byte	0x475
 729 0358 0B       		.uleb128 0xb
 730 0359 01       		.uleb128 0x1
 731 035a 50       		.byte	0x50
 732 035b 02       		.uleb128 0x2
 733 035c 75       		.byte	0x75
 734 035d 00       		.sleb128 0
 735 035e 00       		.byte	0
 736 035f 00       		.byte	0
 737 0360 08       		.uleb128 0x8
 738 0361 6A010000 		.4byte	.LASF28
 739 0365 01       		.byte	0x1
 740 0366 54       		.byte	0x54
 741 0367 00000000 		.4byte	.LFB69
 742 036b 28000000 		.4byte	.LFE69-.LFB69
 743 036f 01       		.uleb128 0x1
 744 0370 9C       		.byte	0x9c
 745 0371 22040000 		.4byte	0x422
 746 0375 09       		.uleb128 0x9
 747 0376 09010000 		.4byte	.LASF29
 748 037a 01       		.byte	0x1
 749 037b 54       		.byte	0x54
 750 037c 68000000 		.4byte	0x68
 751 0380 3E010000 		.4byte	.LLST10
 752 0384 09       		.uleb128 0x9
 753 0385 D7010000 		.4byte	.LASF30
 754 0389 01       		.byte	0x1
 755 038a 54       		.byte	0x54
 756 038b 68000000 		.4byte	0x68
 757 038f 5F010000 		.4byte	.LLST11
 758 0393 09       		.uleb128 0x9
 759 0394 88010000 		.4byte	.LASF24
 760 0398 01       		.byte	0x1
 761 0399 54       		.byte	0x54
 762 039a 81000000 		.4byte	0x81
 763 039e 7D010000 		.4byte	.LLST12
 764 03a2 09       		.uleb128 0x9
 765 03a3 19000000 		.4byte	.LASF25
ARM GAS  C:\Users\allu9\AppData\Local\Temp\ccXNovjc.s 			page 16


 766 03a7 01       		.byte	0x1
 767 03a8 54       		.byte	0x54
 768 03a9 81000000 		.4byte	0x81
 769 03ad 9E010000 		.4byte	.LLST13
 770 03b1 0D       		.uleb128 0xd
 771 03b2 55000000 		.4byte	.LASF21
 772 03b6 01       		.byte	0x1
 773 03b7 54       		.byte	0x54
 774 03b8 8D000000 		.4byte	0x8d
 775 03bc 02       		.uleb128 0x2
 776 03bd 91       		.byte	0x91
 777 03be 00       		.sleb128 0
 778 03bf 0A       		.uleb128 0xa
 779 03c0 0E000000 		.4byte	.LVL32
 780 03c4 49040000 		.4byte	0x449
 781 03c8 D4030000 		.4byte	0x3d4
 782 03cc 0B       		.uleb128 0xb
 783 03cd 01       		.uleb128 0x1
 784 03ce 50       		.byte	0x50
 785 03cf 03       		.uleb128 0x3
 786 03d0 F3       		.byte	0xf3
 787 03d1 01       		.uleb128 0x1
 788 03d2 50       		.byte	0x50
 789 03d3 00       		.byte	0
 790 03d4 0A       		.uleb128 0xa
 791 03d5 14000000 		.4byte	.LVL33
 792 03d9 54040000 		.4byte	0x454
 793 03dd E8030000 		.4byte	0x3e8
 794 03e1 0B       		.uleb128 0xb
 795 03e2 01       		.uleb128 0x1
 796 03e3 50       		.byte	0x50
 797 03e4 02       		.uleb128 0x2
 798 03e5 76       		.byte	0x76
 799 03e6 00       		.sleb128 0
 800 03e7 00       		.byte	0
 801 03e8 0A       		.uleb128 0xa
 802 03e9 1A000000 		.4byte	.LVL34
 803 03ed 5F040000 		.4byte	0x45f
 804 03f1 FC030000 		.4byte	0x3fc
 805 03f5 0B       		.uleb128 0xb
 806 03f6 01       		.uleb128 0x1
 807 03f7 50       		.byte	0x50
 808 03f8 02       		.uleb128 0x2
 809 03f9 75       		.byte	0x75
 810 03fa 00       		.sleb128 0
 811 03fb 00       		.byte	0
 812 03fc 0A       		.uleb128 0xa
 813 03fd 20000000 		.4byte	.LVL35
 814 0401 6A040000 		.4byte	0x46a
 815 0405 10040000 		.4byte	0x410
 816 0409 0B       		.uleb128 0xb
 817 040a 01       		.uleb128 0x1
 818 040b 50       		.byte	0x50
 819 040c 02       		.uleb128 0x2
 820 040d 74       		.byte	0x74
 821 040e 00       		.sleb128 0
 822 040f 00       		.byte	0
ARM GAS  C:\Users\allu9\AppData\Local\Temp\ccXNovjc.s 			page 17


 823 0410 0C       		.uleb128 0xc
 824 0411 26000000 		.4byte	.LVL36
 825 0415 75040000 		.4byte	0x475
 826 0419 0B       		.uleb128 0xb
 827 041a 01       		.uleb128 0x1
 828 041b 50       		.byte	0x50
 829 041c 03       		.uleb128 0x3
 830 041d 91       		.byte	0x91
 831 041e 00       		.sleb128 0
 832 041f 06       		.byte	0x6
 833 0420 00       		.byte	0
 834 0421 00       		.byte	0
 835 0422 0E       		.uleb128 0xe
 836 0423 22010000 		.4byte	.LASF41
 837 0427 09       		.byte	0x9
 838 0428 9606     		.2byte	0x696
 839 042a 2E040000 		.4byte	0x42e
 840 042e 0F       		.uleb128 0xf
 841 042f 76000000 		.4byte	0x76
 842 0433 10       		.uleb128 0x10
 843 0434 28020000 		.4byte	.LASF31
 844 0438 28020000 		.4byte	.LASF31
 845 043c 05       		.byte	0x5
 846 043d 92       		.byte	0x92
 847 043e 10       		.uleb128 0x10
 848 043f 32020000 		.4byte	.LASF32
 849 0443 32020000 		.4byte	.LASF32
 850 0447 05       		.byte	0x5
 851 0448 93       		.byte	0x93
 852 0449 10       		.uleb128 0x10
 853 044a 0F010000 		.4byte	.LASF33
 854 044e 0F010000 		.4byte	.LASF33
 855 0452 06       		.byte	0x6
 856 0453 26       		.byte	0x26
 857 0454 10       		.uleb128 0x10
 858 0455 21000000 		.4byte	.LASF34
 859 0459 21000000 		.4byte	.LASF34
 860 045d 07       		.byte	0x7
 861 045e 26       		.byte	0x26
 862 045f 10       		.uleb128 0x10
 863 0460 B3010000 		.4byte	.LASF35
 864 0464 B3010000 		.4byte	.LASF35
 865 0468 05       		.byte	0x5
 866 0469 C7       		.byte	0xc7
 867 046a 10       		.uleb128 0x10
 868 046b C5010000 		.4byte	.LASF36
 869 046f C5010000 		.4byte	.LASF36
 870 0473 05       		.byte	0x5
 871 0474 CA       		.byte	0xca
 872 0475 10       		.uleb128 0x10
 873 0476 88020000 		.4byte	.LASF37
 874 047a 88020000 		.4byte	.LASF37
 875 047e 08       		.byte	0x8
 876 047f 76       		.byte	0x76
 877 0480 00       		.byte	0
 878              		.section	.debug_abbrev,"",%progbits
 879              	.Ldebug_abbrev0:
ARM GAS  C:\Users\allu9\AppData\Local\Temp\ccXNovjc.s 			page 18


 880 0000 01       		.uleb128 0x1
 881 0001 11       		.uleb128 0x11
 882 0002 01       		.byte	0x1
 883 0003 25       		.uleb128 0x25
 884 0004 0E       		.uleb128 0xe
 885 0005 13       		.uleb128 0x13
 886 0006 0B       		.uleb128 0xb
 887 0007 03       		.uleb128 0x3
 888 0008 0E       		.uleb128 0xe
 889 0009 1B       		.uleb128 0x1b
 890 000a 0E       		.uleb128 0xe
 891 000b 55       		.uleb128 0x55
 892 000c 17       		.uleb128 0x17
 893 000d 11       		.uleb128 0x11
 894 000e 01       		.uleb128 0x1
 895 000f 10       		.uleb128 0x10
 896 0010 17       		.uleb128 0x17
 897 0011 00       		.byte	0
 898 0012 00       		.byte	0
 899 0013 02       		.uleb128 0x2
 900 0014 24       		.uleb128 0x24
 901 0015 00       		.byte	0
 902 0016 0B       		.uleb128 0xb
 903 0017 0B       		.uleb128 0xb
 904 0018 3E       		.uleb128 0x3e
 905 0019 0B       		.uleb128 0xb
 906 001a 03       		.uleb128 0x3
 907 001b 0E       		.uleb128 0xe
 908 001c 00       		.byte	0
 909 001d 00       		.byte	0
 910 001e 03       		.uleb128 0x3
 911 001f 16       		.uleb128 0x16
 912 0020 00       		.byte	0
 913 0021 03       		.uleb128 0x3
 914 0022 0E       		.uleb128 0xe
 915 0023 3A       		.uleb128 0x3a
 916 0024 0B       		.uleb128 0xb
 917 0025 3B       		.uleb128 0x3b
 918 0026 0B       		.uleb128 0xb
 919 0027 49       		.uleb128 0x49
 920 0028 13       		.uleb128 0x13
 921 0029 00       		.byte	0
 922 002a 00       		.byte	0
 923 002b 04       		.uleb128 0x4
 924 002c 24       		.uleb128 0x24
 925 002d 00       		.byte	0
 926 002e 0B       		.uleb128 0xb
 927 002f 0B       		.uleb128 0xb
 928 0030 3E       		.uleb128 0x3e
 929 0031 0B       		.uleb128 0xb
 930 0032 03       		.uleb128 0x3
 931 0033 08       		.uleb128 0x8
 932 0034 00       		.byte	0
 933 0035 00       		.byte	0
 934 0036 05       		.uleb128 0x5
 935 0037 16       		.uleb128 0x16
 936 0038 00       		.byte	0
ARM GAS  C:\Users\allu9\AppData\Local\Temp\ccXNovjc.s 			page 19


 937 0039 03       		.uleb128 0x3
 938 003a 0E       		.uleb128 0xe
 939 003b 3A       		.uleb128 0x3a
 940 003c 0B       		.uleb128 0xb
 941 003d 3B       		.uleb128 0x3b
 942 003e 05       		.uleb128 0x5
 943 003f 49       		.uleb128 0x49
 944 0040 13       		.uleb128 0x13
 945 0041 00       		.byte	0
 946 0042 00       		.byte	0
 947 0043 06       		.uleb128 0x6
 948 0044 2E       		.uleb128 0x2e
 949 0045 01       		.byte	0x1
 950 0046 3F       		.uleb128 0x3f
 951 0047 19       		.uleb128 0x19
 952 0048 03       		.uleb128 0x3
 953 0049 0E       		.uleb128 0xe
 954 004a 3A       		.uleb128 0x3a
 955 004b 0B       		.uleb128 0xb
 956 004c 3B       		.uleb128 0x3b
 957 004d 0B       		.uleb128 0xb
 958 004e 11       		.uleb128 0x11
 959 004f 01       		.uleb128 0x1
 960 0050 12       		.uleb128 0x12
 961 0051 06       		.uleb128 0x6
 962 0052 40       		.uleb128 0x40
 963 0053 18       		.uleb128 0x18
 964 0054 9742     		.uleb128 0x2117
 965 0056 19       		.uleb128 0x19
 966 0057 01       		.uleb128 0x1
 967 0058 13       		.uleb128 0x13
 968 0059 00       		.byte	0
 969 005a 00       		.byte	0
 970 005b 07       		.uleb128 0x7
 971 005c 898201   		.uleb128 0x4109
 972 005f 00       		.byte	0
 973 0060 11       		.uleb128 0x11
 974 0061 01       		.uleb128 0x1
 975 0062 31       		.uleb128 0x31
 976 0063 13       		.uleb128 0x13
 977 0064 00       		.byte	0
 978 0065 00       		.byte	0
 979 0066 08       		.uleb128 0x8
 980 0067 2E       		.uleb128 0x2e
 981 0068 01       		.byte	0x1
 982 0069 3F       		.uleb128 0x3f
 983 006a 19       		.uleb128 0x19
 984 006b 03       		.uleb128 0x3
 985 006c 0E       		.uleb128 0xe
 986 006d 3A       		.uleb128 0x3a
 987 006e 0B       		.uleb128 0xb
 988 006f 3B       		.uleb128 0x3b
 989 0070 0B       		.uleb128 0xb
 990 0071 27       		.uleb128 0x27
 991 0072 19       		.uleb128 0x19
 992 0073 11       		.uleb128 0x11
 993 0074 01       		.uleb128 0x1
ARM GAS  C:\Users\allu9\AppData\Local\Temp\ccXNovjc.s 			page 20


 994 0075 12       		.uleb128 0x12
 995 0076 06       		.uleb128 0x6
 996 0077 40       		.uleb128 0x40
 997 0078 18       		.uleb128 0x18
 998 0079 9742     		.uleb128 0x2117
 999 007b 19       		.uleb128 0x19
 1000 007c 01       		.uleb128 0x1
 1001 007d 13       		.uleb128 0x13
 1002 007e 00       		.byte	0
 1003 007f 00       		.byte	0
 1004 0080 09       		.uleb128 0x9
 1005 0081 05       		.uleb128 0x5
 1006 0082 00       		.byte	0
 1007 0083 03       		.uleb128 0x3
 1008 0084 0E       		.uleb128 0xe
 1009 0085 3A       		.uleb128 0x3a
 1010 0086 0B       		.uleb128 0xb
 1011 0087 3B       		.uleb128 0x3b
 1012 0088 0B       		.uleb128 0xb
 1013 0089 49       		.uleb128 0x49
 1014 008a 13       		.uleb128 0x13
 1015 008b 02       		.uleb128 0x2
 1016 008c 17       		.uleb128 0x17
 1017 008d 00       		.byte	0
 1018 008e 00       		.byte	0
 1019 008f 0A       		.uleb128 0xa
 1020 0090 898201   		.uleb128 0x4109
 1021 0093 01       		.byte	0x1
 1022 0094 11       		.uleb128 0x11
 1023 0095 01       		.uleb128 0x1
 1024 0096 31       		.uleb128 0x31
 1025 0097 13       		.uleb128 0x13
 1026 0098 01       		.uleb128 0x1
 1027 0099 13       		.uleb128 0x13
 1028 009a 00       		.byte	0
 1029 009b 00       		.byte	0
 1030 009c 0B       		.uleb128 0xb
 1031 009d 8A8201   		.uleb128 0x410a
 1032 00a0 00       		.byte	0
 1033 00a1 02       		.uleb128 0x2
 1034 00a2 18       		.uleb128 0x18
 1035 00a3 9142     		.uleb128 0x2111
 1036 00a5 18       		.uleb128 0x18
 1037 00a6 00       		.byte	0
 1038 00a7 00       		.byte	0
 1039 00a8 0C       		.uleb128 0xc
 1040 00a9 898201   		.uleb128 0x4109
 1041 00ac 01       		.byte	0x1
 1042 00ad 11       		.uleb128 0x11
 1043 00ae 01       		.uleb128 0x1
 1044 00af 31       		.uleb128 0x31
 1045 00b0 13       		.uleb128 0x13
 1046 00b1 00       		.byte	0
 1047 00b2 00       		.byte	0
 1048 00b3 0D       		.uleb128 0xd
 1049 00b4 05       		.uleb128 0x5
 1050 00b5 00       		.byte	0
ARM GAS  C:\Users\allu9\AppData\Local\Temp\ccXNovjc.s 			page 21


 1051 00b6 03       		.uleb128 0x3
 1052 00b7 0E       		.uleb128 0xe
 1053 00b8 3A       		.uleb128 0x3a
 1054 00b9 0B       		.uleb128 0xb
 1055 00ba 3B       		.uleb128 0x3b
 1056 00bb 0B       		.uleb128 0xb
 1057 00bc 49       		.uleb128 0x49
 1058 00bd 13       		.uleb128 0x13
 1059 00be 02       		.uleb128 0x2
 1060 00bf 18       		.uleb128 0x18
 1061 00c0 00       		.byte	0
 1062 00c1 00       		.byte	0
 1063 00c2 0E       		.uleb128 0xe
 1064 00c3 34       		.uleb128 0x34
 1065 00c4 00       		.byte	0
 1066 00c5 03       		.uleb128 0x3
 1067 00c6 0E       		.uleb128 0xe
 1068 00c7 3A       		.uleb128 0x3a
 1069 00c8 0B       		.uleb128 0xb
 1070 00c9 3B       		.uleb128 0x3b
 1071 00ca 05       		.uleb128 0x5
 1072 00cb 49       		.uleb128 0x49
 1073 00cc 13       		.uleb128 0x13
 1074 00cd 3F       		.uleb128 0x3f
 1075 00ce 19       		.uleb128 0x19
 1076 00cf 3C       		.uleb128 0x3c
 1077 00d0 19       		.uleb128 0x19
 1078 00d1 00       		.byte	0
 1079 00d2 00       		.byte	0
 1080 00d3 0F       		.uleb128 0xf
 1081 00d4 35       		.uleb128 0x35
 1082 00d5 00       		.byte	0
 1083 00d6 49       		.uleb128 0x49
 1084 00d7 13       		.uleb128 0x13
 1085 00d8 00       		.byte	0
 1086 00d9 00       		.byte	0
 1087 00da 10       		.uleb128 0x10
 1088 00db 2E       		.uleb128 0x2e
 1089 00dc 00       		.byte	0
 1090 00dd 3F       		.uleb128 0x3f
 1091 00de 19       		.uleb128 0x19
 1092 00df 3C       		.uleb128 0x3c
 1093 00e0 19       		.uleb128 0x19
 1094 00e1 6E       		.uleb128 0x6e
 1095 00e2 0E       		.uleb128 0xe
 1096 00e3 03       		.uleb128 0x3
 1097 00e4 0E       		.uleb128 0xe
 1098 00e5 3A       		.uleb128 0x3a
 1099 00e6 0B       		.uleb128 0xb
 1100 00e7 3B       		.uleb128 0x3b
 1101 00e8 0B       		.uleb128 0xb
 1102 00e9 00       		.byte	0
 1103 00ea 00       		.byte	0
 1104 00eb 00       		.byte	0
 1105              		.section	.debug_loc,"",%progbits
 1106              	.Ldebug_loc0:
 1107              	.LLST0:
ARM GAS  C:\Users\allu9\AppData\Local\Temp\ccXNovjc.s 			page 22


 1108 0000 00000000 		.4byte	.LVL2
 1109 0004 08000000 		.4byte	.LVL3
 1110 0008 0100     		.2byte	0x1
 1111 000a 50       		.byte	0x50
 1112 000b 08000000 		.4byte	.LVL3
 1113 000f 26000000 		.4byte	.LFE65
 1114 0013 0400     		.2byte	0x4
 1115 0015 F3       		.byte	0xf3
 1116 0016 01       		.uleb128 0x1
 1117 0017 50       		.byte	0x50
 1118 0018 9F       		.byte	0x9f
 1119 0019 00000000 		.4byte	0
 1120 001d 00000000 		.4byte	0
 1121              	.LLST1:
 1122 0021 00000000 		.4byte	.LVL2
 1123 0025 0B000000 		.4byte	.LVL4-1
 1124 0029 0100     		.2byte	0x1
 1125 002b 51       		.byte	0x51
 1126 002c 0B000000 		.4byte	.LVL4-1
 1127 0030 26000000 		.4byte	.LFE65
 1128 0034 0100     		.2byte	0x1
 1129 0036 55       		.byte	0x55
 1130 0037 00000000 		.4byte	0
 1131 003b 00000000 		.4byte	0
 1132              	.LLST2:
 1133 003f 00000000 		.4byte	.LVL9
 1134 0043 0A000000 		.4byte	.LVL10
 1135 0047 0100     		.2byte	0x1
 1136 0049 50       		.byte	0x50
 1137 004a 0A000000 		.4byte	.LVL10
 1138 004e 28000000 		.4byte	.LFE66
 1139 0052 0400     		.2byte	0x4
 1140 0054 F3       		.byte	0xf3
 1141 0055 01       		.uleb128 0x1
 1142 0056 50       		.byte	0x50
 1143 0057 9F       		.byte	0x9f
 1144 0058 00000000 		.4byte	0
 1145 005c 00000000 		.4byte	0
 1146              	.LLST3:
 1147 0060 00000000 		.4byte	.LVL9
 1148 0064 0D000000 		.4byte	.LVL11-1
 1149 0068 0100     		.2byte	0x1
 1150 006a 51       		.byte	0x51
 1151 006b 0D000000 		.4byte	.LVL11-1
 1152 006f 28000000 		.4byte	.LFE66
 1153 0073 0400     		.2byte	0x4
 1154 0075 F3       		.byte	0xf3
 1155 0076 01       		.uleb128 0x1
 1156 0077 51       		.byte	0x51
 1157 0078 9F       		.byte	0x9f
 1158 0079 00000000 		.4byte	0
 1159 007d 00000000 		.4byte	0
 1160              	.LLST4:
 1161 0081 00000000 		.4byte	.LVL9
 1162 0085 0D000000 		.4byte	.LVL11-1
 1163 0089 0100     		.2byte	0x1
 1164 008b 52       		.byte	0x52
ARM GAS  C:\Users\allu9\AppData\Local\Temp\ccXNovjc.s 			page 23


 1165 008c 0D000000 		.4byte	.LVL11-1
 1166 0090 28000000 		.4byte	.LFE66
 1167 0094 0100     		.2byte	0x1
 1168 0096 54       		.byte	0x54
 1169 0097 00000000 		.4byte	0
 1170 009b 00000000 		.4byte	0
 1171              	.LLST5:
 1172 009f 00000000 		.4byte	.LVL16
 1173 00a3 0A000000 		.4byte	.LVL17
 1174 00a7 0100     		.2byte	0x1
 1175 00a9 50       		.byte	0x50
 1176 00aa 0A000000 		.4byte	.LVL17
 1177 00ae 28000000 		.4byte	.LFE67
 1178 00b2 0400     		.2byte	0x4
 1179 00b4 F3       		.byte	0xf3
 1180 00b5 01       		.uleb128 0x1
 1181 00b6 50       		.byte	0x50
 1182 00b7 9F       		.byte	0x9f
 1183 00b8 00000000 		.4byte	0
 1184 00bc 00000000 		.4byte	0
 1185              	.LLST6:
 1186 00c0 00000000 		.4byte	.LVL16
 1187 00c4 0D000000 		.4byte	.LVL18-1
 1188 00c8 0100     		.2byte	0x1
 1189 00ca 51       		.byte	0x51
 1190 00cb 0D000000 		.4byte	.LVL18-1
 1191 00cf 28000000 		.4byte	.LFE67
 1192 00d3 0400     		.2byte	0x4
 1193 00d5 F3       		.byte	0xf3
 1194 00d6 01       		.uleb128 0x1
 1195 00d7 51       		.byte	0x51
 1196 00d8 9F       		.byte	0x9f
 1197 00d9 00000000 		.4byte	0
 1198 00dd 00000000 		.4byte	0
 1199              	.LLST7:
 1200 00e1 00000000 		.4byte	.LVL16
 1201 00e5 0D000000 		.4byte	.LVL18-1
 1202 00e9 0100     		.2byte	0x1
 1203 00eb 52       		.byte	0x52
 1204 00ec 0D000000 		.4byte	.LVL18-1
 1205 00f0 28000000 		.4byte	.LFE67
 1206 00f4 0100     		.2byte	0x1
 1207 00f6 54       		.byte	0x54
 1208 00f7 00000000 		.4byte	0
 1209 00fb 00000000 		.4byte	0
 1210              	.LLST8:
 1211 00ff 00000000 		.4byte	.LVL23
 1212 0103 08000000 		.4byte	.LVL24
 1213 0107 0100     		.2byte	0x1
 1214 0109 50       		.byte	0x50
 1215 010a 08000000 		.4byte	.LVL24
 1216 010e 26000000 		.4byte	.LFE68
 1217 0112 0400     		.2byte	0x4
 1218 0114 F3       		.byte	0xf3
 1219 0115 01       		.uleb128 0x1
 1220 0116 50       		.byte	0x50
 1221 0117 9F       		.byte	0x9f
ARM GAS  C:\Users\allu9\AppData\Local\Temp\ccXNovjc.s 			page 24


 1222 0118 00000000 		.4byte	0
 1223 011c 00000000 		.4byte	0
 1224              	.LLST9:
 1225 0120 00000000 		.4byte	.LVL23
 1226 0124 0B000000 		.4byte	.LVL25-1
 1227 0128 0100     		.2byte	0x1
 1228 012a 51       		.byte	0x51
 1229 012b 0B000000 		.4byte	.LVL25-1
 1230 012f 26000000 		.4byte	.LFE68
 1231 0133 0100     		.2byte	0x1
 1232 0135 55       		.byte	0x55
 1233 0136 00000000 		.4byte	0
 1234 013a 00000000 		.4byte	0
 1235              	.LLST10:
 1236 013e 00000000 		.4byte	.LVL30
 1237 0142 0A000000 		.4byte	.LVL31
 1238 0146 0100     		.2byte	0x1
 1239 0148 50       		.byte	0x50
 1240 0149 0A000000 		.4byte	.LVL31
 1241 014d 28000000 		.4byte	.LFE69
 1242 0151 0400     		.2byte	0x4
 1243 0153 F3       		.byte	0xf3
 1244 0154 01       		.uleb128 0x1
 1245 0155 50       		.byte	0x50
 1246 0156 9F       		.byte	0x9f
 1247 0157 00000000 		.4byte	0
 1248 015b 00000000 		.4byte	0
 1249              	.LLST11:
 1250 015f 00000000 		.4byte	.LVL30
 1251 0163 0D000000 		.4byte	.LVL32-1
 1252 0167 0100     		.2byte	0x1
 1253 0169 51       		.byte	0x51
 1254 016a 0D000000 		.4byte	.LVL32-1
 1255 016e 28000000 		.4byte	.LFE69
 1256 0172 0100     		.2byte	0x1
 1257 0174 56       		.byte	0x56
 1258 0175 00000000 		.4byte	0
 1259 0179 00000000 		.4byte	0
 1260              	.LLST12:
 1261 017d 00000000 		.4byte	.LVL30
 1262 0181 0D000000 		.4byte	.LVL32-1
 1263 0185 0100     		.2byte	0x1
 1264 0187 52       		.byte	0x52
 1265 0188 0D000000 		.4byte	.LVL32-1
 1266 018c 28000000 		.4byte	.LFE69
 1267 0190 0400     		.2byte	0x4
 1268 0192 F3       		.byte	0xf3
 1269 0193 01       		.uleb128 0x1
 1270 0194 52       		.byte	0x52
 1271 0195 9F       		.byte	0x9f
 1272 0196 00000000 		.4byte	0
 1273 019a 00000000 		.4byte	0
 1274              	.LLST13:
 1275 019e 00000000 		.4byte	.LVL30
 1276 01a2 0D000000 		.4byte	.LVL32-1
 1277 01a6 0100     		.2byte	0x1
 1278 01a8 53       		.byte	0x53
ARM GAS  C:\Users\allu9\AppData\Local\Temp\ccXNovjc.s 			page 25


 1279 01a9 0D000000 		.4byte	.LVL32-1
 1280 01ad 28000000 		.4byte	.LFE69
 1281 01b1 0400     		.2byte	0x4
 1282 01b3 F3       		.byte	0xf3
 1283 01b4 01       		.uleb128 0x1
 1284 01b5 53       		.byte	0x53
 1285 01b6 9F       		.byte	0x9f
 1286 01b7 00000000 		.4byte	0
 1287 01bb 00000000 		.4byte	0
 1288              		.section	.debug_aranges,"",%progbits
 1289 0000 4C000000 		.4byte	0x4c
 1290 0004 0200     		.2byte	0x2
 1291 0006 00000000 		.4byte	.Ldebug_info0
 1292 000a 04       		.byte	0x4
 1293 000b 00       		.byte	0
 1294 000c 0000     		.2byte	0
 1295 000e 0000     		.2byte	0
 1296 0010 00000000 		.4byte	.LFB63
 1297 0014 08000000 		.4byte	.LFE63-.LFB63
 1298 0018 00000000 		.4byte	.LFB64
 1299 001c 08000000 		.4byte	.LFE64-.LFB64
 1300 0020 00000000 		.4byte	.LFB65
 1301 0024 26000000 		.4byte	.LFE65-.LFB65
 1302 0028 00000000 		.4byte	.LFB66
 1303 002c 28000000 		.4byte	.LFE66-.LFB66
 1304 0030 00000000 		.4byte	.LFB67
 1305 0034 28000000 		.4byte	.LFE67-.LFB67
 1306 0038 00000000 		.4byte	.LFB68
 1307 003c 26000000 		.4byte	.LFE68-.LFB68
 1308 0040 00000000 		.4byte	.LFB69
 1309 0044 28000000 		.4byte	.LFE69-.LFB69
 1310 0048 00000000 		.4byte	0
 1311 004c 00000000 		.4byte	0
 1312              		.section	.debug_ranges,"",%progbits
 1313              	.Ldebug_ranges0:
 1314 0000 00000000 		.4byte	.LFB63
 1315 0004 08000000 		.4byte	.LFE63
 1316 0008 00000000 		.4byte	.LFB64
 1317 000c 08000000 		.4byte	.LFE64
 1318 0010 00000000 		.4byte	.LFB65
 1319 0014 26000000 		.4byte	.LFE65
 1320 0018 00000000 		.4byte	.LFB66
 1321 001c 28000000 		.4byte	.LFE66
 1322 0020 00000000 		.4byte	.LFB67
 1323 0024 28000000 		.4byte	.LFE67
 1324 0028 00000000 		.4byte	.LFB68
 1325 002c 26000000 		.4byte	.LFE68
 1326 0030 00000000 		.4byte	.LFB69
 1327 0034 28000000 		.4byte	.LFE69
 1328 0038 00000000 		.4byte	0
 1329 003c 00000000 		.4byte	0
 1330              		.section	.debug_line,"",%progbits
 1331              	.Ldebug_line0:
 1332 0000 1E020000 		.section	.debug_str,"MS",%progbits,1
 1332      02009201 
 1332      00000201 
 1332      FB0E0D00 
ARM GAS  C:\Users\allu9\AppData\Local\Temp\ccXNovjc.s 			page 26


 1332      01010101 
 1333              	.LASF9:
 1334 0000 5F5F696E 		.ascii	"__int32_t\000"
 1334      7433325F 
 1334      7400
 1335              	.LASF27:
 1336 000a 6D6F746F 		.ascii	"motor_backward\000"
 1336      725F6261 
 1336      636B7761 
 1336      726400
 1337              	.LASF25:
 1338 0019 725F7370 		.ascii	"r_speed\000"
 1338      65656400 
 1339              	.LASF34:
 1340 0021 4D6F746F 		.ascii	"MotorDirRight_Write\000"
 1340      72446972 
 1340      52696768 
 1340      745F5772 
 1340      69746500 
 1341              	.LASF11:
 1342 0035 75696E74 		.ascii	"uint8\000"
 1342      3800
 1343              	.LASF10:
 1344 003b 696E7433 		.ascii	"int32_t\000"
 1344      325F7400 
 1345              	.LASF13:
 1346 0043 666C6F61 		.ascii	"float\000"
 1346      7400
 1347              	.LASF0:
 1348 0049 7369676E 		.ascii	"signed char\000"
 1348      65642063 
 1348      68617200 
 1349              	.LASF21:
 1350 0055 64656C61 		.ascii	"delay\000"
 1350      7900
 1351              	.LASF1:
 1352 005b 756E7369 		.ascii	"unsigned char\000"
 1352      676E6564 
 1352      20636861 
 1352      7200
 1353              	.LASF38:
 1354 0069 474E5520 		.ascii	"GNU C11 5.4.1 20160609 (release) [ARM/embedded-5-br"
 1354      43313120 
 1354      352E342E 
 1354      31203230 
 1354      31363036 
 1355 009c 616E6368 		.ascii	"anch revision 237715] -mcpu=cortex-m3 -mthumb -g -O"
 1355      20726576 
 1355      6973696F 
 1355      6E203233 
 1355      37373135 
 1356 00cf 67202D66 		.ascii	"g -ffunction-sections -ffat-lto-objects\000"
 1356      66756E63 
 1356      74696F6E 
 1356      2D736563 
 1356      74696F6E 
 1357              	.LASF5:
ARM GAS  C:\Users\allu9\AppData\Local\Temp\ccXNovjc.s 			page 27


 1358 00f7 6C6F6E67 		.ascii	"long unsigned int\000"
 1358      20756E73 
 1358      69676E65 
 1358      6420696E 
 1358      7400
 1359              	.LASF29:
 1360 0109 6C5F6469 		.ascii	"l_dir\000"
 1360      7200
 1361              	.LASF33:
 1362 010f 4D6F746F 		.ascii	"MotorDirLeft_Write\000"
 1362      72446972 
 1362      4C656674 
 1362      5F577269 
 1362      746500
 1363              	.LASF41:
 1364 0122 49544D5F 		.ascii	"ITM_RxBuffer\000"
 1364      52784275 
 1364      66666572 
 1364      00
 1365              	.LASF22:
 1366 012f 6D6F746F 		.ascii	"motor_forward\000"
 1366      725F666F 
 1366      72776172 
 1366      6400
 1367              	.LASF14:
 1368 013d 646F7562 		.ascii	"double\000"
 1368      6C6500
 1369              	.LASF19:
 1370 0144 6D6F746F 		.ascii	"motor_stop\000"
 1370      725F7374 
 1370      6F7000
 1371              	.LASF39:
 1372 014f 5A756D6F 		.ascii	"ZumoLibrary\\Motor.c\000"
 1372      4C696272 
 1372      6172795C 
 1372      4D6F746F 
 1372      722E6300 
 1373              	.LASF12:
 1374 0163 75696E74 		.ascii	"uint32\000"
 1374      333200
 1375              	.LASF28:
 1376 016a 6D6F746F 		.ascii	"motor_sharp_turn\000"
 1376      725F7368 
 1376      6172705F 
 1376      7475726E 
 1376      00
 1377              	.LASF8:
 1378 017b 756E7369 		.ascii	"unsigned int\000"
 1378      676E6564 
 1378      20696E74 
 1378      00
 1379              	.LASF24:
 1380 0188 6C5F7370 		.ascii	"l_speed\000"
 1380      65656400 
 1381              	.LASF7:
 1382 0190 6C6F6E67 		.ascii	"long long unsigned int\000"
 1382      206C6F6E 
ARM GAS  C:\Users\allu9\AppData\Local\Temp\ccXNovjc.s 			page 28


 1382      6720756E 
 1382      7369676E 
 1382      65642069 
 1383              	.LASF18:
 1384 01a7 6D6F746F 		.ascii	"motor_start\000"
 1384      725F7374 
 1384      61727400 
 1385              	.LASF35:
 1386 01b3 50574D5F 		.ascii	"PWM_WriteCompare1\000"
 1386      57726974 
 1386      65436F6D 
 1386      70617265 
 1386      3100
 1387              	.LASF36:
 1388 01c5 50574D5F 		.ascii	"PWM_WriteCompare2\000"
 1388      57726974 
 1388      65436F6D 
 1388      70617265 
 1388      3200
 1389              	.LASF30:
 1390 01d7 725F6469 		.ascii	"r_dir\000"
 1390      7200
 1391              	.LASF20:
 1392 01dd 73706565 		.ascii	"speed\000"
 1392      6400
 1393              	.LASF17:
 1394 01e3 73697A65 		.ascii	"sizetype\000"
 1394      74797065 
 1394      00
 1395              	.LASF26:
 1396 01ec 6D6F746F 		.ascii	"motor_turnb\000"
 1396      725F7475 
 1396      726E6200 
 1397              	.LASF3:
 1398 01f8 73686F72 		.ascii	"short unsigned int\000"
 1398      7420756E 
 1398      7369676E 
 1398      65642069 
 1398      6E7400
 1399              	.LASF6:
 1400 020b 6C6F6E67 		.ascii	"long long int\000"
 1400      206C6F6E 
 1400      6720696E 
 1400      7400
 1401              	.LASF15:
 1402 0219 63686172 		.ascii	"char\000"
 1402      00
 1403              	.LASF2:
 1404 021e 73686F72 		.ascii	"short int\000"
 1404      7420696E 
 1404      7400
 1405              	.LASF31:
 1406 0228 50574D5F 		.ascii	"PWM_Start\000"
 1406      53746172 
 1406      7400
 1407              	.LASF32:
 1408 0232 50574D5F 		.ascii	"PWM_Stop\000"
ARM GAS  C:\Users\allu9\AppData\Local\Temp\ccXNovjc.s 			page 29


 1408      53746F70 
 1408      00
 1409              	.LASF4:
 1410 023b 6C6F6E67 		.ascii	"long int\000"
 1410      20696E74 
 1410      00
 1411              	.LASF16:
 1412 0244 6C6F6E67 		.ascii	"long double\000"
 1412      20646F75 
 1412      626C6500 
 1413              	.LASF23:
 1414 0250 6D6F746F 		.ascii	"motor_turn\000"
 1414      725F7475 
 1414      726E00
 1415              	.LASF40:
 1416 025b 433A5C55 		.ascii	"C:\\Users\\allu9\\Tuomo\\ZumoTUOMO\\ZumoBot.cydsn\000"
 1416      73657273 
 1416      5C616C6C 
 1416      75395C54 
 1416      756F6D6F 
 1417              	.LASF37:
 1418 0288 43794465 		.ascii	"CyDelay\000"
 1418      6C617900 
 1419              		.ident	"GCC: (GNU Tools for ARM Embedded Processors) 5.4.1 20160609 (release) [ARM/embedded-5-bran
